This is cutadapt 4.0 with Python 3.9.12
Command line parameters: -g ACGTCTGGTTCAGGGTTGTT -a TACCCGCTGAACTTAAGCAT -G ATGCTTAAGTTCAGCGGGTA -A AACAACCCTGAACCAGACGT -n 2 --discard-untrimmed -o C:/Users/tsto3616/Lessons-learnt-amplicon-metabarcoding/Nemabiome_sequences/cutadapt/EF014L-3_S118_L001_R1_001.fastq.gz -p C:/Users/tsto3616/Lessons-learnt-amplicon-metabarcoding/Nemabiome_sequences/cutadapt/EF014L-3_S118_L001_R2_001.fastq.gz C:/Users/tsto3616/Lessons-learnt-amplicon-metabarcoding/Nemabiome_sequences/EF014L-3_S118_L001_R1_001.fastq.gz C:/Users/tsto3616/Lessons-learnt-amplicon-metabarcoding/Nemabiome_sequences/EF014L-3_S118_L001_R2_001.fastq.gz
Processing paired-end reads on 1 core ...
Finished in 2.90 s (83 µs/read; 0.73 M reads/minute).

=== Summary ===

Total read pairs processed:             35,020
  Read 1 with adapter:                  34,927 (99.7%)
  Read 2 with adapter:                  34,166 (97.6%)

== Read fate breakdown ==
Pairs discarded as untrimmed:              885 (2.5%)
Pairs written (passing filters):        34,135 (97.5%)

Total basepairs processed:    17,555,230 bp
  Read 1:     8,779,041 bp
  Read 2:     8,776,189 bp
Total written (filtered):     14,727,976 bp (83.9%)
  Read 1:     7,832,639 bp
  Read 2:     6,895,337 bp

=== First read: Adapter 1 ===

Sequence: ACGTCTGGTTCAGGGTTGTT; Type: regular 5'; Length: 20; Trimmed: 34926 times

Minimum overlap: 3
No. of allowed errors:
1-9 bp: 0; 10-19 bp: 1; 20 bp: 2

Overview of removed sequences
length	count	expect	max.err	error counts
13	2	0.0	1	2
18	4	0.0	1	1 0 3
19	161	0.0	1	23 134 4
20	12205	0.0	2	11870 322 13
21	8736	0.0	2	8493 239 4
22	5894	0.0	2	5688 203 3
23	7901	0.0	2	7693 202 6
24	23	0.0	2	19 4


=== First read: Adapter 2 ===

Sequence: TACCCGCTGAACTTAAGCAT; Type: regular 3'; Length: 20; Trimmed: 12 times

Minimum overlap: 3
No. of allowed errors:
1-9 bp: 0; 10-19 bp: 1; 20 bp: 2

Bases preceding removed adapters:
  A: 8.3%
  C: 41.7%
  G: 0.0%
  T: 50.0%
  none/other: 0.0%

Overview of removed sequences
length	count	expect	max.err	error counts
3	5	547.2	0	5
11	1	0.0	1	1
46	1	0.0	2	1
47	2	0.0	2	2
48	2	0.0	2	2
72	1	0.0	2	0 0 1


=== Second read: Adapter 3 ===

Sequence: ATGCTTAAGTTCAGCGGGTA; Type: regular 5'; Length: 20; Trimmed: 34123 times

Minimum overlap: 3
No. of allowed errors:
1-9 bp: 0; 10-19 bp: 1; 20 bp: 2

Overview of removed sequences
length	count	expect	max.err	error counts
3	5	547.2	0	5
5	1	34.2	0	1
20	1	0.0	2	0 1
21	3	0.0	2	3
22	1	0.0	2	1
23	1	0.0	2	1
38	2	0.0	2	2
39	1	0.0	2	1
40	1	0.0	2	1
42	3	0.0	2	2 1
43	4	0.0	2	4
44	3	0.0	2	2 1
45	8	0.0	2	7 1
46	56	0.0	2	37 18 1
47	7607	0.0	2	6967 582 58
48	8860	0.0	2	8074 710 76
49	8466	0.0	2	7689 701 76
50	8997	0.0	2	8229 704 64
51	28	0.0	2	24 3 1
52	1	0.0	2	0 0 1
77	1	0.0	2	0 0 1
78	1	0.0	2	0 1
80	1	0.0	2	0 1
82	3	0.0	2	0 1 2
83	1	0.0	2	0 1
87	6	0.0	2	0 3 3
88	9	0.0	2	1 3 5
89	19	0.0	2	1 3 15
90	10	0.0	2	0 2 8
91	10	0.0	2	2 3 5
92	2	0.0	2	0 1 1
93	3	0.0	2	0 2 1
94	1	0.0	2	0 1
101	2	0.0	2	2
103	2	0.0	2	1 1
104	1	0.0	2	0 0 1
106	1	0.0	2	1
109	1	0.0	2	1


=== Second read: Adapter 4 ===

Sequence: AACAACCCTGAACCAGACGT; Type: regular 3'; Length: 20; Trimmed: 623 times

Minimum overlap: 3
No. of allowed errors:
1-9 bp: 0; 10-19 bp: 1; 20 bp: 2

Bases preceding removed adapters:
  A: 93.4%
  C: 1.3%
  G: 3.9%
  T: 1.4%
  none/other: 0.0%
WARNING:
    The adapter is preceded by 'A' extremely often.
    The provided adapter sequence could be incomplete at its 5' end.
    Ignore this warning when trimming primers.

Overview of removed sequences
length	count	expect	max.err	error counts
3	5	547.2	0	5
4	561	136.8	0	561
5	33	34.2	0	33
20	9	0.0	2	9
21	6	0.0	2	5 1
22	3	0.0	2	3
23	4	0.0	2	4
116	1	0.0	2	1
163	1	0.0	2	1


WARNING:
    One or more of your adapter sequences may be incomplete.
    Please see the detailed output above.
