This is cutadapt 4.0 with Python 3.9.12
Command line parameters: -g ACGTCTGGTTCAGGGTTGTT -a TACCCGCTGAACTTAAGCAT -G ATGCTTAAGTTCAGCGGGTA -A AACAACCCTGAACCAGACGT -n 2 --discard-untrimmed -o C:/Users/tsto3616/Lessons-learnt-amplicon-metabarcoding/Nemabiome_sequences/cutadapt/EF014L-12_S114_L001_R1_001.fastq.gz -p C:/Users/tsto3616/Lessons-learnt-amplicon-metabarcoding/Nemabiome_sequences/cutadapt/EF014L-12_S114_L001_R2_001.fastq.gz C:/Users/tsto3616/Lessons-learnt-amplicon-metabarcoding/Nemabiome_sequences/EF014L-12_S114_L001_R1_001.fastq.gz C:/Users/tsto3616/Lessons-learnt-amplicon-metabarcoding/Nemabiome_sequences/EF014L-12_S114_L001_R2_001.fastq.gz
Processing paired-end reads on 1 core ...
Finished in 3.60 s (72 µs/read; 0.83 M reads/minute).

=== Summary ===

Total read pairs processed:             49,704
  Read 1 with adapter:                  49,580 (99.8%)
  Read 2 with adapter:                  48,482 (97.5%)

== Read fate breakdown ==
Pairs discarded as untrimmed:            1,275 (2.6%)
Pairs written (passing filters):        48,429 (97.4%)

Total basepairs processed:    24,920,097 bp
  Read 1:    12,466,059 bp
  Read 2:    12,454,038 bp
Total written (filtered):     22,207,559 bp (89.1%)
  Read 1:    11,114,207 bp
  Read 2:    11,093,352 bp

=== First read: Adapter 1 ===

Sequence: ACGTCTGGTTCAGGGTTGTT; Type: regular 5'; Length: 20; Trimmed: 49581 times

Minimum overlap: 3
No. of allowed errors:
1-9 bp: 0; 10-19 bp: 1; 20 bp: 2

Overview of removed sequences
length	count	expect	max.err	error counts
3	1	776.6	0	1
4	1	194.2	0	1
13	1	0.0	1	0 1
14	3	0.0	1	2 1
16	2	0.0	1	1 1
17	3	0.0	1	0 3
18	25	0.0	1	4 7 14
19	492	0.0	1	59 397 36
20	15285	0.0	2	14242 994 49
21	11432	0.0	2	10593 786 53
22	10760	0.0	2	9909 826 25
23	11477	0.0	2	10913 549 15
24	99	0.0	2	64 34 1


=== First read: Adapter 2 ===

Sequence: TACCCGCTGAACTTAAGCAT; Type: regular 3'; Length: 20; Trimmed: 17 times

Minimum overlap: 3
No. of allowed errors:
1-9 bp: 0; 10-19 bp: 1; 20 bp: 2

Bases preceding removed adapters:
  A: 5.9%
  C: 35.3%
  G: 35.3%
  T: 23.5%
  none/other: 0.0%

Overview of removed sequences
length	count	expect	max.err	error counts
3	9	776.6	0	9
4	1	194.2	0	1
21	1	0.0	2	1
22	3	0.0	2	1 2
23	3	0.0	2	3


=== Second read: Adapter 3 ===

Sequence: ATGCTTAAGTTCAGCGGGTA; Type: regular 5'; Length: 20; Trimmed: 48457 times

Minimum overlap: 3
No. of allowed errors:
1-9 bp: 0; 10-19 bp: 1; 20 bp: 2

Overview of removed sequences
length	count	expect	max.err	error counts
3	1	776.6	0	1
4	2	194.2	0	2
6	2	12.1	0	2
11	4	0.0	1	3 1
12	2	0.0	1	2
14	6	0.0	1	2 4
15	1	0.0	1	0 1
16	2	0.0	1	0 2
17	5	0.0	1	5
18	25	0.0	1	2 3 20
19	464	0.0	1	32 373 59
20	15190	0.0	2	11433 3338 419
21	11252	0.0	2	10383 793 76
22	8766	0.0	2	8087 606 73
23	12282	0.0	2	10976 1218 88
24	265	0.0	2	136 120 9
25	6	0.0	2	2 2 2
47	7	0.0	2	2 3 2
48	8	0.0	2	4 2 2
49	6	0.0	2	2 2 2
50	5	0.0	2	3 1 1
51	4	0.0	2	1 1 2
52	3	0.0	2	1 0 2
53	7	0.0	2	1 4 2
54	7	0.0	2	1 3 3
55	6	0.0	2	0 1 5
56	5	0.0	2	0 0 5
57	9	0.0	2	0 5 4
58	11	0.0	2	3 5 3
59	15	0.0	2	3 2 10
60	5	0.0	2	1 3 1
61	14	0.0	2	3 4 7
62	20	0.0	2	0 7 13
63	14	0.0	2	1 7 6
64	14	0.0	2	3 3 8
65	3	0.0	2	1 0 2
66	8	0.0	2	0 3 5
67	8	0.0	2	0 4 4
68	2	0.0	2	0 1 1
85	1	0.0	2	1


=== Second read: Adapter 4 ===

Sequence: AACAACCCTGAACCAGACGT; Type: regular 3'; Length: 20; Trimmed: 539 times

Minimum overlap: 3
No. of allowed errors:
1-9 bp: 0; 10-19 bp: 1; 20 bp: 2

Bases preceding removed adapters:
  A: 91.3%
  C: 2.0%
  G: 3.5%
  T: 3.2%
  none/other: 0.0%
WARNING:
    The adapter is preceded by 'A' extremely often.
    The provided adapter sequence could be incomplete at its 5' end.
    Ignore this warning when trimming primers.

Overview of removed sequences
length	count	expect	max.err	error counts
3	21	776.6	0	21
4	477	194.2	0	477
5	32	48.5	0	32
7	1	3.0	0	1
12	1	0.0	1	0 1
20	1	0.0	2	1
21	1	0.0	2	1
22	2	0.0	2	2
23	1	0.0	2	1
68	1	0.0	2	1
69	1	0.0	2	1


WARNING:
    One or more of your adapter sequences may be incomplete.
    Please see the detailed output above.
