This is cutadapt 4.0 with Python 3.9.12
Command line parameters: -g ACGTCTGGTTCAGGGTTGTT -a TACCCGCTGAACTTAAGCAT -G ATGCTTAAGTTCAGCGGGTA -A AACAACCCTGAACCAGACGT -n 2 --discard-untrimmed -o C:/Users/tsto3616/Lessons-learnt-amplicon-metabarcoding/Nemabiome_sequences/cutadapt/EF016L-5_S148_L001_R1_001.fastq.gz -p C:/Users/tsto3616/Lessons-learnt-amplicon-metabarcoding/Nemabiome_sequences/cutadapt/EF016L-5_S148_L001_R2_001.fastq.gz C:/Users/tsto3616/Lessons-learnt-amplicon-metabarcoding/Nemabiome_sequences/EF016L-5_S148_L001_R1_001.fastq.gz C:/Users/tsto3616/Lessons-learnt-amplicon-metabarcoding/Nemabiome_sequences/EF016L-5_S148_L001_R2_001.fastq.gz
Processing paired-end reads on 1 core ...
Finished in 2.13 s (60 µs/read; 1.00 M reads/minute).

=== Summary ===

Total read pairs processed:             35,373
  Read 1 with adapter:                  35,281 (99.7%)
  Read 2 with adapter:                  34,499 (97.5%)

== Read fate breakdown ==
Pairs discarded as untrimmed:              912 (2.6%)
Pairs written (passing filters):        34,461 (97.4%)

Total basepairs processed:    17,742,250 bp
  Read 1:     8,874,960 bp
  Read 2:     8,867,290 bp
Total written (filtered):     14,878,901 bp (83.9%)
  Read 1:     7,914,303 bp
  Read 2:     6,964,598 bp

=== First read: Adapter 1 ===

Sequence: ACGTCTGGTTCAGGGTTGTT; Type: regular 5'; Length: 20; Trimmed: 35281 times

Minimum overlap: 3
No. of allowed errors:
1-9 bp: 0; 10-19 bp: 1; 20 bp: 2

Overview of removed sequences
length	count	expect	max.err	error counts
3	43	552.7	0	43
8	1	0.5	0	1
15	1	0.0	1	1
16	1	0.0	1	1
17	1	0.0	1	1
18	5	0.0	1	1 1 3
19	166	0.0	1	35 121 10
20	12341	0.0	2	11979 349 13
21	8722	0.0	2	8452 261 9
22	5859	0.0	2	5641 212 6
23	8122	0.0	2	7899 217 6
24	18	0.0	2	12 5 1
25	1	0.0	2	1


=== First read: Adapter 2 ===

Sequence: TACCCGCTGAACTTAAGCAT; Type: regular 3'; Length: 20; Trimmed: 7 times

Minimum overlap: 3
No. of allowed errors:
1-9 bp: 0; 10-19 bp: 1; 20 bp: 2

Bases preceding removed adapters:
  A: 0.0%
  C: 14.3%
  G: 0.0%
  T: 85.7%
  none/other: 0.0%

Overview of removed sequences
length	count	expect	max.err	error counts
3	1	552.7	0	1
11	2	0.0	1	2
20	1	0.0	2	1
46	1	0.0	2	1
48	1	0.0	2	1
50	1	0.0	2	1


=== Second read: Adapter 3 ===

Sequence: ATGCTTAAGTTCAGCGGGTA; Type: regular 5'; Length: 20; Trimmed: 34476 times

Minimum overlap: 3
No. of allowed errors:
1-9 bp: 0; 10-19 bp: 1; 20 bp: 2

Overview of removed sequences
length	count	expect	max.err	error counts
3	13	552.7	0	13
5	1	34.5	0	1
6	1	8.6	0	1
20	4	0.0	2	2 1 1
21	5	0.0	2	5
23	5	0.0	2	1 2 2
35	1	0.0	2	1
39	1	0.0	2	1
40	2	0.0	2	2
41	1	0.0	2	1
42	3	0.0	2	3
43	1	0.0	2	1
44	2	0.0	2	1 1
45	3	0.0	2	3
46	52	0.0	2	41 10 1
47	7525	0.0	2	6933 503 89
48	9265	0.0	2	8568 606 91
49	8675	0.0	2	7986 602 87
50	8813	0.0	2	8194 556 63
51	28	0.0	2	25 3
78	1	0.0	2	0 0 1
80	1	0.0	2	0 1
81	1	0.0	2	0 0 1
82	3	0.0	2	2 0 1
83	1	0.0	2	0 0 1
84	1	0.0	2	0 0 1
87	10	0.0	2	1 3 6
88	17	0.0	2	4 5 8
89	14	0.0	2	1 4 9
90	4	0.0	2	0 0 4
91	9	0.0	2	0 2 7
92	8	0.0	2	1 2 5
93	3	0.0	2	0 2 1
94	2	0.0	2	0 0 2


=== Second read: Adapter 4 ===

Sequence: AACAACCCTGAACCAGACGT; Type: regular 3'; Length: 20; Trimmed: 534 times

Minimum overlap: 3
No. of allowed errors:
1-9 bp: 0; 10-19 bp: 1; 20 bp: 2

Bases preceding removed adapters:
  A: 95.5%
  C: 1.5%
  G: 1.9%
  T: 1.1%
  none/other: 0.0%
WARNING:
    The adapter is preceded by 'A' extremely often.
    The provided adapter sequence could be incomplete at its 5' end.
    Ignore this warning when trimming primers.

Overview of removed sequences
length	count	expect	max.err	error counts
3	1	552.7	0	1
4	476	138.2	0	476
5	47	34.5	0	47
7	1	2.2	0	1
19	1	0.0	1	1
20	3	0.0	2	3
21	1	0.0	2	1
22	1	0.0	2	1
23	2	0.0	2	2
162	1	0.0	2	1


WARNING:
    One or more of your adapter sequences may be incomplete.
    Please see the detailed output above.
