This is cutadapt 4.0 with Python 3.9.12
Command line parameters: -g ACGTCTGGTTCAGGGTTGTT -a TACCCGCTGAACTTAAGCAT -G ATGCTTAAGTTCAGCGGGTA -A AACAACCCTGAACCAGACGT -n 2 --discard-untrimmed -o C:/Users/tsto3616/Lessons-learnt-amplicon-metabarcoding/Nemabiome_sequences/cutadapt/EF016L-3_S146_L001_R1_001.fastq.gz -p C:/Users/tsto3616/Lessons-learnt-amplicon-metabarcoding/Nemabiome_sequences/cutadapt/EF016L-3_S146_L001_R2_001.fastq.gz C:/Users/tsto3616/Lessons-learnt-amplicon-metabarcoding/Nemabiome_sequences/EF016L-3_S146_L001_R1_001.fastq.gz C:/Users/tsto3616/Lessons-learnt-amplicon-metabarcoding/Nemabiome_sequences/EF016L-3_S146_L001_R2_001.fastq.gz
Processing paired-end reads on 1 core ...
Finished in 2.00 s (55 µs/read; 1.09 M reads/minute).

=== Summary ===

Total read pairs processed:             36,233
  Read 1 with adapter:                  36,145 (99.8%)
  Read 2 with adapter:                  35,321 (97.5%)

== Read fate breakdown ==
Pairs discarded as untrimmed:              948 (2.6%)
Pairs written (passing filters):        35,285 (97.4%)

Total basepairs processed:    18,176,677 bp
  Read 1:     9,091,732 bp
  Read 2:     9,084,945 bp
Total written (filtered):     15,236,195 bp (83.8%)
  Read 1:     8,104,004 bp
  Read 2:     7,132,191 bp

=== First read: Adapter 1 ===

Sequence: ACGTCTGGTTCAGGGTTGTT; Type: regular 5'; Length: 20; Trimmed: 36146 times

Minimum overlap: 3
No. of allowed errors:
1-9 bp: 0; 10-19 bp: 1; 20 bp: 2

Overview of removed sequences
length	count	expect	max.err	error counts
3	1	566.1	0	1
9	1	0.1	0	1
13	1	0.0	1	1
14	1	0.0	1	0 1
17	2	0.0	1	1 1
18	7	0.0	1	1 0 6
19	158	0.0	1	35 117 6
20	12178	0.0	2	11796 373 9
21	9070	0.0	2	8803 257 10
22	6232	0.0	2	6016 206 10
23	8470	0.0	2	8269 196 5
24	25	0.0	2	16 9


=== First read: Adapter 2 ===

Sequence: TACCCGCTGAACTTAAGCAT; Type: regular 3'; Length: 20; Trimmed: 2 times

Minimum overlap: 3
No. of allowed errors:
1-9 bp: 0; 10-19 bp: 1; 20 bp: 2

Bases preceding removed adapters:
  A: 50.0%
  C: 0.0%
  G: 0.0%
  T: 50.0%
  none/other: 0.0%

Overview of removed sequences
length	count	expect	max.err	error counts
3	1	566.1	0	1
14	1	0.0	1	1


=== Second read: Adapter 3 ===

Sequence: ATGCTTAAGTTCAGCGGGTA; Type: regular 5'; Length: 20; Trimmed: 35294 times

Minimum overlap: 3
No. of allowed errors:
1-9 bp: 0; 10-19 bp: 1; 20 bp: 2

Overview of removed sequences
length	count	expect	max.err	error counts
3	10	566.1	0	10
20	1	0.0	2	1
21	7	0.0	2	4 1 2
22	5	0.0	2	4 0 1
23	3	0.0	2	2 0 1
39	1	0.0	2	1
40	2	0.0	2	2
41	1	0.0	2	1
42	4	0.0	2	4
43	4	0.0	2	4
44	2	0.0	2	2
45	7	0.0	2	7
46	70	0.0	2	53 13 4
47	7621	0.0	2	6985 553 83
48	9403	0.0	2	8571 741 91
49	8793	0.0	2	8066 657 70
50	9239	0.0	2	8511 651 77
51	41	0.0	2	32 5 4
72	1	0.0	2	1
74	1	0.0	2	0 0 1
80	1	0.0	2	0 1
82	2	0.0	2	0 1 1
84	1	0.0	2	1
85	1	0.0	2	0 0 1
86	7	0.0	2	0 4 3
87	5	0.0	2	1 1 3
88	17	0.0	2	0 2 15
89	10	0.0	2	0 4 6
90	7	0.0	2	2 2 3
91	9	0.0	2	1 3 5
92	8	0.0	2	2 3 3
93	5	0.0	2	0 1 4
94	3	0.0	2	1 0 2
97	1	0.0	2	1
104	1	0.0	2	1


=== Second read: Adapter 4 ===

Sequence: AACAACCCTGAACCAGACGT; Type: regular 3'; Length: 20; Trimmed: 529 times

Minimum overlap: 3
No. of allowed errors:
1-9 bp: 0; 10-19 bp: 1; 20 bp: 2

Bases preceding removed adapters:
  A: 97.2%
  C: 0.4%
  G: 1.5%
  T: 0.9%
  none/other: 0.0%
WARNING:
    The adapter is preceded by 'A' extremely often.
    The provided adapter sequence could be incomplete at its 5' end.
    Ignore this warning when trimming primers.

Overview of removed sequences
length	count	expect	max.err	error counts
3	4	566.1	0	4
4	482	141.5	0	482
5	42	35.4	0	42
9	1	0.1	0	0 1


WARNING:
    One or more of your adapter sequences may be incomplete.
    Please see the detailed output above.
