This is cutadapt 4.0 with Python 3.9.12
Command line parameters: -g ACGTCTGGTTCAGGGTTGTT -a TACCCGCTGAACTTAAGCAT -G ATGCTTAAGTTCAGCGGGTA -A AACAACCCTGAACCAGACGT -n 2 --discard-untrimmed -o C:/Users/tsto3616/Lessons-learnt-amplicon-metabarcoding/Nemabiome_sequences/cutadapt/EF014L-11_S113_L001_R1_001.fastq.gz -p C:/Users/tsto3616/Lessons-learnt-amplicon-metabarcoding/Nemabiome_sequences/cutadapt/EF014L-11_S113_L001_R2_001.fastq.gz C:/Users/tsto3616/Lessons-learnt-amplicon-metabarcoding/Nemabiome_sequences/EF014L-11_S113_L001_R1_001.fastq.gz C:/Users/tsto3616/Lessons-learnt-amplicon-metabarcoding/Nemabiome_sequences/EF014L-11_S113_L001_R2_001.fastq.gz
Processing paired-end reads on 1 core ...
Finished in 2.85 s (61 µs/read; 0.99 M reads/minute).

=== Summary ===

Total read pairs processed:             47,053
  Read 1 with adapter:                  46,905 (99.7%)
  Read 2 with adapter:                  45,834 (97.4%)

== Read fate breakdown ==
Pairs discarded as untrimmed:            1,275 (2.7%)
Pairs written (passing filters):        45,778 (97.3%)

Total basepairs processed:    23,589,163 bp
  Read 1:    11,801,183 bp
  Read 2:    11,787,980 bp
Total written (filtered):     20,990,186 bp (89.0%)
  Read 1:    10,506,248 bp
  Read 2:    10,483,938 bp

=== First read: Adapter 1 ===

Sequence: ACGTCTGGTTCAGGGTTGTT; Type: regular 5'; Length: 20; Trimmed: 46907 times

Minimum overlap: 3
No. of allowed errors:
1-9 bp: 0; 10-19 bp: 1; 20 bp: 2

Overview of removed sequences
length	count	expect	max.err	error counts
3	1	735.2	0	1
5	1	46.0	0	1
11	1	0.0	1	0 1
13	1	0.0	1	0 1
14	1	0.0	1	1
16	3	0.0	1	2 1
18	24	0.0	1	0 3 21
19	480	0.0	1	42 411 27
20	14208	0.0	2	13096 1054 58
21	10959	0.0	2	10053 847 59
22	10237	0.0	2	9343 859 35
23	10894	0.0	2	10358 520 16
24	95	0.0	2	63 31 1
55	1	0.0	2	1
56	1	0.0	2	1


=== First read: Adapter 2 ===

Sequence: TACCCGCTGAACTTAAGCAT; Type: regular 3'; Length: 20; Trimmed: 13 times

Minimum overlap: 3
No. of allowed errors:
1-9 bp: 0; 10-19 bp: 1; 20 bp: 2

Bases preceding removed adapters:
  A: 0.0%
  C: 23.1%
  G: 69.2%
  T: 7.7%
  none/other: 0.0%

Overview of removed sequences
length	count	expect	max.err	error counts
3	1	735.2	0	1
10	1	0.0	1	1
20	1	0.0	2	1
22	3	0.0	2	0 3
23	5	0.0	2	4 1
24	1	0.0	2	0 1
31	1	0.0	2	1


=== Second read: Adapter 3 ===

Sequence: ATGCTTAAGTTCAGCGGGTA; Type: regular 5'; Length: 20; Trimmed: 45808 times

Minimum overlap: 3
No. of allowed errors:
1-9 bp: 0; 10-19 bp: 1; 20 bp: 2

Overview of removed sequences
length	count	expect	max.err	error counts
3	8	735.2	0	8
4	2	183.8	0	2
6	1	11.5	0	1
11	3	0.0	1	2 1
12	2	0.0	1	2
13	2	0.0	1	1 1
14	5	0.0	1	2 3
15	3	0.0	1	0 3
16	3	0.0	1	1 2
17	11	0.0	1	9 2
18	31	0.0	1	0 3 28
19	417	0.0	1	22 339 56
20	13858	0.0	2	10544 2959 355
21	10588	0.0	2	9659 852 77
22	8392	0.0	2	7674 658 60
23	11969	0.0	2	10613 1249 107
24	278	0.0	2	136 131 11
25	13	0.0	2	2 6 5
46	1	0.0	2	0 0 1
47	6	0.0	2	3 2 1
48	2	0.0	2	0 0 2
49	7	0.0	2	1 4 2
50	5	0.0	2	2 2 1
51	5	0.0	2	1 0 4
52	9	0.0	2	3 1 5
53	3	0.0	2	1 0 2
54	10	0.0	2	3 1 6
55	6	0.0	2	2 1 3
56	8	0.0	2	0 3 5
57	15	0.0	2	3 7 5
58	11	0.0	2	1 3 7
59	18	0.0	2	3 4 11
60	12	0.0	2	2 4 6
61	16	0.0	2	0 9 7
62	18	0.0	2	1 9 8
63	11	0.0	2	0 3 8
64	18	0.0	2	2 4 12
65	20	0.0	2	1 6 13
66	8	0.0	2	1 3 4
67	10	0.0	2	1 5 4
68	1	0.0	2	1
85	1	0.0	2	0 0 1
86	1	0.0	2	0 0 1


=== Second read: Adapter 4 ===

Sequence: AACAACCCTGAACCAGACGT; Type: regular 3'; Length: 20; Trimmed: 470 times

Minimum overlap: 3
No. of allowed errors:
1-9 bp: 0; 10-19 bp: 1; 20 bp: 2

Bases preceding removed adapters:
  A: 90.2%
  C: 1.9%
  G: 3.8%
  T: 4.0%
  none/other: 0.0%
WARNING:
    The adapter is preceded by 'A' extremely often.
    The provided adapter sequence could be incomplete at its 5' end.
    Ignore this warning when trimming primers.

Overview of removed sequences
length	count	expect	max.err	error counts
3	24	735.2	0	24
4	400	183.8	0	400
5	35	46.0	0	35
12	2	0.0	1	1 1
20	1	0.0	2	1
21	4	0.0	2	4
22	2	0.0	2	1 0 1
23	1	0.0	2	1
69	1	0.0	2	1


WARNING:
    One or more of your adapter sequences may be incomplete.
    Please see the detailed output above.
