This is cutadapt 4.0 with Python 3.9.12
Command line parameters: -g ACGTCTGGTTCAGGGTTGTT -a TACCCGCTGAACTTAAGCAT -G ATGCTTAAGTTCAGCGGGTA -A AACAACCCTGAACCAGACGT -n 2 --discard-untrimmed -o C:/Users/tsto3616/Lessons-learnt-amplicon-metabarcoding/Nemabiome_sequences/cutadapt/EF013L-1_S97_L001_R1_001.fastq.gz -p C:/Users/tsto3616/Lessons-learnt-amplicon-metabarcoding/Nemabiome_sequences/cutadapt/EF013L-1_S97_L001_R2_001.fastq.gz C:/Users/tsto3616/Lessons-learnt-amplicon-metabarcoding/Nemabiome_sequences/EF013L-1_S97_L001_R1_001.fastq.gz C:/Users/tsto3616/Lessons-learnt-amplicon-metabarcoding/Nemabiome_sequences/EF013L-1_S97_L001_R2_001.fastq.gz
Processing paired-end reads on 1 core ...
Finished in 2.68 s (68 µs/read; 0.88 M reads/minute).

=== Summary ===

Total read pairs processed:             39,241
  Read 1 with adapter:                  39,106 (99.7%)
  Read 2 with adapter:                  38,318 (97.6%)

== Read fate breakdown ==
Pairs discarded as untrimmed:              977 (2.5%)
Pairs written (passing filters):        38,264 (97.5%)

Total basepairs processed:    19,667,652 bp
  Read 1:     9,837,463 bp
  Read 2:     9,830,189 bp
Total written (filtered):     17,543,345 bp (89.2%)
  Read 1:     8,778,463 bp
  Read 2:     8,764,882 bp

=== First read: Adapter 1 ===

Sequence: ACGTCTGGTTCAGGGTTGTT; Type: regular 5'; Length: 20; Trimmed: 39103 times

Minimum overlap: 3
No. of allowed errors:
1-9 bp: 0; 10-19 bp: 1; 20 bp: 2

Overview of removed sequences
length	count	expect	max.err	error counts
10	1	0.0	1	0 1
11	1	0.0	1	1
13	1	0.0	1	1
16	2	0.0	1	1 1
17	1	0.0	1	1
18	17	0.0	1	1 4 12
19	380	0.0	1	37 304 39
20	12140	0.0	2	11201 892 47
21	9063	0.0	2	8366 670 27
22	8413	0.0	2	7712 673 28
23	9010	0.0	2	8577 415 18
24	71	0.0	2	48 23
25	2	0.0	2	2
53	1	0.0	2	1


=== First read: Adapter 2 ===

Sequence: TACCCGCTGAACTTAAGCAT; Type: regular 3'; Length: 20; Trimmed: 25 times

Minimum overlap: 3
No. of allowed errors:
1-9 bp: 0; 10-19 bp: 1; 20 bp: 2

Bases preceding removed adapters:
  A: 12.0%
  C: 44.0%
  G: 36.0%
  T: 8.0%
  none/other: 0.0%

Overview of removed sequences
length	count	expect	max.err	error counts
3	8	613.1	0	8
20	4	0.0	2	3 1
21	1	0.0	2	1
22	3	0.0	2	1 2
23	6	0.0	2	6
31	1	0.0	2	1
33	1	0.0	2	1
34	1	0.0	2	0 1


=== Second read: Adapter 3 ===

Sequence: ATGCTTAAGTTCAGCGGGTA; Type: regular 5'; Length: 20; Trimmed: 38294 times

Minimum overlap: 3
No. of allowed errors:
1-9 bp: 0; 10-19 bp: 1; 20 bp: 2

Overview of removed sequences
length	count	expect	max.err	error counts
3	3	613.1	0	3
12	3	0.0	1	2 1
14	1	0.0	1	0 1
16	4	0.0	1	1 3
17	8	0.0	1	3 5
18	27	0.0	1	3 3 21
19	406	0.0	1	35 325 46
20	11504	0.0	2	8900 2321 283
21	8929	0.0	2	8150 720 59
22	7006	0.0	2	6427 533 46
23	10091	0.0	2	8906 1078 107
24	231	0.0	2	106 116 9
25	2	0.0	2	0 0 2
47	6	0.0	2	3 1 2
48	4	0.0	2	1 2 1
49	2	0.0	2	2
50	10	0.0	2	5 2 3
52	1	0.0	2	0 0 1
55	2	0.0	2	0 1 1
56	3	0.0	2	0 1 2
57	5	0.0	2	1 1 3
58	3	0.0	2	0 0 3
59	5	0.0	2	0 1 4
60	2	0.0	2	0 1 1
61	10	0.0	2	0 7 3
62	9	0.0	2	0 2 7
63	3	0.0	2	0 0 3
64	4	0.0	2	1 1 2
65	5	0.0	2	0 4 1
66	3	0.0	2	0 1 2
67	1	0.0	2	0 0 1
92	1	0.0	2	0 1


=== Second read: Adapter 4 ===

Sequence: AACAACCCTGAACCAGACGT; Type: regular 3'; Length: 20; Trimmed: 248 times

Minimum overlap: 3
No. of allowed errors:
1-9 bp: 0; 10-19 bp: 1; 20 bp: 2

Bases preceding removed adapters:
  A: 87.9%
  C: 4.0%
  G: 3.2%
  T: 4.8%
  none/other: 0.0%
WARNING:
    The adapter is preceded by 'A' extremely often.
    The provided adapter sequence could be incomplete at its 5' end.
    Ignore this warning when trimming primers.

Overview of removed sequences
length	count	expect	max.err	error counts
3	17	613.1	0	17
4	195	153.3	0	195
5	24	38.3	0	24
20	3	0.0	2	2 1
21	2	0.0	2	2
22	4	0.0	2	3 0 1
23	3	0.0	2	1 1 1


WARNING:
    One or more of your adapter sequences may be incomplete.
    Please see the detailed output above.
