This is cutadapt 4.0 with Python 3.9.12
Command line parameters: -g ACGTCTGGTTCAGGGTTGTT -a TACCCGCTGAACTTAAGCAT -G ATGCTTAAGTTCAGCGGGTA -A AACAACCCTGAACCAGACGT -n 2 --discard-untrimmed -o C:/Users/tsto3616/Lessons-learnt-amplicon-metabarcoding/Nemabiome_sequences/cutadapt/EF017L-5_S162_L001_R1_001.fastq.gz -p C:/Users/tsto3616/Lessons-learnt-amplicon-metabarcoding/Nemabiome_sequences/cutadapt/EF017L-5_S162_L001_R2_001.fastq.gz C:/Users/tsto3616/Lessons-learnt-amplicon-metabarcoding/Nemabiome_sequences/EF017L-5_S162_L001_R1_001.fastq.gz C:/Users/tsto3616/Lessons-learnt-amplicon-metabarcoding/Nemabiome_sequences/EF017L-5_S162_L001_R2_001.fastq.gz
Processing paired-end reads on 1 core ...
Finished in 3.17 s (69 µs/read; 0.87 M reads/minute).

=== Summary ===

Total read pairs processed:             46,113
  Read 1 with adapter:                  46,028 (99.8%)
  Read 2 with adapter:                  45,181 (98.0%)

== Read fate breakdown ==
Pairs discarded as untrimmed:              958 (2.1%)
Pairs written (passing filters):        45,155 (97.9%)

Total basepairs processed:    23,110,996 bp
  Read 1:    11,549,703 bp
  Read 2:    11,561,293 bp
Total written (filtered):     19,472,614 bp (84.3%)
  Read 1:    10,351,398 bp
  Read 2:     9,121,216 bp

=== First read: Adapter 1 ===

Sequence: ACGTCTGGTTCAGGGTTGTT; Type: regular 5'; Length: 20; Trimmed: 46026 times

Minimum overlap: 3
No. of allowed errors:
1-9 bp: 0; 10-19 bp: 1; 20 bp: 2

Overview of removed sequences
length	count	expect	max.err	error counts
3	1	720.5	0	1
4	1	180.1	0	1
14	1	0.0	1	1
17	2	0.0	1	0 2
18	16	0.0	1	3 2 11
19	187	0.0	1	39 141 7
20	16081	0.0	2	15652 414 15
21	11844	0.0	2	11533 300 11
22	7639	0.0	2	7369 257 13
23	10229	0.0	2	9983 233 13
24	25	0.0	2	16 9


=== First read: Adapter 2 ===

Sequence: TACCCGCTGAACTTAAGCAT; Type: regular 3'; Length: 20; Trimmed: 31 times

Minimum overlap: 3
No. of allowed errors:
1-9 bp: 0; 10-19 bp: 1; 20 bp: 2

Bases preceding removed adapters:
  A: 3.2%
  C: 64.5%
  G: 6.5%
  T: 25.8%
  none/other: 0.0%

Overview of removed sequences
length	count	expect	max.err	error counts
3	23	720.5	0	23
6	1	11.3	0	1
11	1	0.0	1	1
14	2	0.0	1	1 1
47	1	0.0	2	1
48	3	0.0	2	3


=== Second read: Adapter 3 ===

Sequence: ATGCTTAAGTTCAGCGGGTA; Type: regular 5'; Length: 20; Trimmed: 45165 times

Minimum overlap: 3
No. of allowed errors:
1-9 bp: 0; 10-19 bp: 1; 20 bp: 2

Overview of removed sequences
length	count	expect	max.err	error counts
3	11	720.5	0	11
4	5	180.1	0	5
5	1	45.0	0	1
20	2	0.0	2	0 2
21	3	0.0	2	1 1 1
22	1	0.0	2	0 0 1
23	4	0.0	2	1 1 2
38	1	0.0	2	1
40	2	0.0	2	2
42	1	0.0	2	1
43	4	0.0	2	3 1
44	5	0.0	2	5
45	8	0.0	2	7 1
46	44	0.0	2	37 4 3
47	9758	0.0	2	8918 744 96
48	12122	0.0	2	11116 877 129
49	11202	0.0	2	10339 761 102
50	11751	0.0	2	10837 825 89
51	34	0.0	2	27 5 2
58	1	0.0	2	0 0 1
75	1	0.0	2	1
77	1	0.0	2	0 0 1
78	1	0.0	2	1
81	1	0.0	2	0 1
82	4	0.0	2	1 2 1
83	5	0.0	2	1 3 1
84	7	0.0	2	2 4 1
85	3	0.0	2	0 1 2
86	5	0.0	2	2 3
87	13	0.0	2	2 5 6
88	33	0.0	2	4 17 12
89	38	0.0	2	3 12 23
90	27	0.0	2	5 7 15
91	30	0.0	2	2 12 16
92	18	0.0	2	1 8 9
93	7	0.0	2	1 4 2
94	8	0.0	2	3 3 2
95	1	0.0	2	0 1
102	1	0.0	2	0 0 1
211	1	0.0	2	1


=== Second read: Adapter 4 ===

Sequence: AACAACCCTGAACCAGACGT; Type: regular 3'; Length: 20; Trimmed: 334 times

Minimum overlap: 3
No. of allowed errors:
1-9 bp: 0; 10-19 bp: 1; 20 bp: 2

Bases preceding removed adapters:
  A: 90.1%
  C: 0.9%
  G: 5.7%
  T: 3.3%
  none/other: 0.0%
WARNING:
    The adapter is preceded by 'A' extremely often.
    The provided adapter sequence could be incomplete at its 5' end.
    Ignore this warning when trimming primers.

Overview of removed sequences
length	count	expect	max.err	error counts
3	2	720.5	0	2
4	309	180.1	0	309
5	15	45.0	0	15
20	5	0.0	2	4 1
21	3	0.0	2	2 0 1


WARNING:
    One or more of your adapter sequences may be incomplete.
    Please see the detailed output above.
