This is cutadapt 4.0 with Python 3.9.12
Command line parameters: -g ACGTCTGGTTCAGGGTTGTT -a TACCCGCTGAACTTAAGCAT -G ATGCTTAAGTTCAGCGGGTA -A AACAACCCTGAACCAGACGT -n 2 --discard-untrimmed -o C:/Users/tsto3616/Lessons-learnt-amplicon-metabarcoding/Nemabiome_sequences/cutadapt/EF015L-7_S136_L001_R1_001.fastq.gz -p C:/Users/tsto3616/Lessons-learnt-amplicon-metabarcoding/Nemabiome_sequences/cutadapt/EF015L-7_S136_L001_R2_001.fastq.gz C:/Users/tsto3616/Lessons-learnt-amplicon-metabarcoding/Nemabiome_sequences/EF015L-7_S136_L001_R1_001.fastq.gz C:/Users/tsto3616/Lessons-learnt-amplicon-metabarcoding/Nemabiome_sequences/EF015L-7_S136_L001_R2_001.fastq.gz
Processing paired-end reads on 1 core ...
Finished in 2.68 s (59 µs/read; 1.01 M reads/minute).

=== Summary ===

Total read pairs processed:             45,132
  Read 1 with adapter:                  45,031 (99.8%)
  Read 2 with adapter:                  44,332 (98.2%)

== Read fate breakdown ==
Pairs discarded as untrimmed:              847 (1.9%)
Pairs written (passing filters):        44,285 (98.1%)

Total basepairs processed:    22,614,658 bp
  Read 1:    11,311,620 bp
  Read 2:    11,303,038 bp
Total written (filtered):     20,299,168 bp (89.8%)
  Read 1:    10,156,689 bp
  Read 2:    10,142,479 bp

=== First read: Adapter 1 ===

Sequence: ACGTCTGGTTCAGGGTTGTT; Type: regular 5'; Length: 20; Trimmed: 45022 times

Minimum overlap: 3
No. of allowed errors:
1-9 bp: 0; 10-19 bp: 1; 20 bp: 2

Overview of removed sequences
length	count	expect	max.err	error counts
3	3	705.2	0	3
11	1	0.0	1	1
12	1	0.0	1	1
15	1	0.0	1	0 1
17	2	0.0	1	2
18	28	0.0	1	2 10 16
19	374	0.0	1	39 309 26
20	14038	0.0	2	13001 990 47
21	10391	0.0	2	9638 718 35
22	9955	0.0	2	9092 846 17
23	10119	0.0	2	9659 445 15
24	107	0.0	2	71 35 1
25	1	0.0	2	0 0 1
49	1	0.0	2	0 0 1


=== First read: Adapter 2 ===

Sequence: TACCCGCTGAACTTAAGCAT; Type: regular 3'; Length: 20; Trimmed: 40 times

Minimum overlap: 3
No. of allowed errors:
1-9 bp: 0; 10-19 bp: 1; 20 bp: 2

Bases preceding removed adapters:
  A: 10.0%
  C: 47.5%
  G: 20.0%
  T: 22.5%
  none/other: 0.0%

Overview of removed sequences
length	count	expect	max.err	error counts
3	16	705.2	0	16
11	1	0.0	1	1
20	8	0.0	2	7 0 1
21	5	0.0	2	5
22	2	0.0	2	1 1
23	3	0.0	2	3
112	1	0.0	2	1
215	1	0.0	2	0 1
224	2	0.0	2	2
242	1	0.0	2	1


=== Second read: Adapter 3 ===

Sequence: ATGCTTAAGTTCAGCGGGTA; Type: regular 5'; Length: 20; Trimmed: 44313 times

Minimum overlap: 3
No. of allowed errors:
1-9 bp: 0; 10-19 bp: 1; 20 bp: 2

Overview of removed sequences
length	count	expect	max.err	error counts
3	40	705.2	0	40
4	2	176.3	0	2
5	1	44.1	0	1
11	3	0.0	1	1 2
12	4	0.0	1	4
13	7	0.0	1	4 3
14	3	0.0	1	0 3
15	4	0.0	1	3 1
16	3	0.0	1	2 1
17	10	0.0	1	6 4
18	26	0.0	1	0 1 25
19	345	0.0	1	30 277 38
20	13365	0.0	2	10163 2900 302
21	10468	0.0	2	9585 801 82
22	8138	0.0	2	7505 576 57
23	11543	0.0	2	10224 1211 108
24	237	0.0	2	145 87 5
25	2	0.0	2	1 1
47	6	0.0	2	2 1 3
48	3	0.0	2	3
49	7	0.0	2	3 1 3
50	9	0.0	2	7 1 1
52	1	0.0	2	0 0 1
53	1	0.0	2	0 1
55	1	0.0	2	0 0 1
57	6	0.0	2	1 0 5
58	5	0.0	2	0 1 4
59	7	0.0	2	1 3 3
60	4	0.0	2	0 0 4
61	16	0.0	2	1 8 7
62	13	0.0	2	0 7 6
63	13	0.0	2	2 5 6
64	12	0.0	2	0 6 6
65	3	0.0	2	0 1 2
66	2	0.0	2	0 1 1
67	3	0.0	2	0 3


=== Second read: Adapter 4 ===

Sequence: AACAACCCTGAACCAGACGT; Type: regular 3'; Length: 20; Trimmed: 157 times

Minimum overlap: 3
No. of allowed errors:
1-9 bp: 0; 10-19 bp: 1; 20 bp: 2

Bases preceding removed adapters:
  A: 77.7%
  C: 8.3%
  G: 7.0%
  T: 7.0%
  none/other: 0.0%

Overview of removed sequences
length	count	expect	max.err	error counts
3	21	705.2	0	21
4	91	176.3	0	91
5	28	44.1	0	28
7	1	2.8	0	1
11	1	0.0	1	0 1
12	1	0.0	1	0 1
20	3	0.0	2	1 0 2
22	3	0.0	2	0 2 1
23	7	0.0	2	4 0 3
69	1	0.0	2	1
