This is cutadapt 4.0 with Python 3.9.12
Command line parameters: -g ACGTCTGGTTCAGGGTTGTT -a TACCCGCTGAACTTAAGCAT -G ATGCTTAAGTTCAGCGGGTA -A AACAACCCTGAACCAGACGT -n 2 --discard-untrimmed -o C:/Users/tsto3616/Lessons-learnt-amplicon-metabarcoding/Nemabiome_sequences/cutadapt/EF013L-4_S105_L001_R1_001.fastq.gz -p C:/Users/tsto3616/Lessons-learnt-amplicon-metabarcoding/Nemabiome_sequences/cutadapt/EF013L-4_S105_L001_R2_001.fastq.gz C:/Users/tsto3616/Lessons-learnt-amplicon-metabarcoding/Nemabiome_sequences/EF013L-4_S105_L001_R1_001.fastq.gz C:/Users/tsto3616/Lessons-learnt-amplicon-metabarcoding/Nemabiome_sequences/EF013L-4_S105_L001_R2_001.fastq.gz
Processing paired-end reads on 1 core ...
Finished in 4.28 s (105 µs/read; 0.57 M reads/minute).

=== Summary ===

Total read pairs processed:             40,910
  Read 1 with adapter:                  40,788 (99.7%)
  Read 2 with adapter:                  39,915 (97.6%)

== Read fate breakdown ==
Pairs discarded as untrimmed:            1,039 (2.5%)
Pairs written (passing filters):        39,871 (97.5%)

Total basepairs processed:    20,502,592 bp
  Read 1:    10,255,698 bp
  Read 2:    10,246,894 bp
Total written (filtered):     18,278,754 bp (89.2%)
  Read 1:     9,145,755 bp
  Read 2:     9,132,999 bp

=== First read: Adapter 1 ===

Sequence: ACGTCTGGTTCAGGGTTGTT; Type: regular 5'; Length: 20; Trimmed: 40779 times

Minimum overlap: 3
No. of allowed errors:
1-9 bp: 0; 10-19 bp: 1; 20 bp: 2

Overview of removed sequences
length	count	expect	max.err	error counts
3	1	639.2	0	1
12	1	0.0	1	0 1
15	4	0.0	1	1 3
16	2	0.0	1	2
17	4	0.0	1	3 1
18	21	0.0	1	0 6 15
19	412	0.0	1	41 333 38
20	12728	0.0	2	11738 943 47
21	9311	0.0	2	8552 706 53
22	8753	0.0	2	7973 752 28
23	9441	0.0	2	8993 435 13
24	97	0.0	2	52 44 1
25	2	0.0	2	1 0 1
26	1	0.0	2	0 0 1
53	1	0.0	2	1


=== First read: Adapter 2 ===

Sequence: TACCCGCTGAACTTAAGCAT; Type: regular 3'; Length: 20; Trimmed: 38 times

Minimum overlap: 3
No. of allowed errors:
1-9 bp: 0; 10-19 bp: 1; 20 bp: 2

Bases preceding removed adapters:
  A: 13.2%
  C: 36.8%
  G: 28.9%
  T: 21.1%
  none/other: 0.0%

Overview of removed sequences
length	count	expect	max.err	error counts
3	12	639.2	0	12
4	1	159.8	0	1
6	1	10.0	0	1
11	1	0.0	1	1
20	4	0.0	2	4
21	6	0.0	2	5 1
22	7	0.0	2	4 3
23	6	0.0	2	5 1


=== Second read: Adapter 3 ===

Sequence: ATGCTTAAGTTCAGCGGGTA; Type: regular 5'; Length: 20; Trimmed: 39890 times

Minimum overlap: 3
No. of allowed errors:
1-9 bp: 0; 10-19 bp: 1; 20 bp: 2

Overview of removed sequences
length	count	expect	max.err	error counts
3	6	639.2	0	6
4	2	159.8	0	2
6	1	10.0	0	1
11	4	0.0	1	2 2
12	5	0.0	1	4 1
14	1	0.0	1	1
15	2	0.0	1	0 2
16	5	0.0	1	1 4
17	8	0.0	1	5 3
18	26	0.0	1	0 4 22
19	357	0.0	1	20 276 61
20	12188	0.0	2	9350 2536 302
21	9336	0.0	2	8532 747 57
22	7341	0.0	2	6728 554 59
23	10302	0.0	2	9035 1168 99
24	244	0.0	2	121 119 4
25	2	0.0	2	0 0 2
47	6	0.0	2	4 1 1
48	3	0.0	2	1 2
49	2	0.0	2	1 1
50	5	0.0	2	4 1
51	1	0.0	2	0 0 1
54	2	0.0	2	0 1 1
55	3	0.0	2	0 1 2
57	2	0.0	2	0 0 2
58	1	0.0	2	0 1
59	5	0.0	2	1 1 3
60	5	0.0	2	0 1 4
61	5	0.0	2	1 1 3
62	2	0.0	2	0 0 2
63	4	0.0	2	0 1 3
64	3	0.0	2	0 1 2
65	2	0.0	2	0 2
66	4	0.0	2	0 0 4
67	2	0.0	2	0 2
82	1	0.0	2	0 1
86	1	0.0	2	0 1
88	1	0.0	2	0 0 1


=== Second read: Adapter 4 ===

Sequence: AACAACCCTGAACCAGACGT; Type: regular 3'; Length: 20; Trimmed: 315 times

Minimum overlap: 3
No. of allowed errors:
1-9 bp: 0; 10-19 bp: 1; 20 bp: 2

Bases preceding removed adapters:
  A: 86.3%
  C: 4.8%
  G: 5.1%
  T: 3.8%
  none/other: 0.0%
WARNING:
    The adapter is preceded by 'A' extremely often.
    The provided adapter sequence could be incomplete at its 5' end.
    Ignore this warning when trimming primers.

Overview of removed sequences
length	count	expect	max.err	error counts
3	24	639.2	0	24
4	235	159.8	0	235
5	35	40.0	0	35
7	1	2.5	0	1
11	2	0.0	1	0 2
20	9	0.0	2	4 5
21	3	0.0	2	2 0 1
22	5	0.0	2	3 1 1
23	1	0.0	2	0 0 1


WARNING:
    One or more of your adapter sequences may be incomplete.
    Please see the detailed output above.
