This is cutadapt 4.0 with Python 3.9.12
Command line parameters: -g ACGTCTGGTTCAGGGTTGTT -a TACCCGCTGAACTTAAGCAT -G ATGCTTAAGTTCAGCGGGTA -A AACAACCCTGAACCAGACGT -n 2 --discard-untrimmed -o C:/Users/tsto3616/Lessons-learnt-amplicon-metabarcoding/Nemabiome_sequences/cutadapt/EF017L-9_S166_L001_R1_001.fastq.gz -p C:/Users/tsto3616/Lessons-learnt-amplicon-metabarcoding/Nemabiome_sequences/cutadapt/EF017L-9_S166_L001_R2_001.fastq.gz C:/Users/tsto3616/Lessons-learnt-amplicon-metabarcoding/Nemabiome_sequences/EF017L-9_S166_L001_R1_001.fastq.gz C:/Users/tsto3616/Lessons-learnt-amplicon-metabarcoding/Nemabiome_sequences/EF017L-9_S166_L001_R2_001.fastq.gz
Processing paired-end reads on 1 core ...
Finished in 3.86 s (71 µs/read; 0.84 M reads/minute).

=== Summary ===

Total read pairs processed:             54,324
  Read 1 with adapter:                  54,155 (99.7%)
  Read 2 with adapter:                  52,869 (97.3%)

== Read fate breakdown ==
Pairs discarded as untrimmed:            1,500 (2.8%)
Pairs written (passing filters):        52,824 (97.2%)

Total basepairs processed:    27,208,088 bp
  Read 1:    13,606,196 bp
  Read 2:    13,601,892 bp
Total written (filtered):     24,194,368 bp (88.9%)
  Read 1:    12,104,920 bp
  Read 2:    12,089,448 bp

=== First read: Adapter 1 ===

Sequence: ACGTCTGGTTCAGGGTTGTT; Type: regular 5'; Length: 20; Trimmed: 54158 times

Minimum overlap: 3
No. of allowed errors:
1-9 bp: 0; 10-19 bp: 1; 20 bp: 2

Overview of removed sequences
length	count	expect	max.err	error counts
14	1	0.0	1	1
17	3	0.0	1	1 2
18	21	0.0	1	2 1 18
19	485	0.0	1	57 381 47
20	16613	0.0	2	15439 1109 65
21	12625	0.0	2	11713 871 41
22	11867	0.0	2	10920 911 36
23	12423	0.0	2	11812 575 36
24	114	0.0	2	80 32 2
25	1	0.0	2	1
42	1	0.0	2	1
50	1	0.0	2	1
52	1	0.0	2	1
55	1	0.0	2	1
60	1	0.0	2	1


=== First read: Adapter 2 ===

Sequence: TACCCGCTGAACTTAAGCAT; Type: regular 3'; Length: 20; Trimmed: 42 times

Minimum overlap: 3
No. of allowed errors:
1-9 bp: 0; 10-19 bp: 1; 20 bp: 2

Bases preceding removed adapters:
  A: 4.8%
  C: 61.9%
  G: 9.5%
  T: 23.8%
  none/other: 0.0%

Overview of removed sequences
length	count	expect	max.err	error counts
3	28	848.8	0	28
4	1	212.2	0	1
20	3	0.0	2	3
21	3	0.0	2	2 1
22	1	0.0	2	0 1
32	2	0.0	2	2
33	1	0.0	2	1
34	2	0.0	2	2
203	1	0.0	2	1


=== Second read: Adapter 3 ===

Sequence: ATGCTTAAGTTCAGCGGGTA; Type: regular 5'; Length: 20; Trimmed: 52826 times

Minimum overlap: 3
No. of allowed errors:
1-9 bp: 0; 10-19 bp: 1; 20 bp: 2

Overview of removed sequences
length	count	expect	max.err	error counts
3	48	848.8	0	48
4	2	212.2	0	2
6	1	13.3	0	1
7	1	3.3	0	1
8	1	0.8	0	1
11	5	0.0	1	5
12	2	0.0	1	2
13	3	0.0	1	2 1
14	3	0.0	1	0 3
15	5	0.0	1	1 4
16	2	0.0	1	0 2
17	14	0.0	1	12 2
18	42	0.0	1	4 1 37
19	495	0.0	1	29 407 59
20	16299	0.0	2	12440 3471 388
21	12399	0.0	2	11312 994 93
22	9662	0.0	2	8875 712 75
23	13257	0.0	2	11675 1456 126
24	296	0.0	2	142 147 7
25	7	0.0	2	3 2 2
36	1	0.0	2	1
47	4	0.0	2	0 3 1
48	9	0.0	2	6 2 1
49	14	0.0	2	6 6 2
50	15	0.0	2	8 4 3
51	4	0.0	2	1 1 2
52	3	0.0	2	1 1 1
53	4	0.0	2	0 1 3
54	6	0.0	2	0 2 4
55	5	0.0	2	1 1 3
56	7	0.0	2	0 2 5
57	20	0.0	2	1 10 9
58	21	0.0	2	4 8 9
59	16	0.0	2	3 7 6
60	17	0.0	2	1 5 11
61	32	0.0	2	4 13 15
62	24	0.0	2	3 9 12
63	20	0.0	2	1 5 14
64	21	0.0	2	3 8 10
65	7	0.0	2	2 1 4
66	15	0.0	2	1 3 11
67	15	0.0	2	2 7 6
68	1	0.0	2	0 1
87	1	0.0	2	0 1


=== Second read: Adapter 4 ===

Sequence: AACAACCCTGAACCAGACGT; Type: regular 3'; Length: 20; Trimmed: 354 times

Minimum overlap: 3
No. of allowed errors:
1-9 bp: 0; 10-19 bp: 1; 20 bp: 2

Bases preceding removed adapters:
  A: 83.9%
  C: 6.5%
  G: 5.9%
  T: 3.7%
  none/other: 0.0%
WARNING:
    The adapter is preceded by 'A' extremely often.
    The provided adapter sequence could be incomplete at its 5' end.
    Ignore this warning when trimming primers.

Overview of removed sequences
length	count	expect	max.err	error counts
3	29	848.8	0	29
4	277	212.2	0	277
5	35	53.1	0	35
6	3	13.3	0	3
20	4	0.0	2	2 0 2
22	3	0.0	2	2 1
23	1	0.0	2	1
104	1	0.0	2	0 1
228	1	0.0	2	0 1


WARNING:
    One or more of your adapter sequences may be incomplete.
    Please see the detailed output above.
