This is cutadapt 4.0 with Python 3.9.12
Command line parameters: -g ACGTCTGGTTCAGGGTTGTT -a TACCCGCTGAACTTAAGCAT -G ATGCTTAAGTTCAGCGGGTA -A AACAACCCTGAACCAGACGT -n 2 --discard-untrimmed -o C:/Users/tsto3616/Lessons-learnt-amplicon-metabarcoding/Nemabiome_sequences/cutadapt/EF013L-7_S108_L001_R1_001.fastq.gz -p C:/Users/tsto3616/Lessons-learnt-amplicon-metabarcoding/Nemabiome_sequences/cutadapt/EF013L-7_S108_L001_R2_001.fastq.gz C:/Users/tsto3616/Lessons-learnt-amplicon-metabarcoding/Nemabiome_sequences/EF013L-7_S108_L001_R1_001.fastq.gz C:/Users/tsto3616/Lessons-learnt-amplicon-metabarcoding/Nemabiome_sequences/EF013L-7_S108_L001_R2_001.fastq.gz
Processing paired-end reads on 1 core ...
Finished in 3.70 s (90 µs/read; 0.66 M reads/minute).

=== Summary ===

Total read pairs processed:             40,865
  Read 1 with adapter:                  40,767 (99.8%)
  Read 2 with adapter:                  39,999 (97.9%)

== Read fate breakdown ==
Pairs discarded as untrimmed:              906 (2.2%)
Pairs written (passing filters):        39,959 (97.8%)

Total basepairs processed:    20,481,406 bp
  Read 1:    10,245,044 bp
  Read 2:    10,236,362 bp
Total written (filtered):     18,317,943 bp (89.4%)
  Read 1:     9,165,925 bp
  Read 2:     9,152,018 bp

=== First read: Adapter 1 ===

Sequence: ACGTCTGGTTCAGGGTTGTT; Type: regular 5'; Length: 20; Trimmed: 40760 times

Minimum overlap: 3
No. of allowed errors:
1-9 bp: 0; 10-19 bp: 1; 20 bp: 2

Overview of removed sequences
length	count	expect	max.err	error counts
3	64	638.5	0	64
13	1	0.0	1	1
15	2	0.0	1	1 1
18	21	0.0	1	3 8 10
19	397	0.0	1	36 319 42
20	12517	0.0	2	11616 852 49
21	9565	0.0	2	8835 691 39
22	8724	0.0	2	8015 682 27
23	9373	0.0	2	8931 433 9
24	96	0.0	2	63 33


=== First read: Adapter 2 ===

Sequence: TACCCGCTGAACTTAAGCAT; Type: regular 3'; Length: 20; Trimmed: 38 times

Minimum overlap: 3
No. of allowed errors:
1-9 bp: 0; 10-19 bp: 1; 20 bp: 2

Bases preceding removed adapters:
  A: 7.9%
  C: 39.5%
  G: 36.8%
  T: 15.8%
  none/other: 0.0%

Overview of removed sequences
length	count	expect	max.err	error counts
3	15	638.5	0	15
19	1	0.0	1	0 0 1
20	5	0.0	2	5
21	3	0.0	2	2 0 1
22	5	0.0	2	3 2
23	6	0.0	2	6
69	1	0.0	2	0 1
92	1	0.0	2	0 1
226	1	0.0	2	1


=== Second read: Adapter 3 ===

Sequence: ATGCTTAAGTTCAGCGGGTA; Type: regular 5'; Length: 20; Trimmed: 39986 times

Minimum overlap: 3
No. of allowed errors:
1-9 bp: 0; 10-19 bp: 1; 20 bp: 2

Overview of removed sequences
length	count	expect	max.err	error counts
3	7	638.5	0	7
12	1	0.0	1	1
13	2	0.0	1	1 1
14	1	0.0	1	0 1
15	2	0.0	1	1 1
17	9	0.0	1	6 3
18	15	0.0	1	4 1 10
19	378	0.0	1	23 306 49
20	12250	0.0	2	9495 2466 289
21	9554	0.0	2	8774 709 71
22	7226	0.0	2	6645 523 58
23	10202	0.0	2	9127 1003 72
24	243	0.0	2	124 111 8
25	5	0.0	2	1 3 1
46	1	0.0	2	0 1
47	2	0.0	2	1 0 1
48	1	0.0	2	0 1
49	3	0.0	2	3
50	8	0.0	2	5 1 2
52	1	0.0	2	0 0 1
53	1	0.0	2	0 0 1
54	2	0.0	2	0 2
55	4	0.0	2	0 1 3
56	6	0.0	2	2 2 2
57	4	0.0	2	0 0 4
58	4	0.0	2	0 0 4
59	7	0.0	2	0 4 3
60	9	0.0	2	2 2 5
61	6	0.0	2	1 3 2
62	9	0.0	2	1 1 7
63	5	0.0	2	1 1 3
64	9	0.0	2	0 3 6
65	2	0.0	2	0 0 2
66	1	0.0	2	0 0 1
67	4	0.0	2	0 2 2
68	1	0.0	2	0 0 1
89	1	0.0	2	0 0 1


=== Second read: Adapter 4 ===

Sequence: AACAACCCTGAACCAGACGT; Type: regular 3'; Length: 20; Trimmed: 266 times

Minimum overlap: 3
No. of allowed errors:
1-9 bp: 0; 10-19 bp: 1; 20 bp: 2

Bases preceding removed adapters:
  A: 86.5%
  C: 4.9%
  G: 4.5%
  T: 4.1%
  none/other: 0.0%
WARNING:
    The adapter is preceded by 'A' extremely often.
    The provided adapter sequence could be incomplete at its 5' end.
    Ignore this warning when trimming primers.

Overview of removed sequences
length	count	expect	max.err	error counts
3	20	638.5	0	20
4	210	159.6	0	210
5	17	39.9	0	17
6	1	10.0	0	1
11	1	0.0	1	0 1
12	1	0.0	1	0 1
20	5	0.0	2	2 2 1
21	4	0.0	2	2 0 2
22	3	0.0	2	1 1 1
23	2	0.0	2	0 1 1
85	1	0.0	2	0 1
196	1	0.0	2	0 1


WARNING:
    One or more of your adapter sequences may be incomplete.
    Please see the detailed output above.
