This is cutadapt 4.0 with Python 3.9.12
Command line parameters: -g ACGTCTGGTTCAGGGTTGTT -a TACCCGCTGAACTTAAGCAT -G ATGCTTAAGTTCAGCGGGTA -A AACAACCCTGAACCAGACGT -n 2 --discard-untrimmed -o C:/Users/tsto3616/Lessons-learnt-amplicon-metabarcoding/Nemabiome_sequences/cutadapt/EF016L-12_S142_L001_R1_001.fastq.gz -p C:/Users/tsto3616/Lessons-learnt-amplicon-metabarcoding/Nemabiome_sequences/cutadapt/EF016L-12_S142_L001_R2_001.fastq.gz C:/Users/tsto3616/Lessons-learnt-amplicon-metabarcoding/Nemabiome_sequences/EF016L-12_S142_L001_R1_001.fastq.gz C:/Users/tsto3616/Lessons-learnt-amplicon-metabarcoding/Nemabiome_sequences/EF016L-12_S142_L001_R2_001.fastq.gz
Processing paired-end reads on 1 core ...
Finished in 2.29 s (53 µs/read; 1.13 M reads/minute).

=== Summary ===

Total read pairs processed:             43,059
  Read 1 with adapter:                  42,917 (99.7%)
  Read 2 with adapter:                  42,163 (97.9%)

== Read fate breakdown ==
Pairs discarded as untrimmed:              950 (2.2%)
Pairs written (passing filters):        42,109 (97.8%)

Total basepairs processed:    21,595,008 bp
  Read 1:    10,803,367 bp
  Read 2:    10,791,641 bp
Total written (filtered):     19,314,460 bp (89.4%)
  Read 1:     9,666,785 bp
  Read 2:     9,647,675 bp

=== First read: Adapter 1 ===

Sequence: ACGTCTGGTTCAGGGTTGTT; Type: regular 5'; Length: 20; Trimmed: 42915 times

Minimum overlap: 3
No. of allowed errors:
1-9 bp: 0; 10-19 bp: 1; 20 bp: 2

Overview of removed sequences
length	count	expect	max.err	error counts
3	55	672.8	0	55
9	1	0.2	0	1
15	2	0.0	1	2
16	1	0.0	1	0 1
17	7	0.0	1	0 7
18	25	0.0	1	2 3 20
19	419	0.0	1	41 340 38
20	12813	0.0	2	11839 914 60
21	9983	0.0	2	9082 853 48
22	9269	0.0	2	8407 828 34
23	10235	0.0	2	9732 493 10
24	102	0.0	2	57 44 1
25	1	0.0	2	1
29	1	0.0	2	1
35	1	0.0	2	1


=== First read: Adapter 2 ===

Sequence: TACCCGCTGAACTTAAGCAT; Type: regular 3'; Length: 20; Trimmed: 17 times

Minimum overlap: 3
No. of allowed errors:
1-9 bp: 0; 10-19 bp: 1; 20 bp: 2

Bases preceding removed adapters:
  A: 0.0%
  C: 17.6%
  G: 64.7%
  T: 11.8%
  none/other: 5.9%

Overview of removed sequences
length	count	expect	max.err	error counts
3	2	672.8	0	2
11	1	0.0	1	1
21	2	0.0	2	1 1
22	2	0.0	2	1 1
23	10	0.0	2	9 1


=== Second read: Adapter 3 ===

Sequence: ATGCTTAAGTTCAGCGGGTA; Type: regular 5'; Length: 20; Trimmed: 42157 times

Minimum overlap: 3
No. of allowed errors:
1-9 bp: 0; 10-19 bp: 1; 20 bp: 2

Overview of removed sequences
length	count	expect	max.err	error counts
3	20	672.8	0	20
4	4	168.2	0	4
5	1	42.0	0	1
6	1	10.5	0	1
11	2	0.0	1	2
12	1	0.0	1	1
13	1	0.0	1	0 1
14	3	0.0	1	0 3
15	1	0.0	1	0 1
16	4	0.0	1	2 2
17	11	0.0	1	5 6
18	31	0.0	1	4 3 24
19	447	0.0	1	22 367 58
20	12749	0.0	2	9543 2863 343
21	9720	0.0	2	8856 796 68
22	7658	0.0	2	6992 606 60
23	11103	0.0	2	9757 1223 123
24	260	0.0	2	128 127 5
25	2	0.0	2	0 1 1
47	4	0.0	2	1 2 1
48	3	0.0	2	2 0 1
49	6	0.0	2	4 1 1
50	9	0.0	2	4 3 2
52	1	0.0	2	0 0 1
55	3	0.0	2	0 0 3
56	2	0.0	2	0 0 2
57	7	0.0	2	0 3 4
58	9	0.0	2	0 5 4
59	6	0.0	2	1 2 3
60	6	0.0	2	2 1 3
61	23	0.0	2	2 7 14
62	18	0.0	2	4 4 10
63	10	0.0	2	1 4 5
64	18	0.0	2	0 7 11
65	7	0.0	2	0 2 5
66	3	0.0	2	0 1 2
67	1	0.0	2	1
83	2	0.0	2	0 0 2


=== Second read: Adapter 4 ===

Sequence: AACAACCCTGAACCAGACGT; Type: regular 3'; Length: 20; Trimmed: 365 times

Minimum overlap: 3
No. of allowed errors:
1-9 bp: 0; 10-19 bp: 1; 20 bp: 2

Bases preceding removed adapters:
  A: 92.3%
  C: 0.5%
  G: 3.3%
  T: 3.8%
  none/other: 0.0%
WARNING:
    The adapter is preceded by 'A' extremely often.
    The provided adapter sequence could be incomplete at its 5' end.
    Ignore this warning when trimming primers.

Overview of removed sequences
length	count	expect	max.err	error counts
3	15	672.8	0	15
4	314	168.2	0	314
5	21	42.0	0	21
12	2	0.0	1	1 1
20	6	0.0	2	6
21	2	0.0	2	2
22	2	0.0	2	1 1
23	2	0.0	2	2
69	1	0.0	2	0 1


WARNING:
    One or more of your adapter sequences may be incomplete.
    Please see the detailed output above.
