This is cutadapt 4.0 with Python 3.9.12
Command line parameters: -g ACGTCTGGTTCAGGGTTGTT -a TACCCGCTGAACTTAAGCAT -G ATGCTTAAGTTCAGCGGGTA -A AACAACCCTGAACCAGACGT -n 2 --discard-untrimmed -o C:/Users/tsto3616/Lessons-learnt-amplicon-metabarcoding/Nemabiome_sequences/cutadapt/EF013L-5_S106_L001_R1_001.fastq.gz -p C:/Users/tsto3616/Lessons-learnt-amplicon-metabarcoding/Nemabiome_sequences/cutadapt/EF013L-5_S106_L001_R2_001.fastq.gz C:/Users/tsto3616/Lessons-learnt-amplicon-metabarcoding/Nemabiome_sequences/EF013L-5_S106_L001_R1_001.fastq.gz C:/Users/tsto3616/Lessons-learnt-amplicon-metabarcoding/Nemabiome_sequences/EF013L-5_S106_L001_R2_001.fastq.gz
Processing paired-end reads on 1 core ...
Finished in 3.02 s (76 µs/read; 0.79 M reads/minute).

=== Summary ===

Total read pairs processed:             39,672
  Read 1 with adapter:                  39,555 (99.7%)
  Read 2 with adapter:                  38,794 (97.8%)

== Read fate breakdown ==
Pairs discarded as untrimmed:              920 (2.3%)
Pairs written (passing filters):        38,752 (97.7%)

Total basepairs processed:    19,878,549 bp
  Read 1:     9,943,926 bp
  Read 2:     9,934,623 bp
Total written (filtered):     17,762,009 bp (89.4%)
  Read 1:     8,887,536 bp
  Read 2:     8,874,473 bp

=== First read: Adapter 1 ===

Sequence: ACGTCTGGTTCAGGGTTGTT; Type: regular 5'; Length: 20; Trimmed: 39545 times

Minimum overlap: 3
No. of allowed errors:
1-9 bp: 0; 10-19 bp: 1; 20 bp: 2

Overview of removed sequences
length	count	expect	max.err	error counts
3	2	619.9	0	2
13	3	0.0	1	2 1
15	1	0.0	1	0 1
16	1	0.0	1	1
17	3	0.0	1	2 1
18	22	0.0	1	0 5 17
19	345	0.0	1	38 283 24
20	12089	0.0	2	11170 873 46
21	9130	0.0	2	8401 689 40
22	8725	0.0	2	7971 723 31
23	9136	0.0	2	8659 458 19
24	88	0.0	2	56 31 1


=== First read: Adapter 2 ===

Sequence: TACCCGCTGAACTTAAGCAT; Type: regular 3'; Length: 20; Trimmed: 27 times

Minimum overlap: 3
No. of allowed errors:
1-9 bp: 0; 10-19 bp: 1; 20 bp: 2

Bases preceding removed adapters:
  A: 33.3%
  C: 37.0%
  G: 25.9%
  T: 3.7%
  none/other: 0.0%

Overview of removed sequences
length	count	expect	max.err	error counts
3	5	619.9	0	5
20	7	0.0	2	7
21	6	0.0	2	6
22	1	0.0	2	0 1
23	7	0.0	2	7
216	1	0.0	2	0 1


=== Second read: Adapter 3 ===

Sequence: ATGCTTAAGTTCAGCGGGTA; Type: regular 5'; Length: 20; Trimmed: 38772 times

Minimum overlap: 3
No. of allowed errors:
1-9 bp: 0; 10-19 bp: 1; 20 bp: 2

Overview of removed sequences
length	count	expect	max.err	error counts
3	6	619.9	0	6
4	1	155.0	0	1
11	3	0.0	1	3
13	2	0.0	1	2
14	3	0.0	1	0 3
16	2	0.0	1	2
17	6	0.0	1	5 1
18	34	0.0	1	1 6 27
19	339	0.0	1	26 281 32
20	11808	0.0	2	9148 2364 296
21	9078	0.0	2	8385 621 72
22	7050	0.0	2	6451 546 53
23	10132	0.0	2	9007 1046 79
24	214	0.0	2	99 107 8
25	7	0.0	2	4 1 2
45	1	0.0	2	0 0 1
46	1	0.0	2	0 0 1
47	4	0.0	2	3 1
48	10	0.0	2	5 3 2
49	8	0.0	2	6 1 1
50	8	0.0	2	8
52	1	0.0	2	0 0 1
55	3	0.0	2	0 0 3
56	1	0.0	2	0 0 1
57	3	0.0	2	0 2 1
58	7	0.0	2	0 3 4
59	7	0.0	2	0 1 6
60	3	0.0	2	0 0 3
61	6	0.0	2	0 2 4
62	6	0.0	2	0 4 2
63	5	0.0	2	0 5
64	3	0.0	2	1 1 1
65	3	0.0	2	1 0 2
66	4	0.0	2	0 1 3
67	1	0.0	2	0 1
68	1	0.0	2	0 0 1
80	1	0.0	2	0 0 1


=== Second read: Adapter 4 ===

Sequence: AACAACCCTGAACCAGACGT; Type: regular 3'; Length: 20; Trimmed: 222 times

Minimum overlap: 3
No. of allowed errors:
1-9 bp: 0; 10-19 bp: 1; 20 bp: 2

Bases preceding removed adapters:
  A: 87.4%
  C: 3.2%
  G: 5.4%
  T: 4.1%
  none/other: 0.0%
WARNING:
    The adapter is preceded by 'A' extremely often.
    The provided adapter sequence could be incomplete at its 5' end.
    Ignore this warning when trimming primers.

Overview of removed sequences
length	count	expect	max.err	error counts
3	16	619.9	0	16
4	179	155.0	0	179
5	12	38.7	0	12
20	3	0.0	2	1 1 1
21	3	0.0	2	0 0 3
22	4	0.0	2	1 0 3
23	5	0.0	2	0 2 3


WARNING:
    One or more of your adapter sequences may be incomplete.
    Please see the detailed output above.
