This is cutadapt 4.0 with Python 3.9.12
Command line parameters: -g ACGTCTGGTTCAGGGTTGTT -a TACCCGCTGAACTTAAGCAT -G ATGCTTAAGTTCAGCGGGTA -A AACAACCCTGAACCAGACGT -n 2 --discard-untrimmed -o C:/Users/tsto3616/Lessons-learnt-amplicon-metabarcoding/Nemabiome_sequences/cutadapt/EF014L-9_S124_L001_R1_001.fastq.gz -p C:/Users/tsto3616/Lessons-learnt-amplicon-metabarcoding/Nemabiome_sequences/cutadapt/EF014L-9_S124_L001_R2_001.fastq.gz C:/Users/tsto3616/Lessons-learnt-amplicon-metabarcoding/Nemabiome_sequences/EF014L-9_S124_L001_R1_001.fastq.gz C:/Users/tsto3616/Lessons-learnt-amplicon-metabarcoding/Nemabiome_sequences/EF014L-9_S124_L001_R2_001.fastq.gz
Processing paired-end reads on 1 core ...
Finished in 2.48 s (66 µs/read; 0.91 M reads/minute).

=== Summary ===

Total read pairs processed:             37,539
  Read 1 with adapter:                  37,456 (99.8%)
  Read 2 with adapter:                  36,715 (97.8%)

== Read fate breakdown ==
Pairs discarded as untrimmed:              862 (2.3%)
Pairs written (passing filters):        36,677 (97.7%)

Total basepairs processed:    18,822,176 bp
  Read 1:     9,415,832 bp
  Read 2:     9,406,344 bp
Total written (filtered):     16,819,160 bp (89.4%)
  Read 1:     8,417,044 bp
  Read 2:     8,402,116 bp

=== First read: Adapter 1 ===

Sequence: ACGTCTGGTTCAGGGTTGTT; Type: regular 5'; Length: 20; Trimmed: 37454 times

Minimum overlap: 3
No. of allowed errors:
1-9 bp: 0; 10-19 bp: 1; 20 bp: 2

Overview of removed sequences
length	count	expect	max.err	error counts
3	42	586.5	0	42
13	1	0.0	1	1
15	1	0.0	1	0 1
17	1	0.0	1	1
18	19	0.0	1	3 2 14
19	405	0.0	1	40 332 33
20	11316	0.0	2	10450 815 51
21	8680	0.0	2	7997 648 35
22	8197	0.0	2	7516 658 23
23	8689	0.0	2	8263 414 12
24	101	0.0	2	74 26 1
31	1	0.0	2	1
51	1	0.0	2	0 1


=== First read: Adapter 2 ===

Sequence: TACCCGCTGAACTTAAGCAT; Type: regular 3'; Length: 20; Trimmed: 12 times

Minimum overlap: 3
No. of allowed errors:
1-9 bp: 0; 10-19 bp: 1; 20 bp: 2

Bases preceding removed adapters:
  A: 16.7%
  C: 16.7%
  G: 41.7%
  T: 25.0%
  none/other: 0.0%

Overview of removed sequences
length	count	expect	max.err	error counts
3	5	586.5	0	5
11	2	0.0	1	2
22	1	0.0	2	1
23	4	0.0	2	3 1


=== Second read: Adapter 3 ===

Sequence: ATGCTTAAGTTCAGCGGGTA; Type: regular 5'; Length: 20; Trimmed: 36700 times

Minimum overlap: 3
No. of allowed errors:
1-9 bp: 0; 10-19 bp: 1; 20 bp: 2

Overview of removed sequences
length	count	expect	max.err	error counts
3	5	586.5	0	5
4	1	146.6	0	1
6	1	9.2	0	1
11	2	0.0	1	2
12	1	0.0	1	0 1
14	1	0.0	1	0 1
15	3	0.0	1	0 3
16	2	0.0	1	2
17	6	0.0	1	3 3
18	21	0.0	1	2 3 16
19	350	0.0	1	21 286 43
20	11523	0.0	2	8608 2604 311
21	8642	0.0	2	7914 672 56
22	6642	0.0	2	6114 477 51
23	9173	0.0	2	8082 1013 78
24	191	0.0	2	108 77 6
25	2	0.0	2	2
47	3	0.0	2	1 1 1
48	7	0.0	2	4 2 1
49	6	0.0	2	1 1 4
50	5	0.0	2	3 1 1
51	5	0.0	2	0 2 3
52	1	0.0	2	0 1
53	1	0.0	2	0 1
54	3	0.0	2	0 0 3
55	4	0.0	2	0 1 3
56	5	0.0	2	0 0 5
57	3	0.0	2	0 1 2
58	5	0.0	2	1 2 2
59	15	0.0	2	1 5 9
60	6	0.0	2	0 3 3
61	18	0.0	2	7 5 6
62	13	0.0	2	1 3 9
63	12	0.0	2	1 3 8
64	7	0.0	2	0 2 5
65	5	0.0	2	0 1 4
66	3	0.0	2	1 0 2
67	7	0.0	2	1 2 4


=== Second read: Adapter 4 ===

Sequence: AACAACCCTGAACCAGACGT; Type: regular 3'; Length: 20; Trimmed: 399 times

Minimum overlap: 3
No. of allowed errors:
1-9 bp: 0; 10-19 bp: 1; 20 bp: 2

Bases preceding removed adapters:
  A: 94.5%
  C: 1.5%
  G: 1.5%
  T: 2.5%
  none/other: 0.0%
WARNING:
    The adapter is preceded by 'A' extremely often.
    The provided adapter sequence could be incomplete at its 5' end.
    Ignore this warning when trimming primers.

Overview of removed sequences
length	count	expect	max.err	error counts
3	10	586.5	0	10
4	360	146.6	0	360
5	23	36.7	0	23
20	1	0.0	2	1
22	1	0.0	2	1
23	3	0.0	2	3
68	1	0.0	2	1


WARNING:
    One or more of your adapter sequences may be incomplete.
    Please see the detailed output above.
