This is cutadapt 4.0 with Python 3.9.12
Command line parameters: -g ACGTCTGGTTCAGGGTTGTT -a TACCCGCTGAACTTAAGCAT -G ATGCTTAAGTTCAGCGGGTA -A AACAACCCTGAACCAGACGT -n 2 --discard-untrimmed -o C:/Users/tsto3616/Lessons-learnt-amplicon-metabarcoding/Nemabiome_sequences/cutadapt/EF017L-10_S154_L001_R1_001.fastq.gz -p C:/Users/tsto3616/Lessons-learnt-amplicon-metabarcoding/Nemabiome_sequences/cutadapt/EF017L-10_S154_L001_R2_001.fastq.gz C:/Users/tsto3616/Lessons-learnt-amplicon-metabarcoding/Nemabiome_sequences/EF017L-10_S154_L001_R1_001.fastq.gz C:/Users/tsto3616/Lessons-learnt-amplicon-metabarcoding/Nemabiome_sequences/EF017L-10_S154_L001_R2_001.fastq.gz
Processing paired-end reads on 1 core ...
Finished in 3.23 s (63 µs/read; 0.96 M reads/minute).

=== Summary ===

Total read pairs processed:             51,515
  Read 1 with adapter:                  51,389 (99.8%)
  Read 2 with adapter:                  50,273 (97.6%)

== Read fate breakdown ==
Pairs discarded as untrimmed:            1,296 (2.5%)
Pairs written (passing filters):        50,219 (97.5%)

Total basepairs processed:    25,804,683 bp
  Read 1:    12,904,654 bp
  Read 2:    12,900,029 bp
Total written (filtered):     23,001,963 bp (89.1%)
  Read 1:    11,508,813 bp
  Read 2:    11,493,150 bp

=== First read: Adapter 1 ===

Sequence: ACGTCTGGTTCAGGGTTGTT; Type: regular 5'; Length: 20; Trimmed: 51390 times

Minimum overlap: 3
No. of allowed errors:
1-9 bp: 0; 10-19 bp: 1; 20 bp: 2

Overview of removed sequences
length	count	expect	max.err	error counts
3	1	804.9	0	1
12	1	0.0	1	1
13	2	0.0	1	2
15	1	0.0	1	0 1
17	2	0.0	1	1 1
18	19	0.0	1	1 3 15
19	471	0.0	1	47 384 40
20	15831	0.0	2	14684 1096 51
21	11956	0.0	2	11021 892 43
22	11147	0.0	2	10245 859 43
23	11829	0.0	2	11254 560 15
24	126	0.0	2	78 47 1
25	1	0.0	2	0 1
45	1	0.0	2	1
52	1	0.0	2	1
69	1	0.0	2	1


=== First read: Adapter 2 ===

Sequence: TACCCGCTGAACTTAAGCAT; Type: regular 3'; Length: 20; Trimmed: 29 times

Minimum overlap: 3
No. of allowed errors:
1-9 bp: 0; 10-19 bp: 1; 20 bp: 2

Bases preceding removed adapters:
  A: 6.9%
  C: 79.3%
  G: 10.3%
  T: 3.4%
  none/other: 0.0%

Overview of removed sequences
length	count	expect	max.err	error counts
3	27	804.9	0	27
4	1	201.2	0	1
23	1	0.0	2	1


=== Second read: Adapter 3 ===

Sequence: ATGCTTAAGTTCAGCGGGTA; Type: regular 5'; Length: 20; Trimmed: 50234 times

Minimum overlap: 3
No. of allowed errors:
1-9 bp: 0; 10-19 bp: 1; 20 bp: 2

Overview of removed sequences
length	count	expect	max.err	error counts
3	43	804.9	0	43
4	3	201.2	0	3
8	1	0.8	0	1
10	1	0.0	1	0 1
11	3	0.0	1	2 1
14	3	0.0	1	0 3
15	2	0.0	1	1 1
16	2	0.0	1	0 2
17	9	0.0	1	6 3
18	31	0.0	1	1 5 25
19	484	0.0	1	33 394 57
20	15537	0.0	2	11832 3293 412
21	11613	0.0	2	10639 901 73
22	9201	0.0	2	8425 704 72
23	12741	0.0	2	11238 1405 98
24	284	0.0	2	144 134 6
25	5	0.0	2	2 2 1
26	1	0.0	2	0 1
40	1	0.0	2	0 0 1
43	1	0.0	2	0 0 1
46	1	0.0	2	1
47	5	0.0	2	1 2 2
48	6	0.0	2	3 3
49	8	0.0	2	7 1
50	10	0.0	2	4 1 5
51	1	0.0	2	0 0 1
52	9	0.0	2	0 5 4
53	3	0.0	2	0 2 1
54	6	0.0	2	0 2 4
55	15	0.0	2	3 4 8
56	4	0.0	2	1 1 2
57	15	0.0	2	1 6 8
58	15	0.0	2	1 7 7
59	16	0.0	2	5 5 6
60	17	0.0	2	2 4 11
61	26	0.0	2	3 8 15
62	23	0.0	2	2 8 13
63	18	0.0	2	1 7 10
64	24	0.0	2	5 10 9
65	18	0.0	2	1 8 9
66	11	0.0	2	0 6 5
67	13	0.0	2	4 6 3
68	1	0.0	2	0 0 1
89	2	0.0	2	0 1 1
91	1	0.0	2	0 1


=== Second read: Adapter 4 ===

Sequence: AACAACCCTGAACCAGACGT; Type: regular 3'; Length: 20; Trimmed: 363 times

Minimum overlap: 3
No. of allowed errors:
1-9 bp: 0; 10-19 bp: 1; 20 bp: 2

Bases preceding removed adapters:
  A: 84.6%
  C: 7.4%
  G: 5.5%
  T: 2.5%
  none/other: 0.0%
WARNING:
    The adapter is preceded by 'A' extremely often.
    The provided adapter sequence could be incomplete at its 5' end.
    Ignore this warning when trimming primers.

Overview of removed sequences
length	count	expect	max.err	error counts
3	32	804.9	0	32
4	290	201.2	0	290
5	35	50.3	0	35
6	1	12.6	0	1
7	1	3.1	0	1
12	1	0.0	1	0 1
20	1	0.0	2	1
22	1	0.0	2	1
23	1	0.0	2	0 1


WARNING:
    One or more of your adapter sequences may be incomplete.
    Please see the detailed output above.
