This is cutadapt 4.0 with Python 3.9.12
Command line parameters: -g ACGTCTGGTTCAGGGTTGTT -a TACCCGCTGAACTTAAGCAT -G ATGCTTAAGTTCAGCGGGTA -A AACAACCCTGAACCAGACGT -n 2 --discard-untrimmed -o C:/Users/tsto3616/Lessons-learnt-amplicon-metabarcoding/Nemabiome_sequences/cutadapt/EF017L-4_S161_L001_R1_001.fastq.gz -p C:/Users/tsto3616/Lessons-learnt-amplicon-metabarcoding/Nemabiome_sequences/cutadapt/EF017L-4_S161_L001_R2_001.fastq.gz C:/Users/tsto3616/Lessons-learnt-amplicon-metabarcoding/Nemabiome_sequences/EF017L-4_S161_L001_R1_001.fastq.gz C:/Users/tsto3616/Lessons-learnt-amplicon-metabarcoding/Nemabiome_sequences/EF017L-4_S161_L001_R2_001.fastq.gz
Processing paired-end reads on 1 core ...
Finished in 3.54 s (71 µs/read; 0.84 M reads/minute).

=== Summary ===

Total read pairs processed:             49,661
  Read 1 with adapter:                  49,571 (99.8%)
  Read 2 with adapter:                  48,492 (97.6%)

== Read fate breakdown ==
Pairs discarded as untrimmed:            1,202 (2.4%)
Pairs written (passing filters):        48,459 (97.6%)

Total basepairs processed:    24,887,751 bp
  Read 1:    12,438,203 bp
  Read 2:    12,449,548 bp
Total written (filtered):     20,899,000 bp (84.0%)
  Read 1:    11,108,616 bp
  Read 2:     9,790,384 bp

=== First read: Adapter 1 ===

Sequence: ACGTCTGGTTCAGGGTTGTT; Type: regular 5'; Length: 20; Trimmed: 49568 times

Minimum overlap: 3
No. of allowed errors:
1-9 bp: 0; 10-19 bp: 1; 20 bp: 2

Overview of removed sequences
length	count	expect	max.err	error counts
3	1	776.0	0	1
10	1	0.0	1	1
13	1	0.0	1	1
15	2	0.0	1	1 1
16	1	0.0	1	1
17	1	0.0	1	0 1
18	7	0.0	1	0 2 5
19	238	0.0	1	50 164 24
20	17425	0.0	2	16930 482 13
21	12702	0.0	2	12344 343 15
22	8304	0.0	2	8024 273 7
23	10854	0.0	2	10592 258 4
24	31	0.0	2	26 3 2


=== First read: Adapter 2 ===

Sequence: TACCCGCTGAACTTAAGCAT; Type: regular 3'; Length: 20; Trimmed: 32 times

Minimum overlap: 3
No. of allowed errors:
1-9 bp: 0; 10-19 bp: 1; 20 bp: 2

Bases preceding removed adapters:
  A: 3.1%
  C: 71.9%
  G: 3.1%
  T: 21.9%
  none/other: 0.0%

Overview of removed sequences
length	count	expect	max.err	error counts
3	26	776.0	0	26
6	1	12.1	0	1
11	1	0.0	1	1
14	2	0.0	1	1 1
47	1	0.0	2	1
49	1	0.0	2	1


=== Second read: Adapter 3 ===

Sequence: ATGCTTAAGTTCAGCGGGTA; Type: regular 5'; Length: 20; Trimmed: 48455 times

Minimum overlap: 3
No. of allowed errors:
1-9 bp: 0; 10-19 bp: 1; 20 bp: 2

Overview of removed sequences
length	count	expect	max.err	error counts
3	9	776.0	0	9
4	2	194.0	0	2
6	1	12.1	0	1
20	3	0.0	2	2 0 1
21	6	0.0	2	2 1 3
22	3	0.0	2	3
23	2	0.0	2	1 0 1
37	1	0.0	2	0 1
39	1	0.0	2	1
42	3	0.0	2	2 1
43	4	0.0	2	3 1
44	3	0.0	2	3
45	15	0.0	2	12 1 2
46	76	0.0	2	57 18 1
47	10543	0.0	2	9557 847 139
48	12870	0.0	2	11689 1017 164
49	12134	0.0	2	11106 912 116
50	12557	0.0	2	11488 936 133
51	41	0.0	2	32 7 2
52	1	0.0	2	0 1
53	1	0.0	2	0 0 1
76	1	0.0	2	0 0 1
77	1	0.0	2	0 0 1
78	1	0.0	2	0 0 1
79	1	0.0	2	0 0 1
80	2	0.0	2	0 1 1
82	2	0.0	2	0 1 1
83	6	0.0	2	2 2 2
84	3	0.0	2	0 0 3
85	2	0.0	2	0 1 1
86	4	0.0	2	1 1 2
87	9	0.0	2	3 5 1
88	32	0.0	2	3 9 20
89	37	0.0	2	4 16 17
90	20	0.0	2	2 7 11
91	29	0.0	2	4 8 17
92	10	0.0	2	0 4 6
93	11	0.0	2	1 5 5
94	4	0.0	2	0 2 2
95	1	0.0	2	0 0 1
101	1	0.0	2	1
107	1	0.0	2	1
144	1	0.0	2	1


=== Second read: Adapter 4 ===

Sequence: AACAACCCTGAACCAGACGT; Type: regular 3'; Length: 20; Trimmed: 385 times

Minimum overlap: 3
No. of allowed errors:
1-9 bp: 0; 10-19 bp: 1; 20 bp: 2

Bases preceding removed adapters:
  A: 87.0%
  C: 2.9%
  G: 8.1%
  T: 2.1%
  none/other: 0.0%
WARNING:
    The adapter is preceded by 'A' extremely often.
    The provided adapter sequence could be incomplete at its 5' end.
    Ignore this warning when trimming primers.

Overview of removed sequences
length	count	expect	max.err	error counts
3	4	776.0	0	4
4	348	194.0	0	348
5	19	48.5	0	19
10	1	0.0	1	0 1
20	7	0.0	2	6 1
21	2	0.0	2	2
22	2	0.0	2	1 1
23	2	0.0	2	1 1


WARNING:
    One or more of your adapter sequences may be incomplete.
    Please see the detailed output above.
