This is cutadapt 4.0 with Python 3.9.12
Command line parameters: -g ACGTCTGGTTCAGGGTTGTT -a TACCCGCTGAACTTAAGCAT -G ATGCTTAAGTTCAGCGGGTA -A AACAACCCTGAACCAGACGT -n 2 --discard-untrimmed -o C:/Users/tsto3616/Lessons-learnt-amplicon-metabarcoding/Nemabiome_sequences/cutadapt/EF017L-3_S160_L001_R1_001.fastq.gz -p C:/Users/tsto3616/Lessons-learnt-amplicon-metabarcoding/Nemabiome_sequences/cutadapt/EF017L-3_S160_L001_R2_001.fastq.gz C:/Users/tsto3616/Lessons-learnt-amplicon-metabarcoding/Nemabiome_sequences/EF017L-3_S160_L001_R1_001.fastq.gz C:/Users/tsto3616/Lessons-learnt-amplicon-metabarcoding/Nemabiome_sequences/EF017L-3_S160_L001_R2_001.fastq.gz
Processing paired-end reads on 1 core ...
Finished in 2.83 s (69 µs/read; 0.87 M reads/minute).

=== Summary ===

Total read pairs processed:             40,828
  Read 1 with adapter:                  40,747 (99.8%)
  Read 2 with adapter:                  39,900 (97.7%)

== Read fate breakdown ==
Pairs discarded as untrimmed:              957 (2.3%)
Pairs written (passing filters):        39,871 (97.7%)

Total basepairs processed:    20,461,404 bp
  Read 1:    10,225,497 bp
  Read 2:    10,235,907 bp
Total written (filtered):     17,195,996 bp (84.0%)
  Read 1:     9,140,273 bp
  Read 2:     8,055,723 bp

=== First read: Adapter 1 ===

Sequence: ACGTCTGGTTCAGGGTTGTT; Type: regular 5'; Length: 20; Trimmed: 40748 times

Minimum overlap: 3
No. of allowed errors:
1-9 bp: 0; 10-19 bp: 1; 20 bp: 2

Overview of removed sequences
length	count	expect	max.err	error counts
15	1	0.0	1	0 1
16	3	0.0	1	2 1
17	3	0.0	1	2 1
18	8	0.0	1	1 0 7
19	170	0.0	1	37 131 2
20	14285	0.0	2	13896 377 12
21	10472	0.0	2	10199 267 6
22	6825	0.0	2	6576 246 3
23	8957	0.0	2	8741 208 8
24	24	0.0	2	15 9


=== First read: Adapter 2 ===

Sequence: TACCCGCTGAACTTAAGCAT; Type: regular 3'; Length: 20; Trimmed: 27 times

Minimum overlap: 3
No. of allowed errors:
1-9 bp: 0; 10-19 bp: 1; 20 bp: 2

Bases preceding removed adapters:
  A: 3.7%
  C: 70.4%
  G: 0.0%
  T: 25.9%
  none/other: 0.0%

Overview of removed sequences
length	count	expect	max.err	error counts
3	24	637.9	0	24
6	1	10.0	0	1
48	1	0.0	2	1
50	1	0.0	2	0 1


=== Second read: Adapter 3 ===

Sequence: ATGCTTAAGTTCAGCGGGTA; Type: regular 5'; Length: 20; Trimmed: 39883 times

Minimum overlap: 3
No. of allowed errors:
1-9 bp: 0; 10-19 bp: 1; 20 bp: 2

Overview of removed sequences
length	count	expect	max.err	error counts
3	5	637.9	0	5
4	3	159.5	0	3
5	1	39.9	0	1
20	5	0.0	2	2 3
21	2	0.0	2	2
22	5	0.0	2	2 1 2
23	2	0.0	2	1 0 1
36	1	0.0	2	1
37	1	0.0	2	1
38	1	0.0	2	1
39	1	0.0	2	1
40	1	0.0	2	1
41	2	0.0	2	1 1
42	1	0.0	2	0 1
43	1	0.0	2	1
44	2	0.0	2	1 1
45	5	0.0	2	3 2
46	58	0.0	2	43 14 1
47	8661	0.0	2	7975 605 81
48	10645	0.0	2	9731 806 108
49	9873	0.0	2	9040 733 100
50	10429	0.0	2	9650 700 79
51	27	0.0	2	23 1 3
52	1	0.0	2	1
55	1	0.0	2	1
73	1	0.0	2	0 1
74	1	0.0	2	0 0 1
76	2	0.0	2	0 1 1
77	1	0.0	2	0 1
78	2	0.0	2	0 0 2
79	1	0.0	2	0 0 1
81	1	0.0	2	1
82	4	0.0	2	1 2 1
83	5	0.0	2	1 4
84	7	0.0	2	2 3 2
85	2	0.0	2	0 1 1
86	5	0.0	2	1 2 2
87	7	0.0	2	2 0 5
88	28	0.0	2	4 13 11
89	32	0.0	2	3 14 15
90	14	0.0	2	2 5 7
91	11	0.0	2	0 8 3
92	11	0.0	2	0 6 5
93	8	0.0	2	0 4 4
94	4	0.0	2	3 0 1
102	1	0.0	2	1
104	1	0.0	2	0 0 1


=== Second read: Adapter 4 ===

Sequence: AACAACCCTGAACCAGACGT; Type: regular 3'; Length: 20; Trimmed: 312 times

Minimum overlap: 3
No. of allowed errors:
1-9 bp: 0; 10-19 bp: 1; 20 bp: 2

Bases preceding removed adapters:
  A: 90.7%
  C: 2.6%
  G: 5.8%
  T: 1.0%
  none/other: 0.0%
WARNING:
    The adapter is preceded by 'A' extremely often.
    The provided adapter sequence could be incomplete at its 5' end.
    Ignore this warning when trimming primers.

Overview of removed sequences
length	count	expect	max.err	error counts
3	2	637.9	0	2
4	285	159.5	0	285
5	17	39.9	0	17
20	3	0.0	2	3
21	2	0.0	2	2
22	1	0.0	2	1
23	2	0.0	2	2


WARNING:
    One or more of your adapter sequences may be incomplete.
    Please see the detailed output above.
