This is cutadapt 4.0 with Python 3.9.12
Command line parameters: -g ACGTCTGGTTCAGGGTTGTT -a TACCCGCTGAACTTAAGCAT -G ATGCTTAAGTTCAGCGGGTA -A AACAACCCTGAACCAGACGT -n 2 --discard-untrimmed -o C:/Users/tsto3616/Lessons-learnt-amplicon-metabarcoding/Nemabiome_sequences/cutadapt/EF013L-2_S103_L001_R1_001.fastq.gz -p C:/Users/tsto3616/Lessons-learnt-amplicon-metabarcoding/Nemabiome_sequences/cutadapt/EF013L-2_S103_L001_R2_001.fastq.gz C:/Users/tsto3616/Lessons-learnt-amplicon-metabarcoding/Nemabiome_sequences/EF013L-2_S103_L001_R1_001.fastq.gz C:/Users/tsto3616/Lessons-learnt-amplicon-metabarcoding/Nemabiome_sequences/EF013L-2_S103_L001_R2_001.fastq.gz
Processing paired-end reads on 1 core ...
Finished in 3.11 s (82 µs/read; 0.73 M reads/minute).

=== Summary ===

Total read pairs processed:             37,926
  Read 1 with adapter:                  37,831 (99.7%)
  Read 2 with adapter:                  37,058 (97.7%)

== Read fate breakdown ==
Pairs discarded as untrimmed:              897 (2.4%)
Pairs written (passing filters):        37,029 (97.6%)

Total basepairs processed:    19,010,442 bp
  Read 1:     9,509,736 bp
  Read 2:     9,500,706 bp
Total written (filtered):     16,978,891 bp (89.3%)
  Read 1:     8,496,368 bp
  Read 2:     8,482,523 bp

=== First read: Adapter 1 ===

Sequence: ACGTCTGGTTCAGGGTTGTT; Type: regular 5'; Length: 20; Trimmed: 37825 times

Minimum overlap: 3
No. of allowed errors:
1-9 bp: 0; 10-19 bp: 1; 20 bp: 2

Overview of removed sequences
length	count	expect	max.err	error counts
3	2	592.6	0	2
11	1	0.0	1	1
12	1	0.0	1	1
14	1	0.0	1	1
15	1	0.0	1	1
17	1	0.0	1	1
18	15	0.0	1	1 5 9
19	333	0.0	1	29 271 33
20	11950	0.0	2	11059 838 53
21	8689	0.0	2	8016 637 36
22	8100	0.0	2	7399 678 23
23	8633	0.0	2	8208 412 13
24	95	0.0	2	65 29 1
29	1	0.0	2	1
44	1	0.0	2	1
56	1	0.0	2	1


=== First read: Adapter 2 ===

Sequence: TACCCGCTGAACTTAAGCAT; Type: regular 3'; Length: 20; Trimmed: 18 times

Minimum overlap: 3
No. of allowed errors:
1-9 bp: 0; 10-19 bp: 1; 20 bp: 2

Bases preceding removed adapters:
  A: 11.1%
  C: 44.4%
  G: 27.8%
  T: 16.7%
  none/other: 0.0%

Overview of removed sequences
length	count	expect	max.err	error counts
3	8	592.6	0	8
20	2	0.0	2	2
21	2	0.0	2	2
22	2	0.0	2	1 1
23	3	0.0	2	3
248	1	0.0	2	1


=== Second read: Adapter 3 ===

Sequence: ATGCTTAAGTTCAGCGGGTA; Type: regular 5'; Length: 20; Trimmed: 37042 times

Minimum overlap: 3
No. of allowed errors:
1-9 bp: 0; 10-19 bp: 1; 20 bp: 2

Overview of removed sequences
length	count	expect	max.err	error counts
3	3	592.6	0	3
12	1	0.0	1	1
13	2	0.0	1	0 2
14	1	0.0	1	0 1
16	2	0.0	1	1 1
17	4	0.0	1	3 1
18	18	0.0	1	0 0 18
19	349	0.0	1	22 287 40
20	11262	0.0	2	8691 2338 233
21	8567	0.0	2	7850 666 51
22	6827	0.0	2	6255 527 45
23	9701	0.0	2	8586 1013 102
24	227	0.0	2	110 109 8
25	4	0.0	2	0 3 1
47	3	0.0	2	2 1
48	1	0.0	2	0 1
49	3	0.0	2	3
50	7	0.0	2	4 1 2
53	1	0.0	2	0 0 1
54	1	0.0	2	0 0 1
55	2	0.0	2	0 0 2
56	1	0.0	2	0 0 1
57	4	0.0	2	0 0 4
58	7	0.0	2	0 2 5
59	5	0.0	2	1 0 4
60	3	0.0	2	0 0 3
61	14	0.0	2	2 5 7
62	3	0.0	2	0 0 3
63	7	0.0	2	1 3 3
64	6	0.0	2	1 2 3
65	3	0.0	2	1 2
66	2	0.0	2	0 1 1
84	1	0.0	2	0 0 1


=== Second read: Adapter 4 ===

Sequence: AACAACCCTGAACCAGACGT; Type: regular 3'; Length: 20; Trimmed: 222 times

Minimum overlap: 3
No. of allowed errors:
1-9 bp: 0; 10-19 bp: 1; 20 bp: 2

Bases preceding removed adapters:
  A: 90.5%
  C: 3.2%
  G: 4.1%
  T: 2.3%
  none/other: 0.0%
WARNING:
    The adapter is preceded by 'A' extremely often.
    The provided adapter sequence could be incomplete at its 5' end.
    Ignore this warning when trimming primers.

Overview of removed sequences
length	count	expect	max.err	error counts
3	9	592.6	0	9
4	183	148.1	0	183
5	22	37.0	0	22
11	1	0.0	1	0 1
20	2	0.0	2	1 0 1
22	1	0.0	2	0 0 1
23	2	0.0	2	1 0 1
61	1	0.0	2	0 0 1
123	1	0.0	2	0 1


WARNING:
    One or more of your adapter sequences may be incomplete.
    Please see the detailed output above.
