This is cutadapt 4.0 with Python 3.9.12
Command line parameters: -g ACGTCTGGTTCAGGGTTGTT -a TACCCGCTGAACTTAAGCAT -G ATGCTTAAGTTCAGCGGGTA -A AACAACCCTGAACCAGACGT -n 2 --discard-untrimmed -o C:/Users/tsto3616/Lessons-learnt-amplicon-metabarcoding/Nemabiome_sequences/cutadapt/EF015L-2_S131_L001_R1_001.fastq.gz -p C:/Users/tsto3616/Lessons-learnt-amplicon-metabarcoding/Nemabiome_sequences/cutadapt/EF015L-2_S131_L001_R2_001.fastq.gz C:/Users/tsto3616/Lessons-learnt-amplicon-metabarcoding/Nemabiome_sequences/EF015L-2_S131_L001_R1_001.fastq.gz C:/Users/tsto3616/Lessons-learnt-amplicon-metabarcoding/Nemabiome_sequences/EF015L-2_S131_L001_R2_001.fastq.gz
Processing paired-end reads on 1 core ...
Finished in 3.54 s (63 µs/read; 0.96 M reads/minute).

=== Summary ===

Total read pairs processed:             56,485
  Read 1 with adapter:                  56,290 (99.7%)
  Read 2 with adapter:                  54,923 (97.2%)

== Read fate breakdown ==
Pairs discarded as untrimmed:            1,625 (2.9%)
Pairs written (passing filters):        54,860 (97.1%)

Total basepairs processed:    28,302,809 bp
  Read 1:    14,156,775 bp
  Read 2:    14,146,034 bp
Total written (filtered):     25,142,819 bp (88.8%)
  Read 1:    12,581,389 bp
  Read 2:    12,561,430 bp

=== First read: Adapter 1 ===

Sequence: ACGTCTGGTTCAGGGTTGTT; Type: regular 5'; Length: 20; Trimmed: 56283 times

Minimum overlap: 3
No. of allowed errors:
1-9 bp: 0; 10-19 bp: 1; 20 bp: 2

Overview of removed sequences
length	count	expect	max.err	error counts
3	86	882.6	0	86
11	1	0.0	1	1
13	1	0.0	1	1
17	4	0.0	1	2 2
18	27	0.0	1	1 11 15
19	513	0.0	1	67 412 34
20	17060	0.0	2	15880 1121 59
21	13239	0.0	2	12282 896 61
22	12104	0.0	2	11150 926 28
23	13139	0.0	2	12552 574 13
24	106	0.0	2	70 33 3
25	1	0.0	2	0 1
43	1	0.0	2	0 0 1
51	1	0.0	2	0 1


=== First read: Adapter 2 ===

Sequence: TACCCGCTGAACTTAAGCAT; Type: regular 3'; Length: 20; Trimmed: 41 times

Minimum overlap: 3
No. of allowed errors:
1-9 bp: 0; 10-19 bp: 1; 20 bp: 2

Bases preceding removed adapters:
  A: 9.8%
  C: 61.0%
  G: 17.1%
  T: 12.2%
  none/other: 0.0%

Overview of removed sequences
length	count	expect	max.err	error counts
3	16	882.6	0	16
6	2	13.8	0	2
19	1	0.0	1	0 1
20	12	0.0	2	11 1
21	3	0.0	2	3
22	2	0.0	2	2
23	3	0.0	2	3
68	1	0.0	2	1
213	1	0.0	2	1


=== Second read: Adapter 3 ===

Sequence: ATGCTTAAGTTCAGCGGGTA; Type: regular 5'; Length: 20; Trimmed: 54896 times

Minimum overlap: 3
No. of allowed errors:
1-9 bp: 0; 10-19 bp: 1; 20 bp: 2

Overview of removed sequences
length	count	expect	max.err	error counts
3	6	882.6	0	6
4	2	220.6	0	2
11	1	0.0	1	1
12	3	0.0	1	2 1
13	3	0.0	1	2 1
14	2	0.0	1	1 1
15	4	0.0	1	1 3
16	5	0.0	1	0 5
17	10	0.0	1	9 1
18	32	0.0	1	2 3 27
19	464	0.0	1	20 384 60
20	16656	0.0	2	12439 3750 467
21	12893	0.0	2	11847 959 87
22	10043	0.0	2	9225 735 83
23	14253	0.0	2	12684 1453 116
24	315	0.0	2	154 155 6
25	10	0.0	2	0 7 3
45	1	0.0	2	0 0 1
47	1	0.0	2	0 0 1
48	8	0.0	2	3 3 2
49	2	0.0	2	1 1
50	5	0.0	2	3 1 1
51	2	0.0	2	1 0 1
52	4	0.0	2	0 2 2
53	11	0.0	2	2 1 8
54	5	0.0	2	0 2 3
55	9	0.0	2	0 2 7
56	9	0.0	2	1 2 6
57	9	0.0	2	2 1 6
58	15	0.0	2	2 6 7
59	6	0.0	2	0 5 1
60	9	0.0	2	1 4 4
61	21	0.0	2	7 5 9
62	21	0.0	2	1 6 14
63	12	0.0	2	1 4 7
64	15	0.0	2	1 7 7
65	13	0.0	2	2 2 9
66	6	0.0	2	1 3 2
67	8	0.0	2	1 3 4
68	2	0.0	2	0 1 1


=== Second read: Adapter 4 ===

Sequence: AACAACCCTGAACCAGACGT; Type: regular 3'; Length: 20; Trimmed: 156 times

Minimum overlap: 3
No. of allowed errors:
1-9 bp: 0; 10-19 bp: 1; 20 bp: 2

Bases preceding removed adapters:
  A: 75.0%
  C: 10.3%
  G: 9.0%
  T: 5.8%
  none/other: 0.0%

Overview of removed sequences
length	count	expect	max.err	error counts
3	20	882.6	0	20
4	83	220.6	0	83
5	34	55.2	0	34
7	2	3.4	0	2
20	2	0.0	2	1 0 1
21	7	0.0	2	1 1 5
22	4	0.0	2	2 2
23	3	0.0	2	0 1 2
206	1	0.0	2	0 0 1
