This is cutadapt 4.0 with Python 3.9.12
Command line parameters: -g ACGTCTGGTTCAGGGTTGTT -a TACCCGCTGAACTTAAGCAT -G ATGCTTAAGTTCAGCGGGTA -A AACAACCCTGAACCAGACGT -n 2 --discard-untrimmed -o C:/Users/tsto3616/Lessons-learnt-amplicon-metabarcoding/Nemabiome_sequences/cutadapt/EF017L-7_S164_L001_R1_001.fastq.gz -p C:/Users/tsto3616/Lessons-learnt-amplicon-metabarcoding/Nemabiome_sequences/cutadapt/EF017L-7_S164_L001_R2_001.fastq.gz C:/Users/tsto3616/Lessons-learnt-amplicon-metabarcoding/Nemabiome_sequences/EF017L-7_S164_L001_R1_001.fastq.gz C:/Users/tsto3616/Lessons-learnt-amplicon-metabarcoding/Nemabiome_sequences/EF017L-7_S164_L001_R2_001.fastq.gz
Processing paired-end reads on 1 core ...
Finished in 2.34 s (63 µs/read; 0.96 M reads/minute).

=== Summary ===

Total read pairs processed:             37,332
  Read 1 with adapter:                  37,273 (99.8%)
  Read 2 with adapter:                  36,508 (97.8%)

== Read fate breakdown ==
Pairs discarded as untrimmed:              845 (2.3%)
Pairs written (passing filters):        36,487 (97.7%)

Total basepairs processed:    18,707,060 bp
  Read 1:     9,349,050 bp
  Read 2:     9,358,010 bp
Total written (filtered):     15,733,694 bp (84.1%)
  Read 1:     8,363,442 bp
  Read 2:     7,370,252 bp

=== First read: Adapter 1 ===

Sequence: ACGTCTGGTTCAGGGTTGTT; Type: regular 5'; Length: 20; Trimmed: 37270 times

Minimum overlap: 3
No. of allowed errors:
1-9 bp: 0; 10-19 bp: 1; 20 bp: 2

Overview of removed sequences
length	count	expect	max.err	error counts
3	63	583.3	0	63
11	1	0.0	1	0 1
15	1	0.0	1	1
16	2	0.0	1	0 2
17	2	0.0	1	2
18	9	0.0	1	3 2 4
19	165	0.0	1	33 126 6
20	13015	0.0	2	12688 321 6
21	9476	0.0	2	9211 254 11
22	6261	0.0	2	6026 229 6
23	8252	0.0	2	8049 195 8
24	22	0.0	2	18 4
218	1	0.0	2	1


=== First read: Adapter 2 ===

Sequence: TACCCGCTGAACTTAAGCAT; Type: regular 3'; Length: 20; Trimmed: 23 times

Minimum overlap: 3
No. of allowed errors:
1-9 bp: 0; 10-19 bp: 1; 20 bp: 2

Bases preceding removed adapters:
  A: 21.7%
  C: 52.2%
  G: 0.0%
  T: 26.1%
  none/other: 0.0%

Overview of removed sequences
length	count	expect	max.err	error counts
3	18	583.3	0	18
6	1	9.1	0	1
47	2	0.0	2	1 1
48	1	0.0	2	1
49	1	0.0	2	0 1


=== Second read: Adapter 3 ===

Sequence: ATGCTTAAGTTCAGCGGGTA; Type: regular 5'; Length: 20; Trimmed: 36495 times

Minimum overlap: 3
No. of allowed errors:
1-9 bp: 0; 10-19 bp: 1; 20 bp: 2

Overview of removed sequences
length	count	expect	max.err	error counts
3	12	583.3	0	12
4	1	145.8	0	1
20	1	0.0	2	0 1
21	4	0.0	2	3 1
22	6	0.0	2	4 1 1
23	3	0.0	2	2 1
38	2	0.0	2	2
40	3	0.0	2	3
41	2	0.0	2	2
42	1	0.0	2	1
43	3	0.0	2	2 0 1
44	6	0.0	2	5 1
45	6	0.0	2	6
46	51	0.0	2	40 8 3
47	7990	0.0	2	7390 531 69
48	9765	0.0	2	9018 641 106
49	9056	0.0	2	8363 620 73
50	9384	0.0	2	8683 630 71
51	26	0.0	2	22 2 2
52	1	0.0	2	1
73	2	0.0	2	0 2
76	1	0.0	2	0 1
77	1	0.0	2	1
78	4	0.0	2	1 0 3
80	1	0.0	2	0 0 1
81	3	0.0	2	0 1 2
82	3	0.0	2	0 0 3
83	3	0.0	2	0 0 3
84	2	0.0	2	1 1
85	1	0.0	2	1
86	3	0.0	2	1 2
87	11	0.0	2	0 6 5
88	38	0.0	2	3 16 19
89	28	0.0	2	4 12 12
90	12	0.0	2	4 4 4
91	32	0.0	2	3 13 16
92	13	0.0	2	2 6 5
93	7	0.0	2	1 4 2
94	6	0.0	2	1 4 1
100	1	0.0	2	1


=== Second read: Adapter 4 ===

Sequence: AACAACCCTGAACCAGACGT; Type: regular 3'; Length: 20; Trimmed: 247 times

Minimum overlap: 3
No. of allowed errors:
1-9 bp: 0; 10-19 bp: 1; 20 bp: 2

Bases preceding removed adapters:
  A: 85.0%
  C: 2.0%
  G: 9.7%
  T: 3.2%
  none/other: 0.0%
WARNING:
    The adapter is preceded by 'A' extremely often.
    The provided adapter sequence could be incomplete at its 5' end.
    Ignore this warning when trimming primers.

Overview of removed sequences
length	count	expect	max.err	error counts
3	3	583.3	0	3
4	223	145.8	0	223
5	12	36.5	0	12
20	2	0.0	2	2
21	4	0.0	2	4
23	3	0.0	2	2 1


WARNING:
    One or more of your adapter sequences may be incomplete.
    Please see the detailed output above.
