This is cutadapt 4.0 with Python 3.9.12
Command line parameters: -g ACGTCTGGTTCAGGGTTGTT -a TACCCGCTGAACTTAAGCAT -G ATGCTTAAGTTCAGCGGGTA -A AACAACCCTGAACCAGACGT -n 2 --discard-untrimmed -o C:/Users/tsto3616/Lessons-learnt-amplicon-metabarcoding/Nemabiome_sequences/cutadapt/EF013L-10_S98_L001_R1_001.fastq.gz -p C:/Users/tsto3616/Lessons-learnt-amplicon-metabarcoding/Nemabiome_sequences/cutadapt/EF013L-10_S98_L001_R2_001.fastq.gz C:/Users/tsto3616/Lessons-learnt-amplicon-metabarcoding/Nemabiome_sequences/EF013L-10_S98_L001_R1_001.fastq.gz C:/Users/tsto3616/Lessons-learnt-amplicon-metabarcoding/Nemabiome_sequences/EF013L-10_S98_L001_R2_001.fastq.gz
Processing paired-end reads on 1 core ...
Finished in 3.30 s (86 µs/read; 0.70 M reads/minute).

=== Summary ===

Total read pairs processed:             38,396
  Read 1 with adapter:                  38,282 (99.7%)
  Read 2 with adapter:                  37,518 (97.7%)

== Read fate breakdown ==
Pairs discarded as untrimmed:              903 (2.4%)
Pairs written (passing filters):        37,493 (97.6%)

Total basepairs processed:    19,099,678 bp
  Read 1:     9,547,905 bp
  Read 2:     9,551,773 bp
Total written (filtered):     16,067,311 bp (84.1%)
  Read 1:     8,539,986 bp
  Read 2:     7,527,325 bp

=== First read: Adapter 1 ===

Sequence: ACGTCTGGTTCAGGGTTGTT; Type: regular 5'; Length: 20; Trimmed: 38283 times

Minimum overlap: 3
No. of allowed errors:
1-9 bp: 0; 10-19 bp: 1; 20 bp: 2

Overview of removed sequences
length	count	expect	max.err	error counts
3	1	599.9	0	1
11	2	0.0	1	1 1
13	1	0.0	1	1
17	2	0.0	1	2
18	10	0.0	1	1 2 7
19	188	0.0	1	28 149 11
20	13874	0.0	2	13499 369 6
21	9534	0.0	2	9286 237 11
22	6300	0.0	2	6091 204 5
23	8349	0.0	2	8144 196 9
24	22	0.0	2	17 5


=== First read: Adapter 2 ===

Sequence: TACCCGCTGAACTTAAGCAT; Type: regular 3'; Length: 20; Trimmed: 19 times

Minimum overlap: 3
No. of allowed errors:
1-9 bp: 0; 10-19 bp: 1; 20 bp: 2

Bases preceding removed adapters:
  A: 21.1%
  C: 31.6%
  G: 10.5%
  T: 31.6%
  none/other: 5.3%

Overview of removed sequences
length	count	expect	max.err	error counts
3	13	599.9	0	13
11	1	0.0	1	1
47	1	0.0	2	1
48	1	0.0	2	1
49	1	0.0	2	0 1
50	2	0.0	2	2


=== Second read: Adapter 3 ===

Sequence: ATGCTTAAGTTCAGCGGGTA; Type: regular 5'; Length: 20; Trimmed: 37154 times

Minimum overlap: 3
No. of allowed errors:
1-9 bp: 0; 10-19 bp: 1; 20 bp: 2

Overview of removed sequences
length	count	expect	max.err	error counts
3	107	599.9	0	107
4	1	150.0	0	1
20	7	0.0	2	3 3 1
21	2	0.0	2	0 1 1
22	2	0.0	2	1 1
23	5	0.0	2	1 3 1
39	1	0.0	2	1
40	2	0.0	2	2
43	1	0.0	2	1
44	3	0.0	2	2 1
45	6	0.0	2	4 1 1
46	74	0.0	2	50 22 2
47	8130	0.0	2	7295 731 104
48	9856	0.0	2	8835 902 119
49	9334	0.0	2	8379 853 102
50	9560	0.0	2	8659 817 84
51	35	0.0	2	27 6 2
53	2	0.0	2	2
54	1	0.0	2	1
55	2	0.0	2	2
56	1	0.0	2	1
79	1	0.0	2	0 0 1
83	1	0.0	2	0 1
85	1	0.0	2	0 1
88	4	0.0	2	0 1 3
89	3	0.0	2	1 0 2
90	3	0.0	2	0 0 3
91	5	0.0	2	0 2 3
92	1	0.0	2	0 0 1
94	1	0.0	2	0 0 1
103	1	0.0	2	1
104	1	0.0	2	0 1


=== Second read: Adapter 4 ===

Sequence: AACAACCCTGAACCAGACGT; Type: regular 3'; Length: 20; Trimmed: 727 times

Minimum overlap: 3
No. of allowed errors:
1-9 bp: 0; 10-19 bp: 1; 20 bp: 2

Bases preceding removed adapters:
  A: 60.1%
  C: 4.8%
  G: 32.6%
  T: 2.5%
  none/other: 0.0%

Overview of removed sequences
length	count	expect	max.err	error counts
3	8	599.9	0	8
4	338	150.0	0	338
5	34	37.5	0	34
18	1	0.0	1	0 1
19	3	0.0	1	1 1 1
20	130	0.0	2	120 7 3
21	74	0.0	2	71 3
22	55	0.0	2	51 2 2
23	67	0.0	2	65 1 1
202	2	0.0	2	2
219	1	0.0	2	1
220	1	0.0	2	1
221	3	0.0	2	3
222	4	0.0	2	4
223	3	0.0	2	3
224	2	0.0	2	2
227	1	0.0	2	1
