This is cutadapt 4.0 with Python 3.9.12
Command line parameters: -g ACGTCTGGTTCAGGGTTGTT -a TACCCGCTGAACTTAAGCAT -G ATGCTTAAGTTCAGCGGGTA -A AACAACCCTGAACCAGACGT -n 2 --discard-untrimmed -o C:/Users/tsto3616/Lessons-learnt-amplicon-metabarcoding/Nemabiome_sequences/cutadapt/EF015L-10_S126_L001_R1_001.fastq.gz -p C:/Users/tsto3616/Lessons-learnt-amplicon-metabarcoding/Nemabiome_sequences/cutadapt/EF015L-10_S126_L001_R2_001.fastq.gz C:/Users/tsto3616/Lessons-learnt-amplicon-metabarcoding/Nemabiome_sequences/EF015L-10_S126_L001_R1_001.fastq.gz C:/Users/tsto3616/Lessons-learnt-amplicon-metabarcoding/Nemabiome_sequences/EF015L-10_S126_L001_R2_001.fastq.gz
Processing paired-end reads on 1 core ...
Finished in 3.27 s (73 µs/read; 0.82 M reads/minute).

=== Summary ===

Total read pairs processed:             44,867
  Read 1 with adapter:                  44,693 (99.6%)
  Read 2 with adapter:                  43,856 (97.7%)

== Read fate breakdown ==
Pairs discarded as untrimmed:            1,051 (2.3%)
Pairs written (passing filters):        43,816 (97.7%)

Total basepairs processed:    22,417,846 bp
  Read 1:    11,206,609 bp
  Read 2:    11,211,237 bp
Total written (filtered):     18,860,673 bp (84.1%)
  Read 1:    10,025,541 bp
  Read 2:     8,835,132 bp

=== First read: Adapter 1 ===

Sequence: ACGTCTGGTTCAGGGTTGTT; Type: regular 5'; Length: 20; Trimmed: 44693 times

Minimum overlap: 3
No. of allowed errors:
1-9 bp: 0; 10-19 bp: 1; 20 bp: 2

Overview of removed sequences
length	count	expect	max.err	error counts
3	50	701.0	0	50
15	1	0.0	1	1
16	1	0.0	1	1
17	2	0.0	1	2
18	13	0.0	1	2 2 9
19	200	0.0	1	43 150 7
20	15322	0.0	2	14908 409 5
21	11584	0.0	2	11285 281 18
22	7472	0.0	2	7221 242 9
23	10016	0.0	2	9786 228 2
24	31	0.0	2	21 9 1
52	1	0.0	2	1


=== First read: Adapter 2 ===

Sequence: TACCCGCTGAACTTAAGCAT; Type: regular 3'; Length: 20; Trimmed: 32 times

Minimum overlap: 3
No. of allowed errors:
1-9 bp: 0; 10-19 bp: 1; 20 bp: 2

Bases preceding removed adapters:
  A: 6.2%
  C: 46.9%
  G: 6.2%
  T: 40.6%
  none/other: 0.0%

Overview of removed sequences
length	count	expect	max.err	error counts
3	22	701.0	0	22
4	1	175.3	0	1
11	1	0.0	1	1
43	1	0.0	2	1
47	2	0.0	2	2
48	4	0.0	2	4
50	1	0.0	2	1


=== Second read: Adapter 3 ===

Sequence: ATGCTTAAGTTCAGCGGGTA; Type: regular 5'; Length: 20; Trimmed: 43687 times

Minimum overlap: 3
No. of allowed errors:
1-9 bp: 0; 10-19 bp: 1; 20 bp: 2

Overview of removed sequences
length	count	expect	max.err	error counts
3	58	701.0	0	58
4	2	175.3	0	2
5	1	43.8	0	1
20	5	0.0	2	2 1 2
21	10	0.0	2	5 0 5
22	3	0.0	2	1 2
23	4	0.0	2	2 1 1
34	1	0.0	2	1
40	2	0.0	2	1 1
41	1	0.0	2	1
42	3	0.0	2	2 0 1
43	4	0.0	2	4
44	5	0.0	2	4 0 1
45	3	0.0	2	2 1
46	82	0.0	2	55 24 3
47	9488	0.0	2	8631 764 93
48	11490	0.0	2	10411 972 107
49	10944	0.0	2	9994 858 92
50	11460	0.0	2	10491 874 95
51	33	0.0	2	30 2 1
79	3	0.0	2	2 0 1
80	2	0.0	2	0 1 1
81	1	0.0	2	0 0 1
83	1	0.0	2	0 1
84	3	0.0	2	1 0 2
85	2	0.0	2	1 0 1
86	4	0.0	2	0 2 2
87	4	0.0	2	1 1 2
88	16	0.0	2	1 6 9
89	20	0.0	2	1 5 14
90	9	0.0	2	2 3 4
91	8	0.0	2	0 1 7
92	11	0.0	2	0 4 7
93	3	0.0	2	1 1 1
96	1	0.0	2	1


=== Second read: Adapter 4 ===

Sequence: AACAACCCTGAACCAGACGT; Type: regular 3'; Length: 20; Trimmed: 290 times

Minimum overlap: 3
No. of allowed errors:
1-9 bp: 0; 10-19 bp: 1; 20 bp: 2

Bases preceding removed adapters:
  A: 46.6%
  C: 8.3%
  G: 35.2%
  T: 10.0%
  none/other: 0.0%

Overview of removed sequences
length	count	expect	max.err	error counts
3	11	701.0	0	11
4	100	175.3	0	100
5	22	43.8	0	22
13	1	0.0	1	1
20	60	0.0	2	55 3 2
21	31	0.0	2	30 1
22	24	0.0	2	22 2
23	31	0.0	2	30 1
163	1	0.0	2	0 1
172	1	0.0	2	1
206	1	0.0	2	0 1
218	1	0.0	2	1
219	1	0.0	2	0 1
221	2	0.0	2	1 1
222	1	0.0	2	0 1
223	1	0.0	2	0 1
227	1	0.0	2	0 0 1
