This is cutadapt 4.0 with Python 3.9.12
Command line parameters: -g ACGTCTGGTTCAGGGTTGTT -a TACCCGCTGAACTTAAGCAT -G ATGCTTAAGTTCAGCGGGTA -A AACAACCCTGAACCAGACGT -n 2 --discard-untrimmed -o C:/Users/tsto3616/Lessons-learnt-amplicon-metabarcoding/Nemabiome_sequences/cutadapt/EF014L-8_S123_L001_R1_001.fastq.gz -p C:/Users/tsto3616/Lessons-learnt-amplicon-metabarcoding/Nemabiome_sequences/cutadapt/EF014L-8_S123_L001_R2_001.fastq.gz C:/Users/tsto3616/Lessons-learnt-amplicon-metabarcoding/Nemabiome_sequences/EF014L-8_S123_L001_R1_001.fastq.gz C:/Users/tsto3616/Lessons-learnt-amplicon-metabarcoding/Nemabiome_sequences/EF014L-8_S123_L001_R2_001.fastq.gz
Processing paired-end reads on 1 core ...
Finished in 2.54 s (69 µs/read; 0.87 M reads/minute).

=== Summary ===

Total read pairs processed:             36,607
  Read 1 with adapter:                  36,478 (99.6%)
  Read 2 with adapter:                  35,728 (97.6%)

== Read fate breakdown ==
Pairs discarded as untrimmed:              917 (2.5%)
Pairs written (passing filters):        35,690 (97.5%)

Total basepairs processed:    18,352,038 bp
  Read 1:     9,180,748 bp
  Read 2:     9,171,290 bp
Total written (filtered):     16,366,674 bp (89.2%)
  Read 1:     8,190,022 bp
  Read 2:     8,176,652 bp

=== First read: Adapter 1 ===

Sequence: ACGTCTGGTTCAGGGTTGTT; Type: regular 5'; Length: 20; Trimmed: 36478 times

Minimum overlap: 3
No. of allowed errors:
1-9 bp: 0; 10-19 bp: 1; 20 bp: 2

Overview of removed sequences
length	count	expect	max.err	error counts
3	44	572.0	0	44
4	1	143.0	0	1
12	1	0.0	1	1
17	4	0.0	1	4
18	23	0.0	1	4 5 14
19	338	0.0	1	35 267 36
20	11011	0.0	2	10210 759 42
21	8533	0.0	2	7899 597 37
22	7951	0.0	2	7273 661 17
23	8488	0.0	2	8092 381 15
24	83	0.0	2	49 31 3
25	1	0.0	2	1


=== First read: Adapter 2 ===

Sequence: TACCCGCTGAACTTAAGCAT; Type: regular 3'; Length: 20; Trimmed: 17 times

Minimum overlap: 3
No. of allowed errors:
1-9 bp: 0; 10-19 bp: 1; 20 bp: 2

Bases preceding removed adapters:
  A: 5.9%
  C: 23.5%
  G: 47.1%
  T: 23.5%
  none/other: 0.0%

Overview of removed sequences
length	count	expect	max.err	error counts
3	7	572.0	0	7
20	1	0.0	2	1
22	7	0.0	2	2 5
23	1	0.0	2	0 1
70	1	0.0	2	0 1


=== Second read: Adapter 3 ===

Sequence: ATGCTTAAGTTCAGCGGGTA; Type: regular 5'; Length: 20; Trimmed: 35711 times

Minimum overlap: 3
No. of allowed errors:
1-9 bp: 0; 10-19 bp: 1; 20 bp: 2

Overview of removed sequences
length	count	expect	max.err	error counts
3	12	572.0	0	12
4	1	143.0	0	1
5	1	35.7	0	1
11	4	0.0	1	4
14	2	0.0	1	0 2
15	3	0.0	1	1 2
16	2	0.0	1	0 2
17	6	0.0	1	4 2
18	23	0.0	1	1 5 17
19	354	0.0	1	22 290 42
20	11355	0.0	2	8380 2633 342
21	8224	0.0	2	7525 636 63
22	6471	0.0	2	5943 486 42
23	8931	0.0	2	7788 1047 96
24	212	0.0	2	115 93 4
25	4	0.0	2	0 4
29	1	0.0	2	1
47	4	0.0	2	3 0 1
48	9	0.0	2	2 3 4
49	7	0.0	2	5 1 1
50	5	0.0	2	1 4
52	3	0.0	2	0 2 1
53	1	0.0	2	0 0 1
54	2	0.0	2	0 1 1
55	7	0.0	2	0 2 5
56	1	0.0	2	0 0 1
57	5	0.0	2	1 1 3
58	5	0.0	2	2 1 2
59	4	0.0	2	1 2 1
60	3	0.0	2	0 1 2
61	13	0.0	2	0 5 8
62	11	0.0	2	0 3 8
63	8	0.0	2	2 1 5
64	6	0.0	2	1 4 1
65	4	0.0	2	0 2 2
66	3	0.0	2	0 2 1
67	4	0.0	2	1 0 3


=== Second read: Adapter 4 ===

Sequence: AACAACCCTGAACCAGACGT; Type: regular 3'; Length: 20; Trimmed: 420 times

Minimum overlap: 3
No. of allowed errors:
1-9 bp: 0; 10-19 bp: 1; 20 bp: 2

Bases preceding removed adapters:
  A: 92.6%
  C: 1.7%
  G: 2.9%
  T: 2.9%
  none/other: 0.0%
WARNING:
    The adapter is preceded by 'A' extremely often.
    The provided adapter sequence could be incomplete at its 5' end.
    Ignore this warning when trimming primers.

Overview of removed sequences
length	count	expect	max.err	error counts
3	15	572.0	0	15
4	362	143.0	0	362
5	33	35.7	0	33
11	1	0.0	1	0 1
20	2	0.0	2	2
21	3	0.0	2	3
22	2	0.0	2	2
23	1	0.0	2	1
69	1	0.0	2	1


WARNING:
    One or more of your adapter sequences may be incomplete.
    Please see the detailed output above.
