This is cutadapt 4.0 with Python 3.9.12
Command line parameters: -g ACGTCTGGTTCAGGGTTGTT -a TACCCGCTGAACTTAAGCAT -G ATGCTTAAGTTCAGCGGGTA -A AACAACCCTGAACCAGACGT -n 2 --discard-untrimmed -o C:/Users/tsto3616/Lessons-learnt-amplicon-metabarcoding/Nemabiome_sequences/cutadapt/EF017L-12_S156_L001_R1_001.fastq.gz -p C:/Users/tsto3616/Lessons-learnt-amplicon-metabarcoding/Nemabiome_sequences/cutadapt/EF017L-12_S156_L001_R2_001.fastq.gz C:/Users/tsto3616/Lessons-learnt-amplicon-metabarcoding/Nemabiome_sequences/EF017L-12_S156_L001_R1_001.fastq.gz C:/Users/tsto3616/Lessons-learnt-amplicon-metabarcoding/Nemabiome_sequences/EF017L-12_S156_L001_R2_001.fastq.gz
Processing paired-end reads on 1 core ...
Finished in 4.24 s (80 µs/read; 0.75 M reads/minute).

=== Summary ===

Total read pairs processed:             52,708
  Read 1 with adapter:                  52,551 (99.7%)
  Read 2 with adapter:                  51,259 (97.3%)

== Read fate breakdown ==
Pairs discarded as untrimmed:            1,509 (2.9%)
Pairs written (passing filters):        51,199 (97.1%)

Total basepairs processed:    26,400,208 bp
  Read 1:    13,202,793 bp
  Read 2:    13,197,415 bp
Total written (filtered):     23,455,029 bp (88.8%)
  Read 1:    11,733,495 bp
  Read 2:    11,721,534 bp

=== First read: Adapter 1 ===

Sequence: ACGTCTGGTTCAGGGTTGTT; Type: regular 5'; Length: 20; Trimmed: 52551 times

Minimum overlap: 3
No. of allowed errors:
1-9 bp: 0; 10-19 bp: 1; 20 bp: 2

Overview of removed sequences
length	count	expect	max.err	error counts
3	6	823.6	0	6
10	1	0.1	1	1
13	1	0.0	1	1
17	5	0.0	1	4 1
18	24	0.0	1	1 4 19
19	486	0.0	1	41 404 41
20	16378	0.0	2	15140 1180 58
21	12169	0.0	2	11251 866 52
22	11333	0.0	2	10438 872 23
23	12025	0.0	2	11479 528 18
24	121	0.0	2	74 44 3
25	2	0.0	2	1 0 1


=== First read: Adapter 2 ===

Sequence: TACCCGCTGAACTTAAGCAT; Type: regular 3'; Length: 20; Trimmed: 28 times

Minimum overlap: 3
No. of allowed errors:
1-9 bp: 0; 10-19 bp: 1; 20 bp: 2

Bases preceding removed adapters:
  A: 0.0%
  C: 82.1%
  G: 7.1%
  T: 10.7%
  none/other: 0.0%
WARNING:
    The adapter is preceded by 'C' extremely often.
    The provided adapter sequence could be incomplete at its 5' end.
    Ignore this warning when trimming primers.

Overview of removed sequences
length	count	expect	max.err	error counts
3	24	823.6	0	24
20	1	0.0	2	1
23	1	0.0	2	1
116	1	0.0	2	1
176	1	0.0	2	1


=== Second read: Adapter 3 ===

Sequence: ATGCTTAAGTTCAGCGGGTA; Type: regular 5'; Length: 20; Trimmed: 51226 times

Minimum overlap: 3
No. of allowed errors:
1-9 bp: 0; 10-19 bp: 1; 20 bp: 2

Overview of removed sequences
length	count	expect	max.err	error counts
3	41	823.6	0	41
4	5	205.9	0	5
9	1	0.2	0	1
11	4	0.0	1	3 1
12	3	0.0	1	2 1
13	3	0.0	1	1 2
14	4	0.0	1	3 1
15	3	0.0	1	1 2
16	2	0.0	1	2
17	7	0.0	1	5 2
18	32	0.0	1	1 3 28
19	476	0.0	1	22 393 61
20	15895	0.0	2	12146 3333 416
21	12016	0.0	2	10932 981 103
22	9360	0.0	2	8503 778 79
23	12941	0.0	2	11262 1527 152
24	255	0.0	2	139 111 5
25	3	0.0	2	1 0 2
45	2	0.0	2	0 0 2
47	7	0.0	2	2 4 1
48	10	0.0	2	3 4 3
49	6	0.0	2	3 3
50	10	0.0	2	6 0 4
51	1	0.0	2	0 0 1
52	4	0.0	2	0 2 2
53	2	0.0	2	0 2
54	3	0.0	2	1 0 2
55	5	0.0	2	0 2 3
56	7	0.0	2	0 2 5
57	13	0.0	2	1 2 10
58	10	0.0	2	0 4 6
59	9	0.0	2	0 7 2
60	5	0.0	2	0 2 3
61	12	0.0	2	1 5 6
62	18	0.0	2	1 2 15
63	10	0.0	2	1 5 4
64	14	0.0	2	0 7 7
65	6	0.0	2	1 0 5
66	11	0.0	2	2 5 4
67	6	0.0	2	1 1 4
68	3	0.0	2	0 1 2
90	1	0.0	2	0 0 1


=== Second read: Adapter 4 ===

Sequence: AACAACCCTGAACCAGACGT; Type: regular 3'; Length: 20; Trimmed: 329 times

Minimum overlap: 3
No. of allowed errors:
1-9 bp: 0; 10-19 bp: 1; 20 bp: 2

Bases preceding removed adapters:
  A: 86.9%
  C: 7.9%
  G: 3.3%
  T: 1.8%
  none/other: 0.0%
WARNING:
    The adapter is preceded by 'A' extremely often.
    The provided adapter sequence could be incomplete at its 5' end.
    Ignore this warning when trimming primers.

Overview of removed sequences
length	count	expect	max.err	error counts
3	32	823.6	0	32
4	241	205.9	0	241
5	51	51.5	0	51
6	2	12.9	0	2
20	1	0.0	2	0 1
21	2	0.0	2	1 1


WARNING:
    One or more of your adapter sequences may be incomplete.
    Please see the detailed output above.
