This is cutadapt 4.0 with Python 3.9.12
Command line parameters: -g ACGTCTGGTTCAGGGTTGTT -a TACCCGCTGAACTTAAGCAT -G ATGCTTAAGTTCAGCGGGTA -A AACAACCCTGAACCAGACGT -n 2 --discard-untrimmed -o C:/Users/tsto3616/Lessons-learnt-amplicon-metabarcoding/Nemabiome_sequences/cutadapt/EF015L-9_S138_L001_R1_001.fastq.gz -p C:/Users/tsto3616/Lessons-learnt-amplicon-metabarcoding/Nemabiome_sequences/cutadapt/EF015L-9_S138_L001_R2_001.fastq.gz C:/Users/tsto3616/Lessons-learnt-amplicon-metabarcoding/Nemabiome_sequences/EF015L-9_S138_L001_R1_001.fastq.gz C:/Users/tsto3616/Lessons-learnt-amplicon-metabarcoding/Nemabiome_sequences/EF015L-9_S138_L001_R2_001.fastq.gz
Processing paired-end reads on 1 core ...
Finished in 2.35 s (59 µs/read; 1.03 M reads/minute).

=== Summary ===

Total read pairs processed:             40,159
  Read 1 with adapter:                  40,030 (99.7%)
  Read 2 with adapter:                  39,271 (97.8%)

== Read fate breakdown ==
Pairs discarded as untrimmed:              908 (2.3%)
Pairs written (passing filters):        39,251 (97.7%)

Total basepairs processed:    20,020,571 bp
  Read 1:    10,008,654 bp
  Read 2:    10,011,917 bp
Total written (filtered):     16,852,330 bp (84.2%)
  Read 1:     8,959,336 bp
  Read 2:     7,892,994 bp

=== First read: Adapter 1 ===

Sequence: ACGTCTGGTTCAGGGTTGTT; Type: regular 5'; Length: 20; Trimmed: 40031 times

Minimum overlap: 3
No. of allowed errors:
1-9 bp: 0; 10-19 bp: 1; 20 bp: 2

Overview of removed sequences
length	count	expect	max.err	error counts
3	1	627.5	0	1
13	2	0.0	1	1 1
18	14	0.0	1	1 5 8
19	178	0.0	1	29 140 9
20	13959	0.0	2	13607 340 12
21	10169	0.0	2	9948 212 9
22	6678	0.0	2	6487 185 6
23	9003	0.0	2	8792 206 5
24	26	0.0	2	17 8 1
52	1	0.0	2	1


=== First read: Adapter 2 ===

Sequence: TACCCGCTGAACTTAAGCAT; Type: regular 3'; Length: 20; Trimmed: 14 times

Minimum overlap: 3
No. of allowed errors:
1-9 bp: 0; 10-19 bp: 1; 20 bp: 2

Bases preceding removed adapters:
  A: 0.0%
  C: 42.9%
  G: 21.4%
  T: 35.7%
  none/other: 0.0%

Overview of removed sequences
length	count	expect	max.err	error counts
3	11	627.5	0	11
17	1	0.0	1	1
48	1	0.0	2	1
49	1	0.0	2	1


=== Second read: Adapter 3 ===

Sequence: ATGCTTAAGTTCAGCGGGTA; Type: regular 5'; Length: 20; Trimmed: 38991 times

Minimum overlap: 3
No. of allowed errors:
1-9 bp: 0; 10-19 bp: 1; 20 bp: 2

Overview of removed sequences
length	count	expect	max.err	error counts
3	37	627.5	0	37
5	1	39.2	0	1
20	3	0.0	2	2 1
21	3	0.0	2	2 0 1
22	3	0.0	2	2 1
23	3	0.0	2	0 1 2
39	1	0.0	2	1
41	2	0.0	2	2
43	2	0.0	2	1 1
44	3	0.0	2	3
45	8	0.0	2	8
46	63	0.0	2	41 20 2
47	8512	0.0	2	7767 662 83
48	10264	0.0	2	9329 833 102
49	9785	0.0	2	8953 766 66
50	10182	0.0	2	9282 838 62
51	34	0.0	2	27 6 1
71	1	0.0	2	1
76	1	0.0	2	0 0 1
77	1	0.0	2	0 0 1
80	1	0.0	2	0 0 1
81	2	0.0	2	0 0 2
82	2	0.0	2	0 2
83	3	0.0	2	0 1 2
84	1	0.0	2	1
85	1	0.0	2	0 0 1
86	3	0.0	2	0 1 2
87	5	0.0	2	1 1 3
88	18	0.0	2	1 8 9
89	13	0.0	2	1 5 7
90	8	0.0	2	1 4 3
91	13	0.0	2	0 6 7
92	6	0.0	2	1 2 3
93	4	0.0	2	1 1 2
94	1	0.0	2	1
102	1	0.0	2	1


=== Second read: Adapter 4 ===

Sequence: AACAACCCTGAACCAGACGT; Type: regular 3'; Length: 20; Trimmed: 399 times

Minimum overlap: 3
No. of allowed errors:
1-9 bp: 0; 10-19 bp: 1; 20 bp: 2

Bases preceding removed adapters:
  A: 54.4%
  C: 3.3%
  G: 39.1%
  T: 3.0%
  none/other: 0.3%

Overview of removed sequences
length	count	expect	max.err	error counts
3	6	627.5	0	6
4	106	156.9	0	106
5	25	39.2	0	25
19	1	0.0	1	0 1
20	86	0.0	2	80 5 1
21	68	0.0	2	64 2 2
22	37	0.0	2	34 3
23	51	0.0	2	47 3 1
74	1	0.0	2	1
146	1	0.0	2	0 1
163	1	0.0	2	0 1
167	1	0.0	2	1
168	1	0.0	2	1
208	1	0.0	2	0 0 1
213	1	0.0	2	1
216	1	0.0	2	0 0 1
219	1	0.0	2	1
220	1	0.0	2	1
221	3	0.0	2	2 1
222	1	0.0	2	1
223	3	0.0	2	2 0 1
224	1	0.0	2	1
251	1	0.0	2	0 0 1
