This is cutadapt 4.0 with Python 3.9.12
Command line parameters: -g ACGTCTGGTTCAGGGTTGTT -a TACCCGCTGAACTTAAGCAT -G ATGCTTAAGTTCAGCGGGTA -A AACAACCCTGAACCAGACGT -n 2 --discard-untrimmed -o C:/Users/tsto3616/Lessons-learnt-amplicon-metabarcoding/Nemabiome_sequences/cutadapt/EF015L-11_S127_L001_R1_001.fastq.gz -p C:/Users/tsto3616/Lessons-learnt-amplicon-metabarcoding/Nemabiome_sequences/cutadapt/EF015L-11_S127_L001_R2_001.fastq.gz C:/Users/tsto3616/Lessons-learnt-amplicon-metabarcoding/Nemabiome_sequences/EF015L-11_S127_L001_R1_001.fastq.gz C:/Users/tsto3616/Lessons-learnt-amplicon-metabarcoding/Nemabiome_sequences/EF015L-11_S127_L001_R2_001.fastq.gz
Processing paired-end reads on 1 core ...
Finished in 2.05 s (63 µs/read; 0.95 M reads/minute).

=== Summary ===

Total read pairs processed:             32,454
  Read 1 with adapter:                  32,328 (99.6%)
  Read 2 with adapter:                  31,738 (97.8%)

== Read fate breakdown ==
Pairs discarded as untrimmed:              747 (2.3%)
Pairs written (passing filters):        31,707 (97.7%)

Total basepairs processed:    16,199,140 bp
  Read 1:     8,098,450 bp
  Read 2:     8,100,690 bp
Total written (filtered):     13,636,155 bp (84.2%)
  Read 1:     7,249,177 bp
  Read 2:     6,386,978 bp

=== First read: Adapter 1 ===

Sequence: ACGTCTGGTTCAGGGTTGTT; Type: regular 5'; Length: 20; Trimmed: 32328 times

Minimum overlap: 3
No. of allowed errors:
1-9 bp: 0; 10-19 bp: 1; 20 bp: 2

Overview of removed sequences
length	count	expect	max.err	error counts
3	49	507.1	0	49
13	1	0.0	1	1
17	1	0.0	1	0 1
18	4	0.0	1	1 0 3
19	156	0.0	1	34 115 7
20	11411	0.0	2	11134 269 8
21	8301	0.0	2	8076 212 13
22	5382	0.0	2	5218 162 2
23	7001	0.0	2	6862 134 5
24	22	0.0	2	16 6


=== First read: Adapter 2 ===

Sequence: TACCCGCTGAACTTAAGCAT; Type: regular 3'; Length: 20; Trimmed: 18 times

Minimum overlap: 3
No. of allowed errors:
1-9 bp: 0; 10-19 bp: 1; 20 bp: 2

Bases preceding removed adapters:
  A: 0.0%
  C: 77.8%
  G: 0.0%
  T: 22.2%
  none/other: 0.0%

Overview of removed sequences
length	count	expect	max.err	error counts
3	15	507.1	0	15
4	1	126.8	0	1
6	1	7.9	0	1
48	1	0.0	2	1


=== Second read: Adapter 3 ===

Sequence: ATGCTTAAGTTCAGCGGGTA; Type: regular 5'; Length: 20; Trimmed: 31582 times

Minimum overlap: 3
No. of allowed errors:
1-9 bp: 0; 10-19 bp: 1; 20 bp: 2

Overview of removed sequences
length	count	expect	max.err	error counts
3	29	507.1	0	29
4	2	126.8	0	2
5	2	31.7	0	2
20	3	0.0	2	2 1
21	7	0.0	2	2 2 3
22	11	0.0	2	8 2 1
23	4	0.0	2	3 0 1
37	1	0.0	2	1
40	1	0.0	2	0 1
41	1	0.0	2	1
43	5	0.0	2	5
44	2	0.0	2	1 1
45	6	0.0	2	5 1
46	55	0.0	2	38 15 2
47	6907	0.0	2	6294 566 47
48	8592	0.0	2	7841 664 87
49	7745	0.0	2	7078 611 56
50	8112	0.0	2	7414 651 47
51	29	0.0	2	28 1
52	1	0.0	2	1
62	1	0.0	2	0 0 1
74	1	0.0	2	0 0 1
75	1	0.0	2	0 0 1
79	1	0.0	2	0 1
81	1	0.0	2	0 1
82	1	0.0	2	0 0 1
84	2	0.0	2	0 1 1
85	2	0.0	2	0 1 1
87	5	0.0	2	0 2 3
88	14	0.0	2	1 6 7
89	17	0.0	2	3 5 9
90	12	0.0	2	3 6 3
91	4	0.0	2	1 1 2
92	4	0.0	2	0 2 2
93	1	0.0	2	0 0 1


=== Second read: Adapter 4 ===

Sequence: AACAACCCTGAACCAGACGT; Type: regular 3'; Length: 20; Trimmed: 253 times

Minimum overlap: 3
No. of allowed errors:
1-9 bp: 0; 10-19 bp: 1; 20 bp: 2

Bases preceding removed adapters:
  A: 48.6%
  C: 8.3%
  G: 40.7%
  T: 2.4%
  none/other: 0.0%

Overview of removed sequences
length	count	expect	max.err	error counts
3	6	507.1	0	6
4	80	126.8	0	80
5	15	31.7	0	15
6	1	7.9	0	1
7	1	2.0	0	1
20	47	0.0	2	44 2 1
21	39	0.0	2	35 2 2
22	22	0.0	2	20 0 2
23	35	0.0	2	33 2
77	1	0.0	2	0 0 1
218	1	0.0	2	0 1
220	1	0.0	2	1
221	1	0.0	2	1
223	3	0.0	2	2 1
