This is cutadapt 4.0 with Python 3.9.12
Command line parameters: -g ACGTCTGGTTCAGGGTTGTT -a TACCCGCTGAACTTAAGCAT -G ATGCTTAAGTTCAGCGGGTA -A AACAACCCTGAACCAGACGT -n 2 --discard-untrimmed -o C:/Users/tsto3616/Lessons-learnt-amplicon-metabarcoding/Nemabiome_sequences/cutadapt/EF013L-9_S110_L001_R1_001.fastq.gz -p C:/Users/tsto3616/Lessons-learnt-amplicon-metabarcoding/Nemabiome_sequences/cutadapt/EF013L-9_S110_L001_R2_001.fastq.gz C:/Users/tsto3616/Lessons-learnt-amplicon-metabarcoding/Nemabiome_sequences/EF013L-9_S110_L001_R1_001.fastq.gz C:/Users/tsto3616/Lessons-learnt-amplicon-metabarcoding/Nemabiome_sequences/EF013L-9_S110_L001_R2_001.fastq.gz
Processing paired-end reads on 1 core ...
Finished in 2.72 s (96 µs/read; 0.62 M reads/minute).

=== Summary ===

Total read pairs processed:             28,182
  Read 1 with adapter:                  28,105 (99.7%)
  Read 2 with adapter:                  27,642 (98.1%)

== Read fate breakdown ==
Pairs discarded as untrimmed:              557 (2.0%)
Pairs written (passing filters):        27,625 (98.0%)

Total basepairs processed:    14,098,188 bp
  Read 1:     7,049,827 bp
  Read 2:     7,048,361 bp
Total written (filtered):     11,904,078 bp (84.4%)
  Read 1:     6,327,431 bp
  Read 2:     5,576,647 bp

=== First read: Adapter 1 ===

Sequence: ACGTCTGGTTCAGGGTTGTT; Type: regular 5'; Length: 20; Trimmed: 28104 times

Minimum overlap: 3
No. of allowed errors:
1-9 bp: 0; 10-19 bp: 1; 20 bp: 2

Overview of removed sequences
length	count	expect	max.err	error counts
7	1	1.7	0	1
9	1	0.1	0	1
10	1	0.0	1	1
13	1	0.0	1	1
15	1	0.0	1	0 1
16	2	0.0	1	2
18	5	0.0	1	1 1 3
19	124	0.0	1	23 95 6
20	9891	0.0	2	9636 249 6
21	7159	0.0	2	6943 208 8
22	4733	0.0	2	4531 198 4
23	6168	0.0	2	6011 156 1
24	16	0.0	2	11 5
31	1	0.0	2	1


=== First read: Adapter 2 ===

Sequence: TACCCGCTGAACTTAAGCAT; Type: regular 3'; Length: 20; Trimmed: 18 times

Minimum overlap: 3
No. of allowed errors:
1-9 bp: 0; 10-19 bp: 1; 20 bp: 2

Bases preceding removed adapters:
  A: 0.0%
  C: 50.0%
  G: 5.6%
  T: 44.4%
  none/other: 0.0%

Overview of removed sequences
length	count	expect	max.err	error counts
3	9	440.3	0	9
4	1	110.1	0	1
11	1	0.0	1	1
31	1	0.0	2	1
33	1	0.0	2	1
47	1	0.0	2	1
48	3	0.0	2	3
50	1	0.0	2	1


=== Second read: Adapter 3 ===

Sequence: ATGCTTAAGTTCAGCGGGTA; Type: regular 5'; Length: 20; Trimmed: 27564 times

Minimum overlap: 3
No. of allowed errors:
1-9 bp: 0; 10-19 bp: 1; 20 bp: 2

Overview of removed sequences
length	count	expect	max.err	error counts
3	62	440.3	0	62
4	2	110.1	0	2
5	1	27.5	0	1
22	3	0.0	2	1 0 2
23	4	0.0	2	3 0 1
34	1	0.0	2	1
40	1	0.0	2	1
41	1	0.0	2	1
42	2	0.0	2	1 1
43	3	0.0	2	2 1
44	1	0.0	2	1
45	2	0.0	2	2
46	43	0.0	2	30 10 3
47	6043	0.0	2	5517 477 49
48	7293	0.0	2	6580 654 59
49	6834	0.0	2	6143 640 51
50	7221	0.0	2	6550 623 48
51	30	0.0	2	22 5 3
52	2	0.0	2	2
53	1	0.0	2	1
75	1	0.0	2	0 0 1
76	1	0.0	2	0 0 1
77	1	0.0	2	0 0 1
88	4	0.0	2	0 0 4
89	2	0.0	2	0 1 1
90	1	0.0	2	0 1
92	4	0.0	2	0 2 2


=== Second read: Adapter 4 ===

Sequence: AACAACCCTGAACCAGACGT; Type: regular 3'; Length: 20; Trimmed: 317 times

Minimum overlap: 3
No. of allowed errors:
1-9 bp: 0; 10-19 bp: 1; 20 bp: 2

Bases preceding removed adapters:
  A: 74.4%
  C: 7.3%
  G: 13.9%
  T: 4.4%
  none/other: 0.0%

Overview of removed sequences
length	count	expect	max.err	error counts
3	4	440.3	0	4
4	211	110.1	0	211
5	28	27.5	0	28
20	26	0.0	2	24 1 1
21	16	0.0	2	16
22	14	0.0	2	12 2
23	17	0.0	2	16 0 1
221	1	0.0	2	1
