This is cutadapt 4.0 with Python 3.9.12
Command line parameters: -g ACGTCTGGTTCAGGGTTGTT -a TACCCGCTGAACTTAAGCAT -G ATGCTTAAGTTCAGCGGGTA -A AACAACCCTGAACCAGACGT -n 2 --discard-untrimmed -o C:/Users/tsto3616/Lessons-learnt-amplicon-metabarcoding/Nemabiome_sequences/cutadapt/EF013L-11_S99_L001_R1_001.fastq.gz -p C:/Users/tsto3616/Lessons-learnt-amplicon-metabarcoding/Nemabiome_sequences/cutadapt/EF013L-11_S99_L001_R2_001.fastq.gz C:/Users/tsto3616/Lessons-learnt-amplicon-metabarcoding/Nemabiome_sequences/EF013L-11_S99_L001_R1_001.fastq.gz C:/Users/tsto3616/Lessons-learnt-amplicon-metabarcoding/Nemabiome_sequences/EF013L-11_S99_L001_R2_001.fastq.gz
Processing paired-end reads on 1 core ...
Finished in 1.47 s (93 µs/read; 0.65 M reads/minute).

=== Summary ===

Total read pairs processed:             15,826
  Read 1 with adapter:                  15,774 (99.7%)
  Read 2 with adapter:                  15,497 (97.9%)

== Read fate breakdown ==
Pairs discarded as untrimmed:              341 (2.2%)
Pairs written (passing filters):        15,485 (97.8%)

Total basepairs processed:     7,902,660 bp
  Read 1:     3,951,116 bp
  Read 2:     3,951,544 bp
Total written (filtered):      6,661,899 bp (84.3%)
  Read 1:     3,539,897 bp
  Read 2:     3,122,002 bp

=== First read: Adapter 1 ===

Sequence: ACGTCTGGTTCAGGGTTGTT; Type: regular 5'; Length: 20; Trimmed: 15775 times

Minimum overlap: 3
No. of allowed errors:
1-9 bp: 0; 10-19 bp: 1; 20 bp: 2

Overview of removed sequences
length	count	expect	max.err	error counts
3	1	247.3	0	1
10	1	0.0	1	0 1
14	1	0.0	1	0 1
17	2	0.0	1	2
18	3	0.0	1	0 0 3
19	74	0.0	1	21 48 5
20	5533	0.0	2	5402 126 5
21	4098	0.0	2	3984 113 1
22	2616	0.0	2	2531 84 1
23	3439	0.0	2	3369 70
24	6	0.0	2	5 1
54	1	0.0	2	1


=== First read: Adapter 2 ===

Sequence: TACCCGCTGAACTTAAGCAT; Type: regular 3'; Length: 20; Trimmed: 15 times

Minimum overlap: 3
No. of allowed errors:
1-9 bp: 0; 10-19 bp: 1; 20 bp: 2

Bases preceding removed adapters:
  A: 13.3%
  C: 33.3%
  G: 20.0%
  T: 33.3%
  none/other: 0.0%

Overview of removed sequences
length	count	expect	max.err	error counts
3	11	247.3	0	11
6	1	3.9	0	1
47	1	0.0	2	1
49	1	0.0	2	1
50	1	0.0	2	1


=== Second read: Adapter 3 ===

Sequence: ATGCTTAAGTTCAGCGGGTA; Type: regular 5'; Length: 20; Trimmed: 15410 times

Minimum overlap: 3
No. of allowed errors:
1-9 bp: 0; 10-19 bp: 1; 20 bp: 2

Overview of removed sequences
length	count	expect	max.err	error counts
3	56	247.3	0	56
4	1	61.8	0	1
21	1	0.0	2	1
22	4	0.0	2	2 1 1
23	7	0.0	2	4 0 3
39	1	0.0	2	1
45	1	0.0	2	1
46	27	0.0	2	23 3 1
47	3389	0.0	2	3094 272 23
48	4170	0.0	2	3823 303 44
49	3861	0.0	2	3548 276 37
50	3869	0.0	2	3558 279 32
51	13	0.0	2	13
58	1	0.0	2	0 0 1
81	1	0.0	2	0 1
84	1	0.0	2	0 0 1
86	1	0.0	2	0 0 1
87	2	0.0	2	0 0 2
88	2	0.0	2	0 1 1
89	1	0.0	2	0 0 1
92	1	0.0	2	1


=== Second read: Adapter 4 ===

Sequence: AACAACCCTGAACCAGACGT; Type: regular 3'; Length: 20; Trimmed: 201 times

Minimum overlap: 3
No. of allowed errors:
1-9 bp: 0; 10-19 bp: 1; 20 bp: 2

Bases preceding removed adapters:
  A: 68.2%
  C: 5.0%
  G: 21.9%
  T: 5.0%
  none/other: 0.0%

Overview of removed sequences
length	count	expect	max.err	error counts
3	1	247.3	0	1
4	110	61.8	0	110
5	12	15.5	0	12
20	20	0.0	2	16 3 1
21	22	0.0	2	21 1
22	9	0.0	2	9
23	19	0.0	2	19
74	1	0.0	2	1
164	1	0.0	2	0 1
201	1	0.0	2	1
220	1	0.0	2	1
222	1	0.0	2	0 1
223	3	0.0	2	3
