This is cutadapt 4.0 with Python 3.9.12
Command line parameters: -g ACGTCTGGTTCAGGGTTGTT -a TACCCGCTGAACTTAAGCAT -G ATGCTTAAGTTCAGCGGGTA -A AACAACCCTGAACCAGACGT -n 2 --discard-untrimmed -o C:/Users/tsto3616/Lessons-learnt-amplicon-metabarcoding/Nemabiome_sequences/cutadapt/EF015L-12_S128_L001_R1_001.fastq.gz -p C:/Users/tsto3616/Lessons-learnt-amplicon-metabarcoding/Nemabiome_sequences/cutadapt/EF015L-12_S128_L001_R2_001.fastq.gz C:/Users/tsto3616/Lessons-learnt-amplicon-metabarcoding/Nemabiome_sequences/EF015L-12_S128_L001_R1_001.fastq.gz C:/Users/tsto3616/Lessons-learnt-amplicon-metabarcoding/Nemabiome_sequences/EF015L-12_S128_L001_R2_001.fastq.gz
Processing paired-end reads on 1 core ...
Finished in 2.74 s (62 µs/read; 0.96 M reads/minute).

=== Summary ===

Total read pairs processed:             43,829
  Read 1 with adapter:                  43,706 (99.7%)
  Read 2 with adapter:                  42,788 (97.6%)

== Read fate breakdown ==
Pairs discarded as untrimmed:            1,067 (2.4%)
Pairs written (passing filters):        42,762 (97.6%)

Total basepairs processed:    21,766,530 bp
  Read 1:    10,881,617 bp
  Read 2:    10,884,913 bp
Total written (filtered):     18,290,565 bp (84.0%)
  Read 1:     9,722,830 bp
  Read 2:     8,567,735 bp

=== First read: Adapter 1 ===

Sequence: ACGTCTGGTTCAGGGTTGTT; Type: regular 5'; Length: 20; Trimmed: 43705 times

Minimum overlap: 3
No. of allowed errors:
1-9 bp: 0; 10-19 bp: 1; 20 bp: 2

Overview of removed sequences
length	count	expect	max.err	error counts
3	132	684.8	0	132
7	1	2.7	0	1
15	2	0.0	1	2
18	8	0.0	1	3 0 5
19	166	0.0	1	36 123 7
20	15089	0.0	2	14700 377 12
21	11415	0.0	2	11133 279 3
22	7225	0.0	2	6986 233 6
23	9635	0.0	2	9426 202 7
24	31	0.0	2	23 7 1
35	1	0.0	2	1


=== First read: Adapter 2 ===

Sequence: TACCCGCTGAACTTAAGCAT; Type: regular 3'; Length: 20; Trimmed: 29 times

Minimum overlap: 3
No. of allowed errors:
1-9 bp: 0; 10-19 bp: 1; 20 bp: 2

Bases preceding removed adapters:
  A: 34.5%
  C: 27.6%
  G: 0.0%
  T: 37.9%
  none/other: 0.0%

Overview of removed sequences
length	count	expect	max.err	error counts
3	18	684.8	0	18
4	1	171.2	0	1
6	1	10.7	0	1
11	1	0.0	1	1
47	2	0.0	2	1 1
48	3	0.0	2	3
49	3	0.0	2	2 1


=== Second read: Adapter 3 ===

Sequence: ATGCTTAAGTTCAGCGGGTA; Type: regular 5'; Length: 20; Trimmed: 42295 times

Minimum overlap: 3
No. of allowed errors:
1-9 bp: 0; 10-19 bp: 1; 20 bp: 2

Overview of removed sequences
length	count	expect	max.err	error counts
3	49	684.8	0	49
4	3	171.2	0	3
5	2	42.8	0	2
20	8	0.0	2	3 3 2
21	4	0.0	2	2 1 1
22	9	0.0	2	7 1 1
23	5	0.0	2	2 1 2
24	1	0.0	2	1
35	2	0.0	2	2
37	1	0.0	2	1
40	1	0.0	2	0 1
41	1	0.0	2	1
42	1	0.0	2	0 1
43	2	0.0	2	2
44	5	0.0	2	3 0 2
45	8	0.0	2	7 1
46	64	0.0	2	46 15 3
47	9471	0.0	2	8592 797 82
48	11080	0.0	2	10104 875 101
49	10533	0.0	2	9554 891 88
50	10947	0.0	2	10013 865 69
51	38	0.0	2	28 8 2
57	1	0.0	2	1
68	1	0.0	2	0 0 1
79	1	0.0	2	0 1
81	1	0.0	2	0 0 1
83	1	0.0	2	0 0 1
84	1	0.0	2	0 1
85	2	0.0	2	1 1
87	6	0.0	2	0 2 4
88	14	0.0	2	3 4 7
89	10	0.0	2	0 5 5
90	5	0.0	2	0 3 2
91	7	0.0	2	0 2 5
92	4	0.0	2	0 1 3
93	1	0.0	2	0 0 1
103	2	0.0	2	2
105	2	0.0	2	0 1 1
114	1	0.0	2	0 0 1


=== Second read: Adapter 4 ===

Sequence: AACAACCCTGAACCAGACGT; Type: regular 3'; Length: 20; Trimmed: 639 times

Minimum overlap: 3
No. of allowed errors:
1-9 bp: 0; 10-19 bp: 1; 20 bp: 2

Bases preceding removed adapters:
  A: 45.4%
  C: 4.7%
  G: 44.0%
  T: 5.9%
  none/other: 0.0%

Overview of removed sequences
length	count	expect	max.err	error counts
3	10	684.8	0	10
4	117	171.2	0	117
5	29	42.8	0	29
6	1	10.7	0	1
9	1	0.2	0	0 1
19	2	0.0	1	0 2
20	182	0.0	2	174 7 1
21	114	0.0	2	110 4
22	83	0.0	2	80 3
23	85	0.0	2	80 5
206	1	0.0	2	1
220	1	0.0	2	1
221	5	0.0	2	4 0 1
222	2	0.0	2	1 0 1
223	5	0.0	2	3 1 1
248	1	0.0	2	0 1
