This is cutadapt 4.0 with Python 3.9.12
Command line parameters: -g ACGTCTGGTTCAGGGTTGTT -a TACCCGCTGAACTTAAGCAT -G ATGCTTAAGTTCAGCGGGTA -A AACAACCCTGAACCAGACGT -n 2 --discard-untrimmed -o C:/Users/tsto3616/Lessons-learnt-amplicon-metabarcoding/Nemabiome_sequences/cutadapt/EF015L-5_S134_L001_R1_001.fastq.gz -p C:/Users/tsto3616/Lessons-learnt-amplicon-metabarcoding/Nemabiome_sequences/cutadapt/EF015L-5_S134_L001_R2_001.fastq.gz C:/Users/tsto3616/Lessons-learnt-amplicon-metabarcoding/Nemabiome_sequences/EF015L-5_S134_L001_R1_001.fastq.gz C:/Users/tsto3616/Lessons-learnt-amplicon-metabarcoding/Nemabiome_sequences/EF015L-5_S134_L001_R2_001.fastq.gz
Processing paired-end reads on 1 core ...
Finished in 2.76 s (60 µs/read; 1.01 M reads/minute).

=== Summary ===

Total read pairs processed:             46,335
  Read 1 with adapter:                  46,209 (99.7%)
  Read 2 with adapter:                  45,460 (98.1%)

== Read fate breakdown ==
Pairs discarded as untrimmed:              924 (2.0%)
Pairs written (passing filters):        45,411 (98.0%)

Total basepairs processed:    23,215,915 bp
  Read 1:    11,612,398 bp
  Read 2:    11,603,517 bp
Total written (filtered):     20,812,072 bp (89.6%)
  Read 1:    10,413,854 bp
  Read 2:    10,398,218 bp

=== First read: Adapter 1 ===

Sequence: ACGTCTGGTTCAGGGTTGTT; Type: regular 5'; Length: 20; Trimmed: 46195 times

Minimum overlap: 3
No. of allowed errors:
1-9 bp: 0; 10-19 bp: 1; 20 bp: 2

Overview of removed sequences
length	count	expect	max.err	error counts
4	2	181.0	0	2
15	1	0.0	1	0 1
16	2	0.0	1	1 1
17	4	0.0	1	2 2
18	25	0.0	1	1 5 19
19	476	0.0	1	40 405 31
20	14265	0.0	2	13225 980 60
21	10747	0.0	2	9996 705 46
22	10072	0.0	2	9255 789 28
23	10489	0.0	2	9982 493 14
24	111	0.0	2	66 43 2
51	1	0.0	2	1


=== First read: Adapter 2 ===

Sequence: TACCCGCTGAACTTAAGCAT; Type: regular 3'; Length: 20; Trimmed: 41 times

Minimum overlap: 3
No. of allowed errors:
1-9 bp: 0; 10-19 bp: 1; 20 bp: 2

Bases preceding removed adapters:
  A: 7.3%
  C: 51.2%
  G: 19.5%
  T: 22.0%
  none/other: 0.0%

Overview of removed sequences
length	count	expect	max.err	error counts
3	10	724.0	0	10
10	1	0.0	1	1
14	1	0.0	1	1
17	1	0.0	1	1
20	9	0.0	2	9
21	6	0.0	2	5 1
22	5	0.0	2	5
23	8	0.0	2	7 1


=== Second read: Adapter 3 ===

Sequence: ATGCTTAAGTTCAGCGGGTA; Type: regular 5'; Length: 20; Trimmed: 45444 times

Minimum overlap: 3
No. of allowed errors:
1-9 bp: 0; 10-19 bp: 1; 20 bp: 2

Overview of removed sequences
length	count	expect	max.err	error counts
3	25	724.0	0	25
5	1	45.2	0	1
6	1	11.3	0	1
11	2	0.0	1	2
12	2	0.0	1	1 1
13	3	0.0	1	1 2
14	6	0.0	1	3 3
15	1	0.0	1	0 1
16	1	0.0	1	0 1
17	10	0.0	1	9 1
18	24	0.0	1	2 3 19
19	416	0.0	1	18 357 41
20	13894	0.0	2	10530 3016 348
21	10466	0.0	2	9601 800 65
22	8321	0.0	2	7660 605 56
23	11862	0.0	2	10471 1309 82
24	272	0.0	2	132 131 9
25	5	0.0	2	2 2 1
26	1	0.0	2	0 1
47	8	0.0	2	3 2 3
48	5	0.0	2	2 2 1
49	3	0.0	2	2 0 1
50	13	0.0	2	5 4 4
51	1	0.0	2	1
52	2	0.0	2	0 1 1
53	2	0.0	2	0 1 1
55	4	0.0	2	1 1 2
56	6	0.0	2	1 3 2
57	7	0.0	2	3 1 3
58	4	0.0	2	1 1 2
59	8	0.0	2	0 1 7
60	7	0.0	2	3 0 4
61	16	0.0	2	2 5 9
62	13	0.0	2	3 3 7
63	7	0.0	2	1 3 3
64	14	0.0	2	1 5 8
65	3	0.0	2	0 1 2
66	3	0.0	2	0 3
67	5	0.0	2	0 3 2


=== Second read: Adapter 4 ===

Sequence: AACAACCCTGAACCAGACGT; Type: regular 3'; Length: 20; Trimmed: 134 times

Minimum overlap: 3
No. of allowed errors:
1-9 bp: 0; 10-19 bp: 1; 20 bp: 2

Bases preceding removed adapters:
  A: 82.1%
  C: 3.7%
  G: 6.7%
  T: 7.5%
  none/other: 0.0%
WARNING:
    The adapter is preceded by 'A' extremely often.
    The provided adapter sequence could be incomplete at its 5' end.
    Ignore this warning when trimming primers.

Overview of removed sequences
length	count	expect	max.err	error counts
3	12	724.0	0	12
4	78	181.0	0	78
5	26	45.2	0	26
7	1	2.8	0	1
12	1	0.0	1	0 1
17	1	0.0	1	1
20	6	0.0	2	2 0 4
21	2	0.0	2	2
22	4	0.0	2	2 0 2
23	2	0.0	2	1 0 1
209	1	0.0	2	0 0 1


WARNING:
    One or more of your adapter sequences may be incomplete.
    Please see the detailed output above.
