This is cutadapt 4.0 with Python 3.9.12
Command line parameters: -g ACGTCTGGTTCAGGGTTGTT -a TACCCGCTGAACTTAAGCAT -G ATGCTTAAGTTCAGCGGGTA -A AACAACCCTGAACCAGACGT -n 2 --discard-untrimmed -o C:/Users/tsto3616/Lessons-learnt-amplicon-metabarcoding/Nemabiome_sequences/cutadapt/EF016L-4_S147_L001_R1_001.fastq.gz -p C:/Users/tsto3616/Lessons-learnt-amplicon-metabarcoding/Nemabiome_sequences/cutadapt/EF016L-4_S147_L001_R2_001.fastq.gz C:/Users/tsto3616/Lessons-learnt-amplicon-metabarcoding/Nemabiome_sequences/EF016L-4_S147_L001_R1_001.fastq.gz C:/Users/tsto3616/Lessons-learnt-amplicon-metabarcoding/Nemabiome_sequences/EF016L-4_S147_L001_R2_001.fastq.gz
Processing paired-end reads on 1 core ...
Finished in 1.85 s (55 µs/read; 1.09 M reads/minute).

=== Summary ===

Total read pairs processed:             33,755
  Read 1 with adapter:                  33,614 (99.6%)
  Read 2 with adapter:                  32,778 (97.1%)

== Read fate breakdown ==
Pairs discarded as untrimmed:            1,012 (3.0%)
Pairs written (passing filters):        32,743 (97.0%)

Total basepairs processed:    16,928,807 bp
  Read 1:     8,467,765 bp
  Read 2:     8,461,042 bp
Total written (filtered):     14,137,153 bp (83.5%)
  Read 1:     7,518,804 bp
  Read 2:     6,618,349 bp

=== First read: Adapter 1 ===

Sequence: ACGTCTGGTTCAGGGTTGTT; Type: regular 5'; Length: 20; Trimmed: 33615 times

Minimum overlap: 3
No. of allowed errors:
1-9 bp: 0; 10-19 bp: 1; 20 bp: 2

Overview of removed sequences
length	count	expect	max.err	error counts
3	48	527.4	0	48
11	1	0.0	1	0 1
12	1	0.0	1	0 1
16	1	0.0	1	1
17	2	0.0	1	2
18	4	0.0	1	1 1 2
19	164	0.0	1	36 118 10
20	11185	0.0	2	10865 311 9
21	8540	0.0	2	8294 238 8
22	5722	0.0	2	5514 200 8
23	7919	0.0	2	7709 206 4
24	28	0.0	2	22 6


=== First read: Adapter 2 ===

Sequence: TACCCGCTGAACTTAAGCAT; Type: regular 3'; Length: 20; Trimmed: 8 times

Minimum overlap: 3
No. of allowed errors:
1-9 bp: 0; 10-19 bp: 1; 20 bp: 2

Bases preceding removed adapters:
  A: 12.5%
  C: 12.5%
  G: 12.5%
  T: 62.5%
  none/other: 0.0%

Overview of removed sequences
length	count	expect	max.err	error counts
3	2	527.4	0	2
16	1	0.0	1	1
47	2	0.0	2	2
50	2	0.0	2	2
102	1	0.0	2	1


=== Second read: Adapter 3 ===

Sequence: ATGCTTAAGTTCAGCGGGTA; Type: regular 5'; Length: 20; Trimmed: 32732 times

Minimum overlap: 3
No. of allowed errors:
1-9 bp: 0; 10-19 bp: 1; 20 bp: 2

Overview of removed sequences
length	count	expect	max.err	error counts
3	13	527.4	0	13
4	2	131.9	0	2
20	9	0.0	2	2 5 2
21	3	0.0	2	2 1
22	3	0.0	2	0 2 1
37	1	0.0	2	1
38	1	0.0	2	1
39	1	0.0	2	1
40	3	0.0	2	3
41	4	0.0	2	4
42	3	0.0	2	3
43	2	0.0	2	2
44	1	0.0	2	1
45	5	0.0	2	5
46	46	0.0	2	36 7 3
47	7063	0.0	2	6488 488 87
48	8552	0.0	2	7795 634 123
49	8230	0.0	2	7495 641 94
50	8702	0.0	2	8021 589 92
51	21	0.0	2	16 4 1
79	1	0.0	2	0 0 1
80	1	0.0	2	0 0 1
81	1	0.0	2	0 0 1
82	1	0.0	2	0 0 1
83	1	0.0	2	0 0 1
84	2	0.0	2	0 2
85	1	0.0	2	1
86	4	0.0	2	0 3 1
87	4	0.0	2	0 1 3
88	14	0.0	2	1 6 7
89	10	0.0	2	0 3 7
90	8	0.0	2	0 2 6
91	8	0.0	2	1 3 4
92	3	0.0	2	1 2
93	3	0.0	2	0 0 3
94	3	0.0	2	1 1 1
98	1	0.0	2	1
102	1	0.0	2	0 0 1


=== Second read: Adapter 4 ===

Sequence: AACAACCCTGAACCAGACGT; Type: regular 3'; Length: 20; Trimmed: 493 times

Minimum overlap: 3
No. of allowed errors:
1-9 bp: 0; 10-19 bp: 1; 20 bp: 2

Bases preceding removed adapters:
  A: 93.9%
  C: 2.2%
  G: 2.0%
  T: 1.8%
  none/other: 0.0%
WARNING:
    The adapter is preceded by 'A' extremely often.
    The provided adapter sequence could be incomplete at its 5' end.
    Ignore this warning when trimming primers.

Overview of removed sequences
length	count	expect	max.err	error counts
3	5	527.4	0	5
4	449	131.9	0	449
5	32	33.0	0	32
20	3	0.0	2	3
21	1	0.0	2	1
22	1	0.0	2	1
23	1	0.0	2	1
213	1	0.0	2	1


WARNING:
    One or more of your adapter sequences may be incomplete.
    Please see the detailed output above.
