This is cutadapt 4.0 with Python 3.9.12
Command line parameters: -g ACGTCTGGTTCAGGGTTGTT -a TACCCGCTGAACTTAAGCAT -G ATGCTTAAGTTCAGCGGGTA -A AACAACCCTGAACCAGACGT -n 2 --discard-untrimmed -o C:/Users/tsto3616/Lessons-learnt-amplicon-metabarcoding/Nemabiome_sequences/cutadapt/EF013L-13_S101_L001_R1_001.fastq.gz -p C:/Users/tsto3616/Lessons-learnt-amplicon-metabarcoding/Nemabiome_sequences/cutadapt/EF013L-13_S101_L001_R2_001.fastq.gz C:/Users/tsto3616/Lessons-learnt-amplicon-metabarcoding/Nemabiome_sequences/EF013L-13_S101_L001_R1_001.fastq.gz C:/Users/tsto3616/Lessons-learnt-amplicon-metabarcoding/Nemabiome_sequences/EF013L-13_S101_L001_R2_001.fastq.gz
Processing paired-end reads on 1 core ...
Finished in 3.27 s (86 µs/read; 0.70 M reads/minute).

=== Summary ===

Total read pairs processed:             38,055
  Read 1 with adapter:                  37,935 (99.7%)
  Read 2 with adapter:                  37,356 (98.2%)

== Read fate breakdown ==
Pairs discarded as untrimmed:              719 (1.9%)
Pairs written (passing filters):        37,336 (98.1%)

Total basepairs processed:    18,924,627 bp
  Read 1:     9,461,320 bp
  Read 2:     9,463,307 bp
Total written (filtered):     15,995,134 bp (84.5%)
  Read 1:     8,501,935 bp
  Read 2:     7,493,199 bp

=== First read: Adapter 1 ===

Sequence: ACGTCTGGTTCAGGGTTGTT; Type: regular 5'; Length: 20; Trimmed: 37940 times

Minimum overlap: 3
No. of allowed errors:
1-9 bp: 0; 10-19 bp: 1; 20 bp: 2

Overview of removed sequences
length	count	expect	max.err	error counts
3	1	594.6	0	1
13	1	0.0	1	1
14	1	0.0	1	0 1
15	1	0.0	1	1
17	2	0.0	1	0 2
18	8	0.0	1	0 1 7
19	187	0.0	1	29 147 11
20	13447	0.0	2	13081 358 8
21	9605	0.0	2	9381 210 14
22	6314	0.0	2	6109 201 4
23	8337	0.0	2	8184 150 3
24	30	0.0	2	21 8 1
44	2	0.0	2	2
51	1	0.0	2	1
52	2	0.0	2	1 1
53	1	0.0	2	1


=== First read: Adapter 2 ===

Sequence: TACCCGCTGAACTTAAGCAT; Type: regular 3'; Length: 20; Trimmed: 18 times

Minimum overlap: 3
No. of allowed errors:
1-9 bp: 0; 10-19 bp: 1; 20 bp: 2

Bases preceding removed adapters:
  A: 16.7%
  C: 33.3%
  G: 11.1%
  T: 38.9%
  none/other: 0.0%

Overview of removed sequences
length	count	expect	max.err	error counts
3	11	594.6	0	11
5	1	37.2	0	1
11	1	0.0	1	1
43	2	0.0	2	2
47	1	0.0	2	1
48	1	0.0	2	1
50	1	0.0	2	1


=== Second read: Adapter 3 ===

Sequence: ATGCTTAAGTTCAGCGGGTA; Type: regular 5'; Length: 20; Trimmed: 36984 times

Minimum overlap: 3
No. of allowed errors:
1-9 bp: 0; 10-19 bp: 1; 20 bp: 2

Overview of removed sequences
length	count	expect	max.err	error counts
3	88	594.6	0	88
20	1	0.0	2	1
21	4	0.0	2	3 0 1
22	4	0.0	2	2 1 1
39	2	0.0	2	2
40	1	0.0	2	1
41	1	0.0	2	1
42	2	0.0	2	2
43	1	0.0	2	1
44	2	0.0	2	2
45	8	0.0	2	7 0 1
46	64	0.0	2	43 20 1
47	8281	0.0	2	7538 680 63
48	9860	0.0	2	8932 836 92
49	9175	0.0	2	8338 777 60
50	9418	0.0	2	8578 773 67
51	34	0.0	2	28 5 1
53	1	0.0	2	1
54	1	0.0	2	1
56	1	0.0	2	1
59	1	0.0	2	1
75	1	0.0	2	0 1
80	1	0.0	2	0 0 1
81	1	0.0	2	0 0 1
84	3	0.0	2	0 2 1
86	1	0.0	2	0 1
88	4	0.0	2	0 1 3
89	4	0.0	2	1 1 2
90	6	0.0	2	1 1 4
91	3	0.0	2	0 1 2
92	5	0.0	2	0 2 3
93	3	0.0	2	1 1 1
101	1	0.0	2	0 1
105	1	0.0	2	1


=== Second read: Adapter 4 ===

Sequence: AACAACCCTGAACCAGACGT; Type: regular 3'; Length: 20; Trimmed: 666 times

Minimum overlap: 3
No. of allowed errors:
1-9 bp: 0; 10-19 bp: 1; 20 bp: 2

Bases preceding removed adapters:
  A: 58.3%
  C: 6.5%
  G: 32.1%
  T: 3.2%
  none/other: 0.0%

Overview of removed sequences
length	count	expect	max.err	error counts
3	6	594.6	0	6
4	283	148.7	0	283
5	17	37.2	0	17
15	1	0.0	1	1
16	1	0.0	1	1
17	1	0.0	1	0 1
19	1	0.0	1	0 0 1
20	123	0.0	2	119 2 2
21	93	0.0	2	88 4 1
22	66	0.0	2	63 3
23	57	0.0	2	54 1 2
66	1	0.0	2	1
67	1	0.0	2	1
75	1	0.0	2	0 1
200	1	0.0	2	1
216	1	0.0	2	1
217	3	0.0	2	3
218	1	0.0	2	1
219	2	0.0	2	2
221	2	0.0	2	2
222	2	0.0	2	1 1
223	2	0.0	2	2
