This is cutadapt 4.0 with Python 3.9.12
Command line parameters: -g ACGTCTGGTTCAGGGTTGTT -a TACCCGCTGAACTTAAGCAT -G ATGCTTAAGTTCAGCGGGTA -A AACAACCCTGAACCAGACGT -n 2 --discard-untrimmed -o C:/Users/tsto3616/Lessons-learnt-amplicon-metabarcoding/Nemabiome_sequences/cutadapt/EF015L-6_S135_L001_R1_001.fastq.gz -p C:/Users/tsto3616/Lessons-learnt-amplicon-metabarcoding/Nemabiome_sequences/cutadapt/EF015L-6_S135_L001_R2_001.fastq.gz C:/Users/tsto3616/Lessons-learnt-amplicon-metabarcoding/Nemabiome_sequences/EF015L-6_S135_L001_R1_001.fastq.gz C:/Users/tsto3616/Lessons-learnt-amplicon-metabarcoding/Nemabiome_sequences/EF015L-6_S135_L001_R2_001.fastq.gz
Processing paired-end reads on 1 core ...
Finished in 3.14 s (75 µs/read; 0.80 M reads/minute).

=== Summary ===

Total read pairs processed:             41,783
  Read 1 with adapter:                  41,683 (99.8%)
  Read 2 with adapter:                  40,994 (98.1%)

== Read fate breakdown ==
Pairs discarded as untrimmed:              823 (2.0%)
Pairs written (passing filters):        40,960 (98.0%)

Total basepairs processed:    20,929,385 bp
  Read 1:    10,468,346 bp
  Read 2:    10,461,039 bp
Total written (filtered):     18,767,917 bp (89.7%)
  Read 1:     9,391,199 bp
  Read 2:     9,376,718 bp

=== First read: Adapter 1 ===

Sequence: ACGTCTGGTTCAGGGTTGTT; Type: regular 5'; Length: 20; Trimmed: 41670 times

Minimum overlap: 3
No. of allowed errors:
1-9 bp: 0; 10-19 bp: 1; 20 bp: 2

Overview of removed sequences
length	count	expect	max.err	error counts
3	4	652.9	0	4
4	1	163.2	0	1
11	1	0.0	1	0 1
12	1	0.0	1	1
13	1	0.0	1	1
14	4	0.0	1	2 2
15	2	0.0	1	0 2
16	3	0.0	1	0 3
17	4	0.0	1	3 1
18	23	0.0	1	2 4 17
19	393	0.0	1	41 306 46
20	12713	0.0	2	11769 896 48
21	10036	0.0	2	9340 660 36
22	8942	0.0	2	8245 669 28
23	9444	0.0	2	9012 409 23
24	96	0.0	2	60 34 2
25	1	0.0	2	1
55	1	0.0	2	1


=== First read: Adapter 2 ===

Sequence: TACCCGCTGAACTTAAGCAT; Type: regular 3'; Length: 20; Trimmed: 42 times

Minimum overlap: 3
No. of allowed errors:
1-9 bp: 0; 10-19 bp: 1; 20 bp: 2

Bases preceding removed adapters:
  A: 11.9%
  C: 57.1%
  G: 9.5%
  T: 21.4%
  none/other: 0.0%

Overview of removed sequences
length	count	expect	max.err	error counts
3	10	652.9	0	10
11	1	0.0	1	1
19	1	0.0	1	0 1
20	10	0.0	2	10
21	4	0.0	2	4
22	4	0.0	2	3 1
23	10	0.0	2	10
24	1	0.0	2	1
97	1	0.0	2	1


=== Second read: Adapter 3 ===

Sequence: ATGCTTAAGTTCAGCGGGTA; Type: regular 5'; Length: 20; Trimmed: 40974 times

Minimum overlap: 3
No. of allowed errors:
1-9 bp: 0; 10-19 bp: 1; 20 bp: 2

Overview of removed sequences
length	count	expect	max.err	error counts
3	22	652.9	0	22
4	3	163.2	0	3
5	1	40.8	0	1
10	1	0.0	1	1
11	2	0.0	1	2
12	3	0.0	1	2 1
13	4	0.0	1	2 2
14	4	0.0	1	1 3
15	1	0.0	1	1
16	3	0.0	1	0 3
17	6	0.0	1	5 1
18	19	0.0	1	1 3 15
19	371	0.0	1	16 320 35
20	12317	0.0	2	9449 2567 301
21	9609	0.0	2	8846 705 58
22	7458	0.0	2	6888 507 63
23	10781	0.0	2	9614 1078 89
24	239	0.0	2	134 98 7
25	2	0.0	2	0 1 1
26	1	0.0	2	1
47	6	0.0	2	1 2 3
48	5	0.0	2	3 1 1
49	5	0.0	2	3 2
50	8	0.0	2	3 3 2
52	2	0.0	2	0 1 1
53	1	0.0	2	0 0 1
54	3	0.0	2	0 1 2
55	3	0.0	2	0 0 3
56	2	0.0	2	0 1 1
57	9	0.0	2	0 0 9
58	11	0.0	2	0 6 5
59	9	0.0	2	0 3 6
60	12	0.0	2	3 3 6
61	15	0.0	2	2 6 7
62	12	0.0	2	2 4 6
63	9	0.0	2	1 4 4
64	7	0.0	2	1 4 2
65	5	0.0	2	1 1 3
66	1	0.0	2	0 0 1
67	2	0.0	2	2


=== Second read: Adapter 4 ===

Sequence: AACAACCCTGAACCAGACGT; Type: regular 3'; Length: 20; Trimmed: 141 times

Minimum overlap: 3
No. of allowed errors:
1-9 bp: 0; 10-19 bp: 1; 20 bp: 2

Bases preceding removed adapters:
  A: 70.9%
  C: 12.1%
  G: 7.8%
  T: 9.2%
  none/other: 0.0%

Overview of removed sequences
length	count	expect	max.err	error counts
3	15	652.9	0	15
4	88	163.2	0	88
5	18	40.8	0	18
12	2	0.0	1	1 1
20	8	0.0	2	5 1 2
21	3	0.0	2	1 1 1
22	1	0.0	2	0 0 1
23	5	0.0	2	0 2 3
201	1	0.0	2	1
