This is cutadapt 4.0 with Python 3.9.12
Command line parameters: -g ACGTCTGGTTCAGGGTTGTT -a TACCCGCTGAACTTAAGCAT -G ATGCTTAAGTTCAGCGGGTA -A AACAACCCTGAACCAGACGT -n 2 --discard-untrimmed -o C:/Users/tsto3616/Lessons-learnt-amplicon-metabarcoding/Nemabiome_sequences/cutadapt/EF014L-14_S116_L001_R1_001.fastq.gz -p C:/Users/tsto3616/Lessons-learnt-amplicon-metabarcoding/Nemabiome_sequences/cutadapt/EF014L-14_S116_L001_R2_001.fastq.gz C:/Users/tsto3616/Lessons-learnt-amplicon-metabarcoding/Nemabiome_sequences/EF014L-14_S116_L001_R1_001.fastq.gz C:/Users/tsto3616/Lessons-learnt-amplicon-metabarcoding/Nemabiome_sequences/EF014L-14_S116_L001_R2_001.fastq.gz
Processing paired-end reads on 1 core ...
Finished in 3.28 s (68 µs/read; 0.88 M reads/minute).

=== Summary ===

Total read pairs processed:             48,097
  Read 1 with adapter:                  47,972 (99.7%)
  Read 2 with adapter:                  46,822 (97.3%)

== Read fate breakdown ==
Pairs discarded as untrimmed:            1,330 (2.8%)
Pairs written (passing filters):        46,767 (97.2%)

Total basepairs processed:    24,116,143 bp
  Read 1:    12,063,858 bp
  Read 2:    12,052,285 bp
Total written (filtered):     21,446,545 bp (88.9%)
  Read 1:    10,732,672 bp
  Read 2:    10,713,873 bp

=== First read: Adapter 1 ===

Sequence: ACGTCTGGTTCAGGGTTGTT; Type: regular 5'; Length: 20; Trimmed: 47972 times

Minimum overlap: 3
No. of allowed errors:
1-9 bp: 0; 10-19 bp: 1; 20 bp: 2

Overview of removed sequences
length	count	expect	max.err	error counts
3	1	751.5	0	1
5	1	47.0	0	1
13	1	0.0	1	1
14	4	0.0	1	0 4
16	2	0.0	1	1 1
17	1	0.0	1	0 1
18	18	0.0	1	1 3 14
19	407	0.0	1	43 323 41
20	14804	0.0	2	13733 1015 56
21	11089	0.0	2	10263 782 44
22	10501	0.0	2	9653 813 35
23	11021	0.0	2	10482 524 15
24	120	0.0	2	86 33 1
25	2	0.0	2	1 1


=== First read: Adapter 2 ===

Sequence: TACCCGCTGAACTTAAGCAT; Type: regular 3'; Length: 20; Trimmed: 24 times

Minimum overlap: 3
No. of allowed errors:
1-9 bp: 0; 10-19 bp: 1; 20 bp: 2

Bases preceding removed adapters:
  A: 4.2%
  C: 33.3%
  G: 33.3%
  T: 29.2%
  none/other: 0.0%

Overview of removed sequences
length	count	expect	max.err	error counts
3	12	751.5	0	12
14	1	0.0	1	1
21	3	0.0	2	2 1
22	1	0.0	2	0 1
23	6	0.0	2	6
71	1	0.0	2	1


=== Second read: Adapter 3 ===

Sequence: ATGCTTAAGTTCAGCGGGTA; Type: regular 5'; Length: 20; Trimmed: 46800 times

Minimum overlap: 3
No. of allowed errors:
1-9 bp: 0; 10-19 bp: 1; 20 bp: 2

Overview of removed sequences
length	count	expect	max.err	error counts
3	6	751.5	0	6
4	2	187.9	0	2
11	1	0.0	1	1
12	4	0.0	1	2 2
13	2	0.0	1	2
14	1	0.0	1	1
15	5	0.0	1	2 3
16	1	0.0	1	1
17	7	0.0	1	6 1
18	28	0.0	1	3 6 19
19	433	0.0	1	21 365 47
20	14523	0.0	2	10951 3197 375
21	10914	0.0	2	9896 913 105
22	8516	0.0	2	7791 652 73
23	11927	0.0	2	10550 1259 118
24	283	0.0	2	141 134 8
25	5	0.0	2	0 3 2
37	1	0.0	2	1
47	5	0.0	2	3 0 2
48	7	0.0	2	4 0 3
49	6	0.0	2	4 2
50	6	0.0	2	2 3 1
51	1	0.0	2	0 1
52	2	0.0	2	0 0 2
53	4	0.0	2	0 3 1
54	3	0.0	2	1 0 2
55	7	0.0	2	0 3 4
56	10	0.0	2	1 5 4
57	9	0.0	2	1 0 8
58	6	0.0	2	0 1 5
59	11	0.0	2	1 3 7
60	6	0.0	2	0 2 4
61	15	0.0	2	3 6 6
62	12	0.0	2	2 2 8
63	4	0.0	2	0 3 1
64	13	0.0	2	3 5 5
65	4	0.0	2	0 1 3
66	7	0.0	2	1 1 5
67	3	0.0	2	0 0 3


=== Second read: Adapter 4 ===

Sequence: AACAACCCTGAACCAGACGT; Type: regular 3'; Length: 20; Trimmed: 545 times

Minimum overlap: 3
No. of allowed errors:
1-9 bp: 0; 10-19 bp: 1; 20 bp: 2

Bases preceding removed adapters:
  A: 92.5%
  C: 1.8%
  G: 2.9%
  T: 2.8%
  none/other: 0.0%
WARNING:
    The adapter is preceded by 'A' extremely often.
    The provided adapter sequence could be incomplete at its 5' end.
    Ignore this warning when trimming primers.

Overview of removed sequences
length	count	expect	max.err	error counts
3	19	751.5	0	19
4	467	187.9	0	467
5	48	47.0	0	48
20	5	0.0	2	4 1
21	3	0.0	2	2 0 1
22	3	0.0	2	3


WARNING:
    One or more of your adapter sequences may be incomplete.
    Please see the detailed output above.
