This is cutadapt 4.0 with Python 3.9.12
Command line parameters: -g ACGTCTGGTTCAGGGTTGTT -a TACCCGCTGAACTTAAGCAT -G ATGCTTAAGTTCAGCGGGTA -A AACAACCCTGAACCAGACGT -n 2 --discard-untrimmed -o C:/Users/tsto3616/Lessons-learnt-amplicon-metabarcoding/Nemabiome_sequences/cutadapt/EF014L-4_S119_L001_R1_001.fastq.gz -p C:/Users/tsto3616/Lessons-learnt-amplicon-metabarcoding/Nemabiome_sequences/cutadapt/EF014L-4_S119_L001_R2_001.fastq.gz C:/Users/tsto3616/Lessons-learnt-amplicon-metabarcoding/Nemabiome_sequences/EF014L-4_S119_L001_R1_001.fastq.gz C:/Users/tsto3616/Lessons-learnt-amplicon-metabarcoding/Nemabiome_sequences/EF014L-4_S119_L001_R2_001.fastq.gz
Processing paired-end reads on 1 core ...
Finished in 2.63 s (65 µs/read; 0.93 M reads/minute).

=== Summary ===

Total read pairs processed:             40,653
  Read 1 with adapter:                  40,575 (99.8%)
  Read 2 with adapter:                  39,775 (97.8%)

== Read fate breakdown ==
Pairs discarded as untrimmed:              916 (2.3%)
Pairs written (passing filters):        39,737 (97.7%)

Total basepairs processed:    20,385,511 bp
  Read 1:    10,194,724 bp
  Read 2:    10,190,787 bp
Total written (filtered):     17,149,994 bp (84.1%)
  Read 1:     9,120,810 bp
  Read 2:     8,029,184 bp

=== First read: Adapter 1 ===

Sequence: ACGTCTGGTTCAGGGTTGTT; Type: regular 5'; Length: 20; Trimmed: 40575 times

Minimum overlap: 3
No. of allowed errors:
1-9 bp: 0; 10-19 bp: 1; 20 bp: 2

Overview of removed sequences
length	count	expect	max.err	error counts
12	1	0.0	1	0 1
16	2	0.0	1	1 1
17	1	0.0	1	1
18	11	0.0	1	1 1 9
19	206	0.0	1	43 152 11
20	14051	0.0	2	13624 412 15
21	10156	0.0	2	9832 316 8
22	6845	0.0	2	6582 258 5
23	9270	0.0	2	9060 205 5
24	32	0.0	2	21 11


=== First read: Adapter 2 ===

Sequence: TACCCGCTGAACTTAAGCAT; Type: regular 3'; Length: 20; Trimmed: 12 times

Minimum overlap: 3
No. of allowed errors:
1-9 bp: 0; 10-19 bp: 1; 20 bp: 2

Bases preceding removed adapters:
  A: 0.0%
  C: 58.3%
  G: 0.0%
  T: 41.7%
  none/other: 0.0%

Overview of removed sequences
length	count	expect	max.err	error counts
3	8	635.2	0	8
14	2	0.0	1	2
19	1	0.0	1	1
48	1	0.0	2	1


=== Second read: Adapter 3 ===

Sequence: ATGCTTAAGTTCAGCGGGTA; Type: regular 5'; Length: 20; Trimmed: 39736 times

Minimum overlap: 3
No. of allowed errors:
1-9 bp: 0; 10-19 bp: 1; 20 bp: 2

Overview of removed sequences
length	count	expect	max.err	error counts
3	4	635.2	0	4
20	4	0.0	2	1 2 1
21	4	0.0	2	0 2 2
22	5	0.0	2	2 3
23	1	0.0	2	1
37	1	0.0	2	1
40	1	0.0	2	1
42	1	0.0	2	1
43	6	0.0	2	6
44	4	0.0	2	4
45	7	0.0	2	7
46	71	0.0	2	54 16 1
47	8834	0.0	2	8114 636 84
48	10571	0.0	2	9701 787 83
49	9782	0.0	2	8925 789 68
50	10321	0.0	2	9465 793 63
51	25	0.0	2	21 2 2
52	2	0.0	2	2
63	1	0.0	2	0 1
75	1	0.0	2	0 1
79	1	0.0	2	0 1
81	1	0.0	2	0 0 1
82	4	0.0	2	0 2 2
83	1	0.0	2	0 1
84	1	0.0	2	0 0 1
86	1	0.0	2	0 1
87	2	0.0	2	0 1 1
88	16	0.0	2	2 7 7
89	14	0.0	2	3 4 7
90	12	0.0	2	1 3 8
91	15	0.0	2	1 2 12
92	6	0.0	2	1 3 2
93	10	0.0	2	1 3 6
94	4	0.0	2	2 0 2
102	1	0.0	2	1
106	1	0.0	2	1


=== Second read: Adapter 4 ===

Sequence: AACAACCCTGAACCAGACGT; Type: regular 3'; Length: 20; Trimmed: 640 times

Minimum overlap: 3
No. of allowed errors:
1-9 bp: 0; 10-19 bp: 1; 20 bp: 2

Bases preceding removed adapters:
  A: 95.6%
  C: 1.1%
  G: 1.7%
  T: 1.6%
  none/other: 0.0%
WARNING:
    The adapter is preceded by 'A' extremely often.
    The provided adapter sequence could be incomplete at its 5' end.
    Ignore this warning when trimming primers.

Overview of removed sequences
length	count	expect	max.err	error counts
3	5	635.2	0	5
4	593	158.8	0	593
5	26	39.7	0	26
19	1	0.0	1	0 1
20	5	0.0	2	5
21	5	0.0	2	4 1
22	1	0.0	2	1
23	3	0.0	2	3
223	1	0.0	2	0 1


WARNING:
    One or more of your adapter sequences may be incomplete.
    Please see the detailed output above.
