This is cutadapt 4.0 with Python 3.9.12
Command line parameters: -g ACGTCTGGTTCAGGGTTGTT -a TACCCGCTGAACTTAAGCAT -G ATGCTTAAGTTCAGCGGGTA -A AACAACCCTGAACCAGACGT -n 2 --discard-untrimmed -o C:/Users/tsto3616/Lessons-learnt-amplicon-metabarcoding/Nemabiome_sequences/cutadapt/EF017L-13_S157_L001_R1_001.fastq.gz -p C:/Users/tsto3616/Lessons-learnt-amplicon-metabarcoding/Nemabiome_sequences/cutadapt/EF017L-13_S157_L001_R2_001.fastq.gz C:/Users/tsto3616/Lessons-learnt-amplicon-metabarcoding/Nemabiome_sequences/EF017L-13_S157_L001_R1_001.fastq.gz C:/Users/tsto3616/Lessons-learnt-amplicon-metabarcoding/Nemabiome_sequences/EF017L-13_S157_L001_R2_001.fastq.gz
Processing paired-end reads on 1 core ...
Finished in 3.93 s (72 µs/read; 0.83 M reads/minute).

=== Summary ===

Total read pairs processed:             54,254
  Read 1 with adapter:                  54,069 (99.7%)
  Read 2 with adapter:                  52,919 (97.5%)

== Read fate breakdown ==
Pairs discarded as untrimmed:            1,389 (2.6%)
Pairs written (passing filters):        52,865 (97.4%)

Total basepairs processed:    27,172,108 bp
  Read 1:    13,588,610 bp
  Read 2:    13,583,498 bp
Total written (filtered):     24,213,337 bp (89.1%)
  Read 1:    12,114,709 bp
  Read 2:    12,098,628 bp

=== First read: Adapter 1 ===

Sequence: ACGTCTGGTTCAGGGTTGTT; Type: regular 5'; Length: 20; Trimmed: 54066 times

Minimum overlap: 3
No. of allowed errors:
1-9 bp: 0; 10-19 bp: 1; 20 bp: 2

Overview of removed sequences
length	count	expect	max.err	error counts
11	1	0.0	1	1
13	1	0.0	1	0 1
14	1	0.0	1	0 1
15	1	0.0	1	0 1
16	1	0.0	1	1
17	5	0.0	1	1 4
18	42	0.0	1	5 8 29
19	527	0.0	1	53 431 43
20	16695	0.0	2	15453 1160 82
21	12602	0.0	2	11646 898 58
22	11664	0.0	2	10724 915 25
23	12389	0.0	2	11818 555 16
24	137	0.0	2	84 49 4


=== First read: Adapter 2 ===

Sequence: TACCCGCTGAACTTAAGCAT; Type: regular 3'; Length: 20; Trimmed: 28 times

Minimum overlap: 3
No. of allowed errors:
1-9 bp: 0; 10-19 bp: 1; 20 bp: 2

Bases preceding removed adapters:
  A: 3.6%
  C: 57.1%
  G: 7.1%
  T: 32.1%
  none/other: 0.0%

Overview of removed sequences
length	count	expect	max.err	error counts
3	21	847.7	0	21
4	2	211.9	0	2
20	2	0.0	2	2
22	1	0.0	2	0 1
23	1	0.0	2	1
174	1	0.0	2	1


=== Second read: Adapter 3 ===

Sequence: ATGCTTAAGTTCAGCGGGTA; Type: regular 5'; Length: 20; Trimmed: 52894 times

Minimum overlap: 3
No. of allowed errors:
1-9 bp: 0; 10-19 bp: 1; 20 bp: 2

Overview of removed sequences
length	count	expect	max.err	error counts
3	33	847.7	0	33
4	3	211.9	0	3
8	1	0.8	0	1
11	4	0.0	1	3 1
12	2	0.0	1	2
13	3	0.0	1	3
14	3	0.0	1	2 1
15	4	0.0	1	2 2
16	5	0.0	1	3 2
17	6	0.0	1	4 2
18	35	0.0	1	2 3 30
19	536	0.0	1	33 444 59
20	16258	0.0	2	12452 3387 419
21	12580	0.0	2	11399 1077 104
22	9482	0.0	2	8668 732 82
23	13377	0.0	2	11791 1477 109
24	281	0.0	2	142 132 7
25	4	0.0	2	1 3
43	1	0.0	2	0 0 1
45	2	0.0	2	0 1 1
47	5	0.0	2	2 1 2
48	11	0.0	2	5 4 2
49	11	0.0	2	6 4 1
50	10	0.0	2	3 4 3
52	5	0.0	2	0 1 4
53	4	0.0	2	0 1 3
54	9	0.0	2	0 4 5
55	7	0.0	2	0 4 3
56	12	0.0	2	1 2 9
57	20	0.0	2	2 8 10
58	16	0.0	2	5 5 6
59	15	0.0	2	1 7 7
60	11	0.0	2	0 4 7
61	33	0.0	2	2 12 19
62	29	0.0	2	4 17 8
63	19	0.0	2	6 6 7
64	20	0.0	2	3 9 8
65	17	0.0	2	4 7 6
66	7	0.0	2	1 2 4
67	10	0.0	2	1 5 4
80	1	0.0	2	1
81	1	0.0	2	0 0 1
94	1	0.0	2	0 0 1


=== Second read: Adapter 4 ===

Sequence: AACAACCCTGAACCAGACGT; Type: regular 3'; Length: 20; Trimmed: 312 times

Minimum overlap: 3
No. of allowed errors:
1-9 bp: 0; 10-19 bp: 1; 20 bp: 2

Bases preceding removed adapters:
  A: 85.9%
  C: 7.1%
  G: 3.8%
  T: 3.2%
  none/other: 0.0%
WARNING:
    The adapter is preceded by 'A' extremely often.
    The provided adapter sequence could be incomplete at its 5' end.
    Ignore this warning when trimming primers.

Overview of removed sequences
length	count	expect	max.err	error counts
3	33	847.7	0	33
4	237	211.9	0	237
5	37	53.0	0	37
6	2	13.2	0	2
17	1	0.0	1	1
22	1	0.0	2	1
23	1	0.0	2	1


WARNING:
    One or more of your adapter sequences may be incomplete.
    Please see the detailed output above.
