This is cutadapt 4.0 with Python 3.9.12
Command line parameters: -g ACGTCTGGTTCAGGGTTGTT -a TACCCGCTGAACTTAAGCAT -G ATGCTTAAGTTCAGCGGGTA -A AACAACCCTGAACCAGACGT -n 2 --discard-untrimmed -o C:/Users/tsto3616/Lessons-learnt-amplicon-metabarcoding/Nemabiome_sequences/cutadapt/EF014L-1_S111_L001_R1_001.fastq.gz -p C:/Users/tsto3616/Lessons-learnt-amplicon-metabarcoding/Nemabiome_sequences/cutadapt/EF014L-1_S111_L001_R2_001.fastq.gz C:/Users/tsto3616/Lessons-learnt-amplicon-metabarcoding/Nemabiome_sequences/EF014L-1_S111_L001_R1_001.fastq.gz C:/Users/tsto3616/Lessons-learnt-amplicon-metabarcoding/Nemabiome_sequences/EF014L-1_S111_L001_R2_001.fastq.gz
Processing paired-end reads on 1 core ...
Finished in 2.45 s (78 µs/read; 0.77 M reads/minute).

=== Summary ===

Total read pairs processed:             31,584
  Read 1 with adapter:                  31,508 (99.8%)
  Read 2 with adapter:                  30,996 (98.1%)

== Read fate breakdown ==
Pairs discarded as untrimmed:              612 (1.9%)
Pairs written (passing filters):        30,972 (98.1%)

Total basepairs processed:    15,835,299 bp
  Read 1:     7,919,471 bp
  Read 2:     7,915,828 bp
Total written (filtered):     13,373,746 bp (84.5%)
  Read 1:     7,109,752 bp
  Read 2:     6,263,994 bp

=== First read: Adapter 1 ===

Sequence: ACGTCTGGTTCAGGGTTGTT; Type: regular 5'; Length: 20; Trimmed: 31508 times

Minimum overlap: 3
No. of allowed errors:
1-9 bp: 0; 10-19 bp: 1; 20 bp: 2

Overview of removed sequences
length	count	expect	max.err	error counts
3	42	493.5	0	42
15	1	0.0	1	1
16	2	0.0	1	2
18	12	0.0	1	0 1 11
19	172	0.0	1	31 128 13
20	10944	0.0	2	10634 307 3
21	7969	0.0	2	7743 219 7
22	5187	0.0	2	4997 188 2
23	7161	0.0	2	6994 161 6
24	17	0.0	2	12 4 1
51	1	0.0	2	1


=== First read: Adapter 2 ===

Sequence: TACCCGCTGAACTTAAGCAT; Type: regular 3'; Length: 20; Trimmed: 4 times

Minimum overlap: 3
No. of allowed errors:
1-9 bp: 0; 10-19 bp: 1; 20 bp: 2

Bases preceding removed adapters:
  A: 0.0%
  C: 50.0%
  G: 0.0%
  T: 50.0%
  none/other: 0.0%

Overview of removed sequences
length	count	expect	max.err	error counts
3	3	493.5	0	3
11	1	0.0	1	1


=== Second read: Adapter 3 ===

Sequence: ATGCTTAAGTTCAGCGGGTA; Type: regular 5'; Length: 20; Trimmed: 30966 times

Minimum overlap: 3
No. of allowed errors:
1-9 bp: 0; 10-19 bp: 1; 20 bp: 2

Overview of removed sequences
length	count	expect	max.err	error counts
3	82	493.5	0	82
4	5	123.4	0	5
20	2	0.0	2	0 2
21	2	0.0	2	1 0 1
22	2	0.0	2	1 1
23	3	0.0	2	2 0 1
39	1	0.0	2	1
40	1	0.0	2	1
41	1	0.0	2	1
42	3	0.0	2	3
43	5	0.0	2	4 0 1
44	4	0.0	2	3 0 1
45	7	0.0	2	7
46	35	0.0	2	25 10
47	6833	0.0	2	6259 504 70
48	8316	0.0	2	7566 691 59
49	7734	0.0	2	7027 659 48
50	7877	0.0	2	7204 619 54
51	23	0.0	2	16 7
55	1	0.0	2	0 0 1
80	1	0.0	2	0 1
84	1	0.0	2	0 1
86	1	0.0	2	0 0 1
87	2	0.0	2	0 0 2
88	4	0.0	2	1 2 1
89	2	0.0	2	0 0 2
90	6	0.0	2	0 2 4
91	2	0.0	2	0 1 1
92	4	0.0	2	0 2 2
93	2	0.0	2	0 0 2
94	1	0.0	2	1
104	2	0.0	2	1 0 1
109	1	0.0	2	1


=== Second read: Adapter 4 ===

Sequence: AACAACCCTGAACCAGACGT; Type: regular 3'; Length: 20; Trimmed: 540 times

Minimum overlap: 3
No. of allowed errors:
1-9 bp: 0; 10-19 bp: 1; 20 bp: 2

Bases preceding removed adapters:
  A: 96.5%
  C: 0.7%
  G: 2.6%
  T: 0.2%
  none/other: 0.0%
WARNING:
    The adapter is preceded by 'A' extremely often.
    The provided adapter sequence could be incomplete at its 5' end.
    Ignore this warning when trimming primers.

Overview of removed sequences
length	count	expect	max.err	error counts
3	1	493.5	0	1
4	506	123.4	0	506
5	24	30.8	0	24
20	3	0.0	2	3
21	1	0.0	2	1
22	1	0.0	2	1
23	4	0.0	2	4


WARNING:
    One or more of your adapter sequences may be incomplete.
    Please see the detailed output above.
