This is cutadapt 4.0 with Python 3.9.12
Command line parameters: -g ACGTCTGGTTCAGGGTTGTT -a TACCCGCTGAACTTAAGCAT -G ATGCTTAAGTTCAGCGGGTA -A AACAACCCTGAACCAGACGT -n 2 --discard-untrimmed -o C:/Users/tsto3616/Lessons-learnt-amplicon-metabarcoding/Nemabiome_sequences/cutadapt/EF016L-13_S143_L001_R1_001.fastq.gz -p C:/Users/tsto3616/Lessons-learnt-amplicon-metabarcoding/Nemabiome_sequences/cutadapt/EF016L-13_S143_L001_R2_001.fastq.gz C:/Users/tsto3616/Lessons-learnt-amplicon-metabarcoding/Nemabiome_sequences/EF016L-13_S143_L001_R1_001.fastq.gz C:/Users/tsto3616/Lessons-learnt-amplicon-metabarcoding/Nemabiome_sequences/EF016L-13_S143_L001_R2_001.fastq.gz
Processing paired-end reads on 1 core ...
Finished in 2.87 s (74 µs/read; 0.81 M reads/minute).

=== Summary ===

Total read pairs processed:             38,555
  Read 1 with adapter:                  38,473 (99.8%)
  Read 2 with adapter:                  37,805 (98.1%)

== Read fate breakdown ==
Pairs discarded as untrimmed:              792 (2.1%)
Pairs written (passing filters):        37,763 (97.9%)

Total basepairs processed:    19,337,556 bp
  Read 1:     9,674,532 bp
  Read 2:     9,663,024 bp
Total written (filtered):     17,320,674 bp (89.6%)
  Read 1:     8,669,073 bp
  Read 2:     8,651,601 bp

=== First read: Adapter 1 ===

Sequence: ACGTCTGGTTCAGGGTTGTT; Type: regular 5'; Length: 20; Trimmed: 38473 times

Minimum overlap: 3
No. of allowed errors:
1-9 bp: 0; 10-19 bp: 1; 20 bp: 2

Overview of removed sequences
length	count	expect	max.err	error counts
3	55	602.4	0	55
5	1	37.7	0	1
12	3	0.0	1	2 1
13	3	0.0	1	3
14	1	0.0	1	0 1
16	1	0.0	1	1
17	1	0.0	1	0 1
18	20	0.0	1	1 6 13
19	394	0.0	1	36 324 34
20	11622	0.0	2	10713 847 62
21	8728	0.0	2	7947 744 37
22	8318	0.0	2	7488 805 25
23	9232	0.0	2	8756 457 19
24	92	0.0	2	60 30 2
25	1	0.0	2	1
49	1	0.0	2	1


=== First read: Adapter 2 ===

Sequence: TACCCGCTGAACTTAAGCAT; Type: regular 3'; Length: 20; Trimmed: 18 times

Minimum overlap: 3
No. of allowed errors:
1-9 bp: 0; 10-19 bp: 1; 20 bp: 2

Bases preceding removed adapters:
  A: 5.6%
  C: 5.6%
  G: 66.7%
  T: 22.2%
  none/other: 0.0%

Overview of removed sequences
length	count	expect	max.err	error counts
3	1	602.4	0	1
21	2	0.0	2	1 1
22	5	0.0	2	5
23	9	0.0	2	9
68	1	0.0	2	1


=== Second read: Adapter 3 ===

Sequence: ATGCTTAAGTTCAGCGGGTA; Type: regular 5'; Length: 20; Trimmed: 37795 times

Minimum overlap: 3
No. of allowed errors:
1-9 bp: 0; 10-19 bp: 1; 20 bp: 2

Overview of removed sequences
length	count	expect	max.err	error counts
3	10	602.4	0	10
4	2	150.6	0	2
8	1	0.6	0	1
11	2	0.0	1	2
12	3	0.0	1	1 2
13	2	0.0	1	1 1
15	5	0.0	1	1 4
16	2	0.0	1	0 2
17	4	0.0	1	3 1
18	34	0.0	1	1 8 25
19	353	0.0	1	32 273 48
20	11400	0.0	2	8650 2486 264
21	8652	0.0	2	7872 716 64
22	6882	0.0	2	6300 538 44
23	10083	0.0	2	8847 1137 99
24	238	0.0	2	112 119 7
25	6	0.0	2	0 4 2
43	1	0.0	2	1
47	4	0.0	2	2 2
49	1	0.0	2	0 1
50	7	0.0	2	4 2 1
53	2	0.0	2	0 1 1
54	1	0.0	2	0 0 1
55	1	0.0	2	0 0 1
56	5	0.0	2	2 0 3
57	8	0.0	2	1 2 5
58	8	0.0	2	1 1 6
59	6	0.0	2	0 3 3
60	6	0.0	2	0 2 4
61	11	0.0	2	1 3 7
62	16	0.0	2	2 4 10
63	19	0.0	2	4 5 10
64	12	0.0	2	0 7 5
65	4	0.0	2	1 2 1
66	2	0.0	2	0 1 1
67	1	0.0	2	0 0 1
90	1	0.0	2	0 1


=== Second read: Adapter 4 ===

Sequence: AACAACCCTGAACCAGACGT; Type: regular 3'; Length: 20; Trimmed: 362 times

Minimum overlap: 3
No. of allowed errors:
1-9 bp: 0; 10-19 bp: 1; 20 bp: 2

Bases preceding removed adapters:
  A: 90.9%
  C: 1.4%
  G: 2.8%
  T: 5.0%
  none/other: 0.0%
WARNING:
    The adapter is preceded by 'A' extremely often.
    The provided adapter sequence could be incomplete at its 5' end.
    Ignore this warning when trimming primers.

Overview of removed sequences
length	count	expect	max.err	error counts
3	11	602.4	0	11
4	324	150.6	0	324
5	12	37.7	0	12
20	4	0.0	2	4
21	4	0.0	2	2 1 1
22	4	0.0	2	3 1
23	2	0.0	2	2
68	1	0.0	2	1


WARNING:
    One or more of your adapter sequences may be incomplete.
    Please see the detailed output above.
