This is cutadapt 4.0 with Python 3.9.12
Command line parameters: -g ACGTCTGGTTCAGGGTTGTT -a TACCCGCTGAACTTAAGCAT -G ATGCTTAAGTTCAGCGGGTA -A AACAACCCTGAACCAGACGT -n 2 --discard-untrimmed -o C:/Users/tsto3616/Lessons-learnt-amplicon-metabarcoding/Nemabiome_sequences/cutadapt/EF016L-9_S152_L001_R1_001.fastq.gz -p C:/Users/tsto3616/Lessons-learnt-amplicon-metabarcoding/Nemabiome_sequences/cutadapt/EF016L-9_S152_L001_R2_001.fastq.gz C:/Users/tsto3616/Lessons-learnt-amplicon-metabarcoding/Nemabiome_sequences/EF016L-9_S152_L001_R1_001.fastq.gz C:/Users/tsto3616/Lessons-learnt-amplicon-metabarcoding/Nemabiome_sequences/EF016L-9_S152_L001_R2_001.fastq.gz
Processing paired-end reads on 1 core ...
Finished in 1.94 s (52 µs/read; 1.15 M reads/minute).

=== Summary ===

Total read pairs processed:             37,294
  Read 1 with adapter:                  37,211 (99.8%)
  Read 2 with adapter:                  36,559 (98.0%)

== Read fate breakdown ==
Pairs discarded as untrimmed:              783 (2.1%)
Pairs written (passing filters):        36,511 (97.9%)

Total basepairs processed:    18,706,844 bp
  Read 1:     9,358,501 bp
  Read 2:     9,348,343 bp
Total written (filtered):     16,750,038 bp (89.5%)
  Read 1:     8,382,551 bp
  Read 2:     8,367,487 bp

=== First read: Adapter 1 ===

Sequence: ACGTCTGGTTCAGGGTTGTT; Type: regular 5'; Length: 20; Trimmed: 37212 times

Minimum overlap: 3
No. of allowed errors:
1-9 bp: 0; 10-19 bp: 1; 20 bp: 2

Overview of removed sequences
length	count	expect	max.err	error counts
13	1	0.0	1	1
16	1	0.0	1	1
17	2	0.0	1	1 1
18	20	0.0	1	2 6 12
19	403	0.0	1	44 325 34
20	11447	0.0	2	10538 861 48
21	8266	0.0	2	7562 654 50
22	8034	0.0	2	7293 718 23
23	8930	0.0	2	8472 446 12
24	102	0.0	2	64 36 2
25	5	0.0	2	2 2 1
77	1	0.0	2	0 1


=== First read: Adapter 2 ===

Sequence: TACCCGCTGAACTTAAGCAT; Type: regular 3'; Length: 20; Trimmed: 6 times

Minimum overlap: 3
No. of allowed errors:
1-9 bp: 0; 10-19 bp: 1; 20 bp: 2

Bases preceding removed adapters:
  A: 16.7%
  C: 0.0%
  G: 50.0%
  T: 33.3%
  none/other: 0.0%

Overview of removed sequences
length	count	expect	max.err	error counts
3	2	582.7	0	2
22	3	0.0	2	3
24	1	0.0	2	1


=== Second read: Adapter 3 ===

Sequence: ATGCTTAAGTTCAGCGGGTA; Type: regular 5'; Length: 20; Trimmed: 36547 times

Minimum overlap: 3
No. of allowed errors:
1-9 bp: 0; 10-19 bp: 1; 20 bp: 2

Overview of removed sequences
length	count	expect	max.err	error counts
3	9	582.7	0	9
4	1	145.7	0	1
8	1	0.6	0	1
10	3	0.0	1	2 1
11	2	0.0	1	2
12	3	0.0	1	2 1
13	1	0.0	1	1
14	5	0.0	1	3 2
15	2	0.0	1	0 2
16	2	0.0	1	0 2
17	2	0.0	1	1 1
18	45	0.0	1	5 6 34
19	317	0.0	1	13 247 57
20	11131	0.0	2	8482 2388 261
21	8280	0.0	2	7502 716 62
22	6638	0.0	2	6042 539 57
23	9798	0.0	2	8562 1139 97
24	234	0.0	2	106 119 9
25	2	0.0	2	0 1 1
48	4	0.0	2	2 1 1
49	4	0.0	2	4
50	4	0.0	2	4
51	1	0.0	2	0 0 1
52	2	0.0	2	1 1
53	3	0.0	2	0 0 3
54	3	0.0	2	0 1 2
55	1	0.0	2	0 0 1
56	3	0.0	2	1 0 2
57	7	0.0	2	1 1 5
58	4	0.0	2	1 3
59	5	0.0	2	1 1 3
60	2	0.0	2	0 1 1
61	9	0.0	2	2 6 1
62	5	0.0	2	1 3 1
63	6	0.0	2	0 2 4
64	4	0.0	2	0 1 3
65	1	0.0	2	0 0 1
66	1	0.0	2	0 1
67	1	0.0	2	0 0 1
74	1	0.0	2	1


=== Second read: Adapter 4 ===

Sequence: AACAACCCTGAACCAGACGT; Type: regular 3'; Length: 20; Trimmed: 335 times

Minimum overlap: 3
No. of allowed errors:
1-9 bp: 0; 10-19 bp: 1; 20 bp: 2

Bases preceding removed adapters:
  A: 93.1%
  C: 1.2%
  G: 3.0%
  T: 2.7%
  none/other: 0.0%
WARNING:
    The adapter is preceded by 'A' extremely often.
    The provided adapter sequence could be incomplete at its 5' end.
    Ignore this warning when trimming primers.

Overview of removed sequences
length	count	expect	max.err	error counts
3	6	582.7	0	6
4	313	145.7	0	313
5	11	36.4	0	11
20	3	0.0	2	3
21	1	0.0	2	1
23	1	0.0	2	1


WARNING:
    One or more of your adapter sequences may be incomplete.
    Please see the detailed output above.
