This is cutadapt 4.0 with Python 3.9.12
Command line parameters: -g ACGTCTGGTTCAGGGTTGTT -a TACCCGCTGAACTTAAGCAT -G ATGCTTAAGTTCAGCGGGTA -A AACAACCCTGAACCAGACGT -n 2 --discard-untrimmed -o C:/Users/tsto3616/Lessons-learnt-amplicon-metabarcoding/Nemabiome_sequences/cutadapt/EF017L-6_S163_L001_R1_001.fastq.gz -p C:/Users/tsto3616/Lessons-learnt-amplicon-metabarcoding/Nemabiome_sequences/cutadapt/EF017L-6_S163_L001_R2_001.fastq.gz C:/Users/tsto3616/Lessons-learnt-amplicon-metabarcoding/Nemabiome_sequences/EF017L-6_S163_L001_R1_001.fastq.gz C:/Users/tsto3616/Lessons-learnt-amplicon-metabarcoding/Nemabiome_sequences/EF017L-6_S163_L001_R2_001.fastq.gz
Processing paired-end reads on 1 core ...
Finished in 3.19 s (83 µs/read; 0.72 M reads/minute).

=== Summary ===

Total read pairs processed:             38,225
  Read 1 with adapter:                  38,111 (99.7%)
  Read 2 with adapter:                  37,360 (97.7%)

== Read fate breakdown ==
Pairs discarded as untrimmed:              888 (2.3%)
Pairs written (passing filters):        37,337 (97.7%)

Total basepairs processed:    19,156,159 bp
  Read 1:     9,573,185 bp
  Read 2:     9,582,974 bp
Total written (filtered):     16,102,331 bp (84.1%)
  Read 1:     8,559,209 bp
  Read 2:     7,543,122 bp

=== First read: Adapter 1 ===

Sequence: ACGTCTGGTTCAGGGTTGTT; Type: regular 5'; Length: 20; Trimmed: 38110 times

Minimum overlap: 3
No. of allowed errors:
1-9 bp: 0; 10-19 bp: 1; 20 bp: 2

Overview of removed sequences
length	count	expect	max.err	error counts
3	36	597.3	0	36
7	1	2.3	0	1
16	2	0.0	1	2
17	5	0.0	1	3 2
18	5	0.0	1	1 2 2
19	178	0.0	1	29 143 6
20	13198	0.0	2	12871 316 11
21	9732	0.0	2	9492 228 12
22	6405	0.0	2	6222 177 6
23	8528	0.0	2	8326 198 4
24	20	0.0	2	14 6


=== First read: Adapter 2 ===

Sequence: TACCCGCTGAACTTAAGCAT; Type: regular 3'; Length: 20; Trimmed: 30 times

Minimum overlap: 3
No. of allowed errors:
1-9 bp: 0; 10-19 bp: 1; 20 bp: 2

Bases preceding removed adapters:
  A: 6.7%
  C: 56.7%
  G: 13.3%
  T: 23.3%
  none/other: 0.0%

Overview of removed sequences
length	count	expect	max.err	error counts
3	25	597.3	0	25
4	1	149.3	0	1
11	1	0.0	1	1
49	2	0.0	2	2
50	1	0.0	2	1


=== Second read: Adapter 3 ===

Sequence: ATGCTTAAGTTCAGCGGGTA; Type: regular 5'; Length: 20; Trimmed: 37336 times

Minimum overlap: 3
No. of allowed errors:
1-9 bp: 0; 10-19 bp: 1; 20 bp: 2

Overview of removed sequences
length	count	expect	max.err	error counts
3	2	597.3	0	2
4	3	149.3	0	3
20	1	0.0	2	1
21	3	0.0	2	2 0 1
22	2	0.0	2	0 1 1
23	3	0.0	2	2 0 1
40	1	0.0	2	1
42	1	0.0	2	1
43	7	0.0	2	7
44	4	0.0	2	2 1 1
45	4	0.0	2	4
46	54	0.0	2	43 9 2
47	8075	0.0	2	7442 546 87
48	10091	0.0	2	9315 688 88
49	9263	0.0	2	8538 627 98
50	9630	0.0	2	8879 686 65
51	26	0.0	2	23 2 1
61	1	0.0	2	0 0 1
72	1	0.0	2	0 1
73	1	0.0	2	0 0 1
76	1	0.0	2	0 1
77	2	0.0	2	0 1 1
80	2	0.0	2	0 2
81	2	0.0	2	0 2
82	2	0.0	2	0 1 1
83	2	0.0	2	1 1
84	2	0.0	2	1 0 1
85	3	0.0	2	1 1 1
86	5	0.0	2	0 4 1
87	5	0.0	2	0 4 1
88	31	0.0	2	8 10 13
89	34	0.0	2	2 14 18
90	24	0.0	2	1 12 11
91	17	0.0	2	1 7 9
92	11	0.0	2	1 5 5
93	11	0.0	2	2 5 4
94	8	0.0	2	1 6 1
106	1	0.0	2	0 1


=== Second read: Adapter 4 ===

Sequence: AACAACCCTGAACCAGACGT; Type: regular 3'; Length: 20; Trimmed: 292 times

Minimum overlap: 3
No. of allowed errors:
1-9 bp: 0; 10-19 bp: 1; 20 bp: 2

Bases preceding removed adapters:
  A: 88.4%
  C: 3.8%
  G: 6.8%
  T: 1.0%
  none/other: 0.0%
WARNING:
    The adapter is preceded by 'A' extremely often.
    The provided adapter sequence could be incomplete at its 5' end.
    Ignore this warning when trimming primers.

Overview of removed sequences
length	count	expect	max.err	error counts
3	5	597.3	0	5
4	265	149.3	0	265
5	18	37.3	0	18
20	1	0.0	2	0 1
21	1	0.0	2	1
22	1	0.0	2	1
23	1	0.0	2	1


WARNING:
    One or more of your adapter sequences may be incomplete.
    Please see the detailed output above.
