This is cutadapt 4.0 with Python 3.9.12
Command line parameters: -g ACGTCTGGTTCAGGGTTGTT -a TACCCGCTGAACTTAAGCAT -G ATGCTTAAGTTCAGCGGGTA -A AACAACCCTGAACCAGACGT -n 2 --discard-untrimmed -o C:/Users/tsto3616/Lessons-learnt-amplicon-metabarcoding/Nemabiome_sequences/cutadapt/EF013L-6_S107_L001_R1_001.fastq.gz -p C:/Users/tsto3616/Lessons-learnt-amplicon-metabarcoding/Nemabiome_sequences/cutadapt/EF013L-6_S107_L001_R2_001.fastq.gz C:/Users/tsto3616/Lessons-learnt-amplicon-metabarcoding/Nemabiome_sequences/EF013L-6_S107_L001_R1_001.fastq.gz C:/Users/tsto3616/Lessons-learnt-amplicon-metabarcoding/Nemabiome_sequences/EF013L-6_S107_L001_R2_001.fastq.gz
Processing paired-end reads on 1 core ...
Finished in 4.49 s (86 µs/read; 0.70 M reads/minute).

=== Summary ===

Total read pairs processed:             52,332
  Read 1 with adapter:                  52,167 (99.7%)
  Read 2 with adapter:                  51,178 (97.8%)

== Read fate breakdown ==
Pairs discarded as untrimmed:            1,212 (2.3%)
Pairs written (passing filters):        51,120 (97.7%)

Total basepairs processed:    26,231,887 bp
  Read 1:    13,121,556 bp
  Read 2:    13,110,331 bp
Total written (filtered):     23,439,421 bp (89.4%)
  Read 1:    11,728,158 bp
  Read 2:    11,711,263 bp

=== First read: Adapter 1 ===

Sequence: ACGTCTGGTTCAGGGTTGTT; Type: regular 5'; Length: 20; Trimmed: 52164 times

Minimum overlap: 3
No. of allowed errors:
1-9 bp: 0; 10-19 bp: 1; 20 bp: 2

Overview of removed sequences
length	count	expect	max.err	error counts
3	45	817.7	0	45
11	1	0.0	1	1
12	1	0.0	1	1
15	1	0.0	1	1
17	6	0.0	1	1 5
18	27	0.0	1	1 2 24
19	507	0.0	1	46 418 43
20	15974	0.0	2	14776 1140 58
21	12232	0.0	2	11299 869 64
22	11340	0.0	2	10430 881 29
23	11904	0.0	2	11374 513 17
24	121	0.0	2	75 45 1
25	1	0.0	2	1
27	1	0.0	2	1
36	1	0.0	2	1
51	1	0.0	2	1
65	1	0.0	2	1


=== First read: Adapter 2 ===

Sequence: TACCCGCTGAACTTAAGCAT; Type: regular 3'; Length: 20; Trimmed: 41 times

Minimum overlap: 3
No. of allowed errors:
1-9 bp: 0; 10-19 bp: 1; 20 bp: 2

Bases preceding removed adapters:
  A: 12.2%
  C: 43.9%
  G: 41.5%
  T: 2.4%
  none/other: 0.0%

Overview of removed sequences
length	count	expect	max.err	error counts
3	16	817.7	0	16
11	1	0.0	1	1
20	3	0.0	2	3
21	2	0.0	2	2
22	5	0.0	2	4 1
23	11	0.0	2	9 2
69	1	0.0	2	1
70	1	0.0	2	1
71	1	0.0	2	0 1


=== Second read: Adapter 3 ===

Sequence: ATGCTTAAGTTCAGCGGGTA; Type: regular 5'; Length: 20; Trimmed: 51145 times

Minimum overlap: 3
No. of allowed errors:
1-9 bp: 0; 10-19 bp: 1; 20 bp: 2

Overview of removed sequences
length	count	expect	max.err	error counts
3	12	817.7	0	12
5	1	51.1	0	1
10	1	0.0	1	0 1
11	1	0.0	1	1
12	3	0.0	1	2 1
13	1	0.0	1	1
14	2	0.0	1	2
15	4	0.0	1	3 1
16	1	0.0	1	1
17	7	0.0	1	7
18	32	0.0	1	6 6 20
19	428	0.0	1	29 355 44
20	15649	0.0	2	12074 3182 393
21	11988	0.0	2	10921 982 85
22	9403	0.0	2	8627 701 75
23	13243	0.0	2	11718 1393 132
24	272	0.0	2	143 118 11
25	4	0.0	2	1 2 1
47	5	0.0	2	1 3 1
48	5	0.0	2	4 0 1
49	10	0.0	2	6 4
50	9	0.0	2	6 1 2
52	1	0.0	2	0 0 1
53	3	0.0	2	0 0 3
56	4	0.0	2	0 2 2
57	3	0.0	2	0 1 2
58	3	0.0	2	1 0 2
59	5	0.0	2	0 1 4
60	6	0.0	2	1 0 5
61	10	0.0	2	0 5 5
62	6	0.0	2	2 0 4
63	6	0.0	2	0 2 4
64	10	0.0	2	0 2 8
65	3	0.0	2	0 2 1
66	3	0.0	2	0 1 2
68	1	0.0	2	0 0 1


=== Second read: Adapter 4 ===

Sequence: AACAACCCTGAACCAGACGT; Type: regular 3'; Length: 20; Trimmed: 342 times

Minimum overlap: 3
No. of allowed errors:
1-9 bp: 0; 10-19 bp: 1; 20 bp: 2

Bases preceding removed adapters:
  A: 84.5%
  C: 4.4%
  G: 4.1%
  T: 7.0%
  none/other: 0.0%
WARNING:
    The adapter is preceded by 'A' extremely often.
    The provided adapter sequence could be incomplete at its 5' end.
    Ignore this warning when trimming primers.

Overview of removed sequences
length	count	expect	max.err	error counts
3	23	817.7	0	23
4	262	204.4	0	262
5	33	51.1	0	33
6	2	12.8	0	2
12	1	0.0	1	1
20	4	0.0	2	1 1 2
21	7	0.0	2	7
22	4	0.0	2	3 0 1
23	3	0.0	2	1 2
86	1	0.0	2	0 1
152	1	0.0	2	0 0 1
211	1	0.0	2	0 0 1


WARNING:
    One or more of your adapter sequences may be incomplete.
    Please see the detailed output above.
