This is cutadapt 4.0 with Python 3.9.12
Command line parameters: -g ACGTCTGGTTCAGGGTTGTT -a TACCCGCTGAACTTAAGCAT -G ATGCTTAAGTTCAGCGGGTA -A AACAACCCTGAACCAGACGT -n 2 --discard-untrimmed -o C:/Users/tsto3616/Lessons-learnt-amplicon-metabarcoding/Nemabiome_sequences/cutadapt/EF015L-1_S125_L001_R1_001.fastq.gz -p C:/Users/tsto3616/Lessons-learnt-amplicon-metabarcoding/Nemabiome_sequences/cutadapt/EF015L-1_S125_L001_R2_001.fastq.gz C:/Users/tsto3616/Lessons-learnt-amplicon-metabarcoding/Nemabiome_sequences/EF015L-1_S125_L001_R1_001.fastq.gz C:/Users/tsto3616/Lessons-learnt-amplicon-metabarcoding/Nemabiome_sequences/EF015L-1_S125_L001_R2_001.fastq.gz
Processing paired-end reads on 1 core ...
Finished in 3.84 s (66 µs/read; 0.91 M reads/minute).

=== Summary ===

Total read pairs processed:             58,163
  Read 1 with adapter:                  58,027 (99.8%)
  Read 2 with adapter:                  56,808 (97.7%)

== Read fate breakdown ==
Pairs discarded as untrimmed:            1,414 (2.4%)
Pairs written (passing filters):        56,749 (97.6%)

Total basepairs processed:    29,146,078 bp
  Read 1:    14,578,600 bp
  Read 2:    14,567,478 bp
Total written (filtered):     26,006,455 bp (89.2%)
  Read 1:    13,013,939 bp
  Read 2:    12,992,516 bp

=== First read: Adapter 1 ===

Sequence: ACGTCTGGTTCAGGGTTGTT; Type: regular 5'; Length: 20; Trimmed: 58012 times

Minimum overlap: 3
No. of allowed errors:
1-9 bp: 0; 10-19 bp: 1; 20 bp: 2

Overview of removed sequences
length	count	expect	max.err	error counts
3	2	908.8	0	2
12	1	0.0	1	1
13	1	0.0	1	0 1
15	2	0.0	1	1 1
17	4	0.0	1	3 1
18	30	0.0	1	4 7 19
19	541	0.0	1	54 435 52
20	17599	0.0	2	16290 1238 71
21	13631	0.0	2	12539 1019 73
22	12798	0.0	2	11784 995 19
23	13256	0.0	2	12611 621 24
24	144	0.0	2	84 57 3
25	2	0.0	2	1 1
46	1	0.0	2	1


=== First read: Adapter 2 ===

Sequence: TACCCGCTGAACTTAAGCAT; Type: regular 3'; Length: 20; Trimmed: 50 times

Minimum overlap: 3
No. of allowed errors:
1-9 bp: 0; 10-19 bp: 1; 20 bp: 2

Bases preceding removed adapters:
  A: 4.0%
  C: 46.0%
  G: 28.0%
  T: 22.0%
  none/other: 0.0%

Overview of removed sequences
length	count	expect	max.err	error counts
3	18	908.8	0	18
19	1	0.0	1	0 1
20	9	0.0	2	9
21	6	0.0	2	6
22	4	0.0	2	4
23	7	0.0	2	7
68	1	0.0	2	1
72	1	0.0	2	1
113	2	0.0	2	2
213	1	0.0	2	1


=== Second read: Adapter 3 ===

Sequence: ATGCTTAAGTTCAGCGGGTA; Type: regular 5'; Length: 20; Trimmed: 56783 times

Minimum overlap: 3
No. of allowed errors:
1-9 bp: 0; 10-19 bp: 1; 20 bp: 2

Overview of removed sequences
length	count	expect	max.err	error counts
3	6	908.8	0	6
4	4	227.2	0	4
8	1	0.9	0	1
11	5	0.0	1	4 1
12	1	0.0	1	1
13	5	0.0	1	3 2
14	8	0.0	1	3 5
15	2	0.0	1	1 1
16	2	0.0	1	0 2
17	8	0.0	1	8
18	34	0.0	1	3 5 26
19	529	0.0	1	36 441 52
20	17265	0.0	2	13268 3563 434
21	13309	0.0	2	12183 1042 84
22	10251	0.0	2	9460 720 71
23	14790	0.0	2	13108 1563 119
24	333	0.0	2	154 167 12
25	8	0.0	2	0 5 3
47	3	0.0	2	3
48	6	0.0	2	3 2 1
49	3	0.0	2	2 0 1
50	9	0.0	2	4 2 3
51	2	0.0	2	0 1 1
52	3	0.0	2	0 1 2
53	7	0.0	2	1 4 2
54	4	0.0	2	1 1 2
55	5	0.0	2	0 1 4
56	12	0.0	2	3 1 8
57	6	0.0	2	0 3 3
58	14	0.0	2	2 7 5
59	23	0.0	2	5 4 14
60	10	0.0	2	0 4 6
61	29	0.0	2	1 16 12
62	22	0.0	2	0 12 10
63	18	0.0	2	2 6 10
64	17	0.0	2	3 6 8
65	11	0.0	2	1 3 7
66	6	0.0	2	1 2 3
67	10	0.0	2	2 4 4
68	2	0.0	2	1 0 1


=== Second read: Adapter 4 ===

Sequence: AACAACCCTGAACCAGACGT; Type: regular 3'; Length: 20; Trimmed: 186 times

Minimum overlap: 3
No. of allowed errors:
1-9 bp: 0; 10-19 bp: 1; 20 bp: 2

Bases preceding removed adapters:
  A: 79.6%
  C: 5.9%
  G: 8.6%
  T: 5.4%
  none/other: 0.5%

Overview of removed sequences
length	count	expect	max.err	error counts
3	21	908.8	0	21
4	120	227.2	0	120
5	27	56.8	0	27
20	3	0.0	2	1 1 1
21	4	0.0	2	3 0 1
22	7	0.0	2	5 0 2
23	3	0.0	2	0 0 3
87	1	0.0	2	0 0 1
