This is cutadapt 4.0 with Python 3.9.12
Command line parameters: -g ACGTCTGGTTCAGGGTTGTT -a TACCCGCTGAACTTAAGCAT -G ATGCTTAAGTTCAGCGGGTA -A AACAACCCTGAACCAGACGT -n 2 --discard-untrimmed -o C:/Users/tsto3616/Lessons-learnt-amplicon-metabarcoding/Nemabiome_sequences/cutadapt/EF014L-6_S121_L001_R1_001.fastq.gz -p C:/Users/tsto3616/Lessons-learnt-amplicon-metabarcoding/Nemabiome_sequences/cutadapt/EF014L-6_S121_L001_R2_001.fastq.gz C:/Users/tsto3616/Lessons-learnt-amplicon-metabarcoding/Nemabiome_sequences/EF014L-6_S121_L001_R1_001.fastq.gz C:/Users/tsto3616/Lessons-learnt-amplicon-metabarcoding/Nemabiome_sequences/EF014L-6_S121_L001_R2_001.fastq.gz
Processing paired-end reads on 1 core ...
Finished in 1.63 s (69 µs/read; 0.86 M reads/minute).

=== Summary ===

Total read pairs processed:             23,404
  Read 1 with adapter:                  23,333 (99.7%)
  Read 2 with adapter:                  22,735 (97.1%)

== Read fate breakdown ==
Pairs discarded as untrimmed:              687 (2.9%)
Pairs written (passing filters):        22,717 (97.1%)

Total basepairs processed:    11,728,353 bp
  Read 1:     5,864,576 bp
  Read 2:     5,863,777 bp
Total written (filtered):      9,799,590 bp (83.6%)
  Read 1:     5,211,519 bp
  Read 2:     4,588,071 bp

=== First read: Adapter 1 ===

Sequence: ACGTCTGGTTCAGGGTTGTT; Type: regular 5'; Length: 20; Trimmed: 23334 times

Minimum overlap: 3
No. of allowed errors:
1-9 bp: 0; 10-19 bp: 1; 20 bp: 2

Overview of removed sequences
length	count	expect	max.err	error counts
18	3	0.0	1	0 1 2
19	100	0.0	1	21 75 4
20	8466	0.0	2	8163 297 6
21	5845	0.0	2	5637 199 9
22	3738	0.0	2	3582 151 5
23	5167	0.0	2	5020 143 4
24	14	0.0	2	7 7
48	1	0.0	2	1


=== First read: Adapter 2 ===

Sequence: TACCCGCTGAACTTAAGCAT; Type: regular 3'; Length: 20; Trimmed: 6 times

Minimum overlap: 3
No. of allowed errors:
1-9 bp: 0; 10-19 bp: 1; 20 bp: 2

Bases preceding removed adapters:
  A: 0.0%
  C: 83.3%
  G: 0.0%
  T: 16.7%
  none/other: 0.0%

Overview of removed sequences
length	count	expect	max.err	error counts
3	5	365.7	0	5
49	1	0.0	2	0 0 1


=== Second read: Adapter 3 ===

Sequence: ATGCTTAAGTTCAGCGGGTA; Type: regular 5'; Length: 20; Trimmed: 22701 times

Minimum overlap: 3
No. of allowed errors:
1-9 bp: 0; 10-19 bp: 1; 20 bp: 2

Overview of removed sequences
length	count	expect	max.err	error counts
3	2	365.7	0	2
5	1	22.9	0	1
20	6	0.0	2	3 2 1
21	4	0.0	2	3 1
22	2	0.0	2	1 1
23	4	0.0	2	1 3
37	2	0.0	2	2
40	1	0.0	2	1
42	1	0.0	2	1
43	2	0.0	2	2
44	2	0.0	2	2
45	4	0.0	2	4
46	45	0.0	2	31 11 3
47	4921	0.0	2	4497 365 59
48	6119	0.0	2	5579 470 70
49	5753	0.0	2	5233 445 75
50	5762	0.0	2	5292 436 34
51	23	0.0	2	19 3 1
73	1	0.0	2	0 0 1
78	1	0.0	2	0 0 1
81	1	0.0	2	0 1
84	1	0.0	2	0 0 1
85	2	0.0	2	0 1 1
86	3	0.0	2	0 3
87	3	0.0	2	0 2 1
88	6	0.0	2	0 1 5
89	10	0.0	2	1 4 5
90	3	0.0	2	0 3
91	4	0.0	2	1 2 1
92	8	0.0	2	1 2 5
93	3	0.0	2	1 1 1
94	1	0.0	2	0 0 1


=== Second read: Adapter 4 ===

Sequence: AACAACCCTGAACCAGACGT; Type: regular 3'; Length: 20; Trimmed: 414 times

Minimum overlap: 3
No. of allowed errors:
1-9 bp: 0; 10-19 bp: 1; 20 bp: 2

Bases preceding removed adapters:
  A: 93.5%
  C: 1.0%
  G: 4.8%
  T: 0.7%
  none/other: 0.0%
WARNING:
    The adapter is preceded by 'A' extremely often.
    The provided adapter sequence could be incomplete at its 5' end.
    Ignore this warning when trimming primers.

Overview of removed sequences
length	count	expect	max.err	error counts
3	1	365.7	0	1
4	372	91.4	0	372
5	19	22.9	0	19
20	8	0.0	2	7 1
21	5	0.0	2	5
22	4	0.0	2	4
23	4	0.0	2	4
222	1	0.0	2	1


WARNING:
    One or more of your adapter sequences may be incomplete.
    Please see the detailed output above.
