This is cutadapt 4.0 with Python 3.9.12
Command line parameters: -g ACGTCTGGTTCAGGGTTGTT -a TACCCGCTGAACTTAAGCAT -G ATGCTTAAGTTCAGCGGGTA -A AACAACCCTGAACCAGACGT -n 2 --discard-untrimmed -o C:/Users/tsto3616/Lessons-learnt-amplicon-metabarcoding/Nemabiome_sequences/cutadapt/EF017L-14_S158_L001_R1_001.fastq.gz -p C:/Users/tsto3616/Lessons-learnt-amplicon-metabarcoding/Nemabiome_sequences/cutadapt/EF017L-14_S158_L001_R2_001.fastq.gz C:/Users/tsto3616/Lessons-learnt-amplicon-metabarcoding/Nemabiome_sequences/EF017L-14_S158_L001_R1_001.fastq.gz C:/Users/tsto3616/Lessons-learnt-amplicon-metabarcoding/Nemabiome_sequences/EF017L-14_S158_L001_R2_001.fastq.gz
Processing paired-end reads on 1 core ...
Finished in 3.15 s (70 µs/read; 0.86 M reads/minute).

=== Summary ===

Total read pairs processed:             45,335
  Read 1 with adapter:                  45,150 (99.6%)
  Read 2 with adapter:                  44,046 (97.2%)

== Read fate breakdown ==
Pairs discarded as untrimmed:            1,339 (3.0%)
Pairs written (passing filters):        43,996 (97.0%)

Total basepairs processed:    22,705,160 bp
  Read 1:    11,354,707 bp
  Read 2:    11,350,453 bp
Total written (filtered):     20,151,377 bp (88.8%)
  Read 1:    10,082,938 bp
  Read 2:    10,068,439 bp

=== First read: Adapter 1 ===

Sequence: ACGTCTGGTTCAGGGTTGTT; Type: regular 5'; Length: 20; Trimmed: 45144 times

Minimum overlap: 3
No. of allowed errors:
1-9 bp: 0; 10-19 bp: 1; 20 bp: 2

Overview of removed sequences
length	count	expect	max.err	error counts
3	125	708.4	0	125
11	1	0.0	1	1
13	2	0.0	1	0 2
14	2	0.0	1	1 1
15	1	0.0	1	0 1
16	2	0.0	1	2
17	5	0.0	1	2 3
18	27	0.0	1	2 5 20
19	413	0.0	1	48 324 41
20	13797	0.0	2	12824 918 55
21	10668	0.0	2	9892 740 36
22	9671	0.0	2	8871 772 28
23	10326	0.0	2	9819 488 19
24	102	0.0	2	60 40 2
25	1	0.0	2	1
31	1	0.0	2	0 1


=== First read: Adapter 2 ===

Sequence: TACCCGCTGAACTTAAGCAT; Type: regular 3'; Length: 20; Trimmed: 37 times

Minimum overlap: 3
No. of allowed errors:
1-9 bp: 0; 10-19 bp: 1; 20 bp: 2

Bases preceding removed adapters:
  A: 8.1%
  C: 51.4%
  G: 16.2%
  T: 24.3%
  none/other: 0.0%

Overview of removed sequences
length	count	expect	max.err	error counts
3	25	708.4	0	25
4	3	177.1	0	3
6	1	11.1	0	1
20	3	0.0	2	3
22	1	0.0	2	1
23	3	0.0	2	3
58	1	0.0	2	1


=== Second read: Adapter 3 ===

Sequence: ATGCTTAAGTTCAGCGGGTA; Type: regular 5'; Length: 20; Trimmed: 44017 times

Minimum overlap: 3
No. of allowed errors:
1-9 bp: 0; 10-19 bp: 1; 20 bp: 2

Overview of removed sequences
length	count	expect	max.err	error counts
3	50	708.4	0	50
4	2	177.1	0	2
8	1	0.7	0	1
11	2	0.0	1	2
12	3	0.0	1	1 2
13	5	0.0	1	3 2
14	1	0.0	1	1
15	3	0.0	1	2 1
16	1	0.0	1	0 1
17	5	0.0	1	4 1
18	26	0.0	1	3 3 20
19	396	0.0	1	27 323 46
20	13594	0.0	2	10252 2957 385
21	10053	0.0	2	9212 778 63
22	7982	0.0	2	7351 569 62
23	11421	0.0	2	9955 1340 126
24	250	0.0	2	124 120 6
25	2	0.0	2	0 1 1
45	1	0.0	2	0 0 1
47	5	0.0	2	1 1 3
48	4	0.0	2	1 1 2
49	16	0.0	2	6 5 5
50	10	0.0	2	4 2 4
51	2	0.0	2	1 0 1
52	3	0.0	2	1 0 2
53	3	0.0	2	0 1 2
54	4	0.0	2	0 1 3
55	5	0.0	2	0 1 4
56	6	0.0	2	1 1 4
57	9	0.0	2	3 3 3
58	17	0.0	2	1 6 10
59	18	0.0	2	4 4 10
60	8	0.0	2	0 1 7
61	20	0.0	2	4 3 13
62	21	0.0	2	2 6 13
63	15	0.0	2	4 6 5
64	14	0.0	2	2 7 5
65	16	0.0	2	2 4 10
66	5	0.0	2	0 2 3
67	15	0.0	2	1 6 8
68	1	0.0	2	0 1
69	1	0.0	2	0 0 1
83	1	0.0	2	0 1


=== Second read: Adapter 4 ===

Sequence: AACAACCCTGAACCAGACGT; Type: regular 3'; Length: 20; Trimmed: 312 times

Minimum overlap: 3
No. of allowed errors:
1-9 bp: 0; 10-19 bp: 1; 20 bp: 2

Bases preceding removed adapters:
  A: 85.3%
  C: 6.7%
  G: 2.9%
  T: 5.1%
  none/other: 0.0%
WARNING:
    The adapter is preceded by 'A' extremely often.
    The provided adapter sequence could be incomplete at its 5' end.
    Ignore this warning when trimming primers.

Overview of removed sequences
length	count	expect	max.err	error counts
3	29	708.4	0	29
4	227	177.1	0	227
5	48	44.3	0	48
6	1	11.1	0	1
20	1	0.0	2	1
21	1	0.0	2	1
23	3	0.0	2	3
161	1	0.0	2	0 0 1
226	1	0.0	2	0 1


WARNING:
    One or more of your adapter sequences may be incomplete.
    Please see the detailed output above.
