This is cutadapt 4.0 with Python 3.9.12
Command line parameters: -g ACGTCTGGTTCAGGGTTGTT -a TACCCGCTGAACTTAAGCAT -G ATGCTTAAGTTCAGCGGGTA -A AACAACCCTGAACCAGACGT -n 2 --discard-untrimmed -o C:/Users/tsto3616/Lessons-learnt-amplicon-metabarcoding/Nemabiome_sequences/cutadapt/EF017L-8_S165_L001_R1_001.fastq.gz -p C:/Users/tsto3616/Lessons-learnt-amplicon-metabarcoding/Nemabiome_sequences/cutadapt/EF017L-8_S165_L001_R2_001.fastq.gz C:/Users/tsto3616/Lessons-learnt-amplicon-metabarcoding/Nemabiome_sequences/EF017L-8_S165_L001_R1_001.fastq.gz C:/Users/tsto3616/Lessons-learnt-amplicon-metabarcoding/Nemabiome_sequences/EF017L-8_S165_L001_R2_001.fastq.gz
Processing paired-end reads on 1 core ...
Finished in 2.91 s (64 µs/read; 0.94 M reads/minute).

=== Summary ===

Total read pairs processed:             45,700
  Read 1 with adapter:                  45,607 (99.8%)
  Read 2 with adapter:                  44,682 (97.8%)

== Read fate breakdown ==
Pairs discarded as untrimmed:            1,052 (2.3%)
Pairs written (passing filters):        44,648 (97.7%)

Total basepairs processed:    22,891,114 bp
  Read 1:    11,447,135 bp
  Read 2:    11,443,979 bp
Total written (filtered):     20,449,657 bp (89.3%)
  Read 1:    10,233,019 bp
  Read 2:    10,216,638 bp

=== First read: Adapter 1 ===

Sequence: ACGTCTGGTTCAGGGTTGTT; Type: regular 5'; Length: 20; Trimmed: 45606 times

Minimum overlap: 3
No. of allowed errors:
1-9 bp: 0; 10-19 bp: 1; 20 bp: 2

Overview of removed sequences
length	count	expect	max.err	error counts
3	106	714.1	0	106
12	1	0.0	1	1
13	2	0.0	1	0 2
14	3	0.0	1	2 1
15	1	0.0	1	0 1
16	1	0.0	1	1
17	1	0.0	1	0 1
18	22	0.0	1	3 7 12
19	401	0.0	1	53 311 37
20	14164	0.0	2	13162 947 55
21	10661	0.0	2	9904 724 33
22	9821	0.0	2	9069 734 18
23	10321	0.0	2	9831 482 8
24	101	0.0	2	70 29 2


=== First read: Adapter 2 ===

Sequence: TACCCGCTGAACTTAAGCAT; Type: regular 3'; Length: 20; Trimmed: 32 times

Minimum overlap: 3
No. of allowed errors:
1-9 bp: 0; 10-19 bp: 1; 20 bp: 2

Bases preceding removed adapters:
  A: 9.4%
  C: 59.4%
  G: 6.2%
  T: 25.0%
  none/other: 0.0%

Overview of removed sequences
length	count	expect	max.err	error counts
3	28	714.1	0	28
4	1	178.5	0	1
14	1	0.0	1	1
21	2	0.0	2	2


=== Second read: Adapter 3 ===

Sequence: ATGCTTAAGTTCAGCGGGTA; Type: regular 5'; Length: 20; Trimmed: 44656 times

Minimum overlap: 3
No. of allowed errors:
1-9 bp: 0; 10-19 bp: 1; 20 bp: 2

Overview of removed sequences
length	count	expect	max.err	error counts
3	8	714.1	0	8
4	2	178.5	0	2
10	1	0.0	1	1
11	1	0.0	1	1
12	1	0.0	1	1
13	1	0.0	1	0 1
14	7	0.0	1	3 4
15	3	0.0	1	2 1
16	4	0.0	1	1 3
17	4	0.0	1	1 3
18	31	0.0	1	2 4 25
19	384	0.0	1	15 329 40
20	13653	0.0	2	9962 3283 408
21	10520	0.0	2	9609 832 79
22	8078	0.0	2	7346 657 75
23	11446	0.0	2	9967 1366 113
24	240	0.0	2	116 117 7
25	3	0.0	2	0 2 1
45	1	0.0	2	0 1
46	1	0.0	2	1
47	11	0.0	2	6 3 2
48	12	0.0	2	4 6 2
49	6	0.0	2	3 0 3
50	19	0.0	2	9 2 8
51	5	0.0	2	1 1 3
52	3	0.0	2	0 1 2
53	3	0.0	2	0 1 2
54	6	0.0	2	1 2 3
55	10	0.0	2	3 5 2
56	5	0.0	2	1 4
57	10	0.0	2	4 2 4
58	12	0.0	2	2 3 7
59	17	0.0	2	2 6 9
60	10	0.0	2	1 3 6
61	27	0.0	2	7 11 9
62	25	0.0	2	5 12 8
63	20	0.0	2	5 6 9
64	26	0.0	2	6 10 10
65	14	0.0	2	3 8 3
66	10	0.0	2	1 3 6
67	16	0.0	2	2 5 9


=== Second read: Adapter 4 ===

Sequence: AACAACCCTGAACCAGACGT; Type: regular 3'; Length: 20; Trimmed: 296 times

Minimum overlap: 3
No. of allowed errors:
1-9 bp: 0; 10-19 bp: 1; 20 bp: 2

Bases preceding removed adapters:
  A: 84.5%
  C: 9.5%
  G: 4.4%
  T: 1.7%
  none/other: 0.0%
WARNING:
    The adapter is preceded by 'A' extremely often.
    The provided adapter sequence could be incomplete at its 5' end.
    Ignore this warning when trimming primers.

Overview of removed sequences
length	count	expect	max.err	error counts
3	21	714.1	0	21
4	238	178.5	0	238
5	33	44.6	0	33
6	1	11.2	0	1
20	1	0.0	2	1
21	2	0.0	2	2


WARNING:
    One or more of your adapter sequences may be incomplete.
    Please see the detailed output above.
