This is cutadapt 4.0 with Python 3.9.12
Command line parameters: -g ACGTCTGGTTCAGGGTTGTT -a TACCCGCTGAACTTAAGCAT -G ATGCTTAAGTTCAGCGGGTA -A AACAACCCTGAACCAGACGT -n 2 --discard-untrimmed -o C:/Users/tsto3616/Lessons-learnt-amplicon-metabarcoding/Nemabiome_sequences/cutadapt/EF014L-2_S117_L001_R1_001.fastq.gz -p C:/Users/tsto3616/Lessons-learnt-amplicon-metabarcoding/Nemabiome_sequences/cutadapt/EF014L-2_S117_L001_R2_001.fastq.gz C:/Users/tsto3616/Lessons-learnt-amplicon-metabarcoding/Nemabiome_sequences/EF014L-2_S117_L001_R1_001.fastq.gz C:/Users/tsto3616/Lessons-learnt-amplicon-metabarcoding/Nemabiome_sequences/EF014L-2_S117_L001_R2_001.fastq.gz
Processing paired-end reads on 1 core ...
Finished in 2.31 s (73 µs/read; 0.82 M reads/minute).

=== Summary ===

Total read pairs processed:             31,571
  Read 1 with adapter:                  31,493 (99.8%)
  Read 2 with adapter:                  30,877 (97.8%)

== Read fate breakdown ==
Pairs discarded as untrimmed:              715 (2.3%)
Pairs written (passing filters):        30,856 (97.7%)

Total basepairs processed:    15,812,327 bp
  Read 1:     7,907,398 bp
  Read 2:     7,904,929 bp
Total written (filtered):     13,310,352 bp (84.2%)
  Read 1:     7,075,445 bp
  Read 2:     6,234,907 bp

=== First read: Adapter 1 ===

Sequence: ACGTCTGGTTCAGGGTTGTT; Type: regular 5'; Length: 20; Trimmed: 31501 times

Minimum overlap: 3
No. of allowed errors:
1-9 bp: 0; 10-19 bp: 1; 20 bp: 2

Overview of removed sequences
length	count	expect	max.err	error counts
3	79	493.3	0	79
12	1	0.0	1	1
14	2	0.0	1	0 2
16	2	0.0	1	1 1
17	1	0.0	1	1
18	6	0.0	1	1 1 4
19	133	0.0	1	22 100 11
20	10904	0.0	2	10606 284 14
21	7887	0.0	2	7679 200 8
22	5323	0.0	2	5149 172 2
23	7124	0.0	2	6946 173 5
24	26	0.0	2	14 12
31	1	0.0	2	1
35	1	0.0	2	1
47	1	0.0	2	1
48	1	0.0	2	1
49	1	0.0	2	1
50	2	0.0	2	1 1
51	1	0.0	2	1
52	1	0.0	2	0 1
62	1	0.0	2	1
69	1	0.0	2	1
72	1	0.0	2	1
74	1	0.0	2	1


=== First read: Adapter 2 ===

Sequence: TACCCGCTGAACTTAAGCAT; Type: regular 3'; Length: 20; Trimmed: 6 times

Minimum overlap: 3
No. of allowed errors:
1-9 bp: 0; 10-19 bp: 1; 20 bp: 2

Bases preceding removed adapters:
  A: 16.7%
  C: 33.3%
  G: 0.0%
  T: 50.0%
  none/other: 0.0%

Overview of removed sequences
length	count	expect	max.err	error counts
3	4	493.3	0	4
47	1	0.0	2	1
50	1	0.0	2	1


=== Second read: Adapter 3 ===

Sequence: ATGCTTAAGTTCAGCGGGTA; Type: regular 5'; Length: 20; Trimmed: 30810 times

Minimum overlap: 3
No. of allowed errors:
1-9 bp: 0; 10-19 bp: 1; 20 bp: 2

Overview of removed sequences
length	count	expect	max.err	error counts
3	84	493.3	0	84
4	3	123.3	0	3
5	3	30.8	0	3
20	3	0.0	2	2 1
21	4	0.0	2	3 0 1
23	3	0.0	2	1 1 1
40	2	0.0	2	2
41	1	0.0	2	1
42	2	0.0	2	2
43	5	0.0	2	4 1
44	3	0.0	2	2 1
45	6	0.0	2	6
46	45	0.0	2	34 11
47	6922	0.0	2	6354 507 61
48	8231	0.0	2	7568 600 63
49	7708	0.0	2	7028 621 59
50	7731	0.0	2	7116 564 51
51	22	0.0	2	20 1 1
52	1	0.0	2	0 1
66	1	0.0	2	0 0 1
82	1	0.0	2	0 0 1
83	1	0.0	2	0 0 1
88	6	0.0	2	0 0 6
89	5	0.0	2	2 1 2
91	2	0.0	2	0 1 1
92	2	0.0	2	1 0 1
95	1	0.0	2	1
99	1	0.0	2	1
103	1	0.0	2	0 1
104	4	0.0	2	4
105	3	0.0	2	2 1
106	1	0.0	2	1
108	2	0.0	2	1 0 1


=== Second read: Adapter 4 ===

Sequence: AACAACCCTGAACCAGACGT; Type: regular 3'; Length: 20; Trimmed: 522 times

Minimum overlap: 3
No. of allowed errors:
1-9 bp: 0; 10-19 bp: 1; 20 bp: 2

Bases preceding removed adapters:
  A: 91.2%
  C: 1.7%
  G: 5.4%
  T: 1.7%
  none/other: 0.0%
WARNING:
    The adapter is preceded by 'A' extremely often.
    The provided adapter sequence could be incomplete at its 5' end.
    Ignore this warning when trimming primers.

Overview of removed sequences
length	count	expect	max.err	error counts
3	6	493.3	0	6
4	440	123.3	0	440
5	31	30.8	0	31
20	15	0.0	2	14 1
21	12	0.0	2	12
22	10	0.0	2	10
23	5	0.0	2	5
209	1	0.0	2	1
223	2	0.0	2	1 1


WARNING:
    One or more of your adapter sequences may be incomplete.
    Please see the detailed output above.
