This is cutadapt 4.0 with Python 3.9.12
Command line parameters: -g ACGTCTGGTTCAGGGTTGTT -a TACCCGCTGAACTTAAGCAT -G ATGCTTAAGTTCAGCGGGTA -A AACAACCCTGAACCAGACGT -n 2 --discard-untrimmed -o C:/Users/tsto3616/Lessons-learnt-amplicon-metabarcoding/Nemabiome_sequences/cutadapt/EF015L-4_S133_L001_R1_001.fastq.gz -p C:/Users/tsto3616/Lessons-learnt-amplicon-metabarcoding/Nemabiome_sequences/cutadapt/EF015L-4_S133_L001_R2_001.fastq.gz C:/Users/tsto3616/Lessons-learnt-amplicon-metabarcoding/Nemabiome_sequences/EF015L-4_S133_L001_R1_001.fastq.gz C:/Users/tsto3616/Lessons-learnt-amplicon-metabarcoding/Nemabiome_sequences/EF015L-4_S133_L001_R2_001.fastq.gz
Processing paired-end reads on 1 core ...
Finished in 3.61 s (73 µs/read; 0.83 M reads/minute).

=== Summary ===

Total read pairs processed:             49,705
  Read 1 with adapter:                  49,584 (99.8%)
  Read 2 with adapter:                  48,460 (97.5%)

== Read fate breakdown ==
Pairs discarded as untrimmed:            1,304 (2.6%)
Pairs written (passing filters):        48,401 (97.4%)

Total basepairs processed:    24,905,416 bp
  Read 1:    12,457,521 bp
  Read 2:    12,447,895 bp
Total written (filtered):     22,180,185 bp (89.1%)
  Read 1:    11,098,974 bp
  Read 2:    11,081,211 bp

=== First read: Adapter 1 ===

Sequence: ACGTCTGGTTCAGGGTTGTT; Type: regular 5'; Length: 20; Trimmed: 49569 times

Minimum overlap: 3
No. of allowed errors:
1-9 bp: 0; 10-19 bp: 1; 20 bp: 2

Overview of removed sequences
length	count	expect	max.err	error counts
3	125	776.6	0	125
12	1	0.0	1	0 1
13	2	0.0	1	2
14	1	0.0	1	0 1
16	1	0.0	1	1
17	4	0.0	1	1 3
18	20	0.0	1	1 4 15
19	386	0.0	1	41 317 28
20	15077	0.0	2	14053 984 40
21	11693	0.0	2	10888 771 34
22	10913	0.0	2	10066 809 38
23	11249	0.0	2	10759 473 17
24	96	0.0	2	68 26 2
46	1	0.0	2	0 0 1


=== First read: Adapter 2 ===

Sequence: TACCCGCTGAACTTAAGCAT; Type: regular 3'; Length: 20; Trimmed: 48 times

Minimum overlap: 3
No. of allowed errors:
1-9 bp: 0; 10-19 bp: 1; 20 bp: 2

Bases preceding removed adapters:
  A: 8.3%
  C: 41.7%
  G: 18.8%
  T: 31.2%
  none/other: 0.0%

Overview of removed sequences
length	count	expect	max.err	error counts
3	13	776.6	0	13
11	2	0.0	1	2
14	1	0.0	1	1
19	1	0.0	1	1
20	7	0.0	2	6 1
21	5	0.0	2	5
22	4	0.0	2	3 1
23	13	0.0	2	12 1
69	1	0.0	2	1
211	1	0.0	2	1


=== Second read: Adapter 3 ===

Sequence: ATGCTTAAGTTCAGCGGGTA; Type: regular 5'; Length: 20; Trimmed: 48440 times

Minimum overlap: 3
No. of allowed errors:
1-9 bp: 0; 10-19 bp: 1; 20 bp: 2

Overview of removed sequences
length	count	expect	max.err	error counts
3	10	776.6	0	10
4	3	194.2	0	3
11	3	0.0	1	2 1
12	4	0.0	1	2 2
14	2	0.0	1	1 1
15	2	0.0	1	2
17	10	0.0	1	5 5
18	33	0.0	1	4 6 23
19	426	0.0	1	31 345 50
20	15060	0.0	2	11568 3113 379
21	11398	0.0	2	10456 878 64
22	8716	0.0	2	8105 553 58
23	12327	0.0	2	11008 1221 98
24	256	0.0	2	134 115 7
25	4	0.0	2	1 2 1
47	11	0.0	2	4 2 5
48	6	0.0	2	3 0 3
49	4	0.0	2	2 2
50	7	0.0	2	2 3 2
51	3	0.0	2	0 2 1
53	7	0.0	2	0 3 4
54	1	0.0	2	0 1
55	6	0.0	2	0 3 3
56	5	0.0	2	0 1 4
57	7	0.0	2	2 1 4
58	14	0.0	2	1 5 8
59	16	0.0	2	0 7 9
60	7	0.0	2	0 1 6
61	19	0.0	2	4 5 10
62	21	0.0	2	3 6 12
63	11	0.0	2	3 3 5
64	19	0.0	2	1 8 10
65	9	0.0	2	0 2 7
66	5	0.0	2	1 2 2
67	5	0.0	2	2 1 2
68	2	0.0	2	0 1 1
88	1	0.0	2	0 1


=== Second read: Adapter 4 ===

Sequence: AACAACCCTGAACCAGACGT; Type: regular 3'; Length: 20; Trimmed: 140 times

Minimum overlap: 3
No. of allowed errors:
1-9 bp: 0; 10-19 bp: 1; 20 bp: 2

Bases preceding removed adapters:
  A: 68.6%
  C: 10.0%
  G: 8.6%
  T: 12.9%
  none/other: 0.0%

Overview of removed sequences
length	count	expect	max.err	error counts
3	15	776.6	0	15
4	81	194.2	0	81
5	20	48.5	0	20
7	1	3.0	0	1
10	1	0.0	1	0 1
11	2	0.0	1	1 1
12	2	0.0	1	2
20	3	0.0	2	2 0 1
21	4	0.0	2	1 1 2
22	2	0.0	2	1 0 1
23	9	0.0	2	6 1 2
