This is cutadapt 4.0 with Python 3.9.12
Command line parameters: -g ACGTCTGGTTCAGGGTTGTT -a TACCCGCTGAACTTAAGCAT -G ATGCTTAAGTTCAGCGGGTA -A AACAACCCTGAACCAGACGT -n 2 --discard-untrimmed -o C:/Users/tsto3616/Lessons-learnt-amplicon-metabarcoding/Nemabiome_sequences/cutadapt/EF017L-2_S159_L001_R1_001.fastq.gz -p C:/Users/tsto3616/Lessons-learnt-amplicon-metabarcoding/Nemabiome_sequences/cutadapt/EF017L-2_S159_L001_R2_001.fastq.gz C:/Users/tsto3616/Lessons-learnt-amplicon-metabarcoding/Nemabiome_sequences/EF017L-2_S159_L001_R1_001.fastq.gz C:/Users/tsto3616/Lessons-learnt-amplicon-metabarcoding/Nemabiome_sequences/EF017L-2_S159_L001_R2_001.fastq.gz
Processing paired-end reads on 1 core ...
Finished in 2.59 s (60 µs/read; 0.99 M reads/minute).

=== Summary ===

Total read pairs processed:             42,936
  Read 1 with adapter:                  42,864 (99.8%)
  Read 2 with adapter:                  42,010 (97.8%)

== Read fate breakdown ==
Pairs discarded as untrimmed:              957 (2.2%)
Pairs written (passing filters):        41,979 (97.8%)

Total basepairs processed:    21,517,981 bp
  Read 1:    10,753,119 bp
  Read 2:    10,764,862 bp
Total written (filtered):     18,102,810 bp (84.1%)
  Read 1:     9,623,405 bp
  Read 2:     8,479,405 bp

=== First read: Adapter 1 ===

Sequence: ACGTCTGGTTCAGGGTTGTT; Type: regular 5'; Length: 20; Trimmed: 42864 times

Minimum overlap: 3
No. of allowed errors:
1-9 bp: 0; 10-19 bp: 1; 20 bp: 2

Overview of removed sequences
length	count	expect	max.err	error counts
3	2	670.9	0	2
6	1	10.5	0	1
10	1	0.0	1	1
13	1	0.0	1	1
18	7	0.0	1	1 3 3
19	204	0.0	1	33 162 9
20	15062	0.0	2	14698 359 5
21	11111	0.0	2	10824 276 11
22	7073	0.0	2	6848 222 3
23	9371	0.0	2	9167 199 5
24	31	0.0	2	23 8


=== First read: Adapter 2 ===

Sequence: TACCCGCTGAACTTAAGCAT; Type: regular 3'; Length: 20; Trimmed: 24 times

Minimum overlap: 3
No. of allowed errors:
1-9 bp: 0; 10-19 bp: 1; 20 bp: 2

Bases preceding removed adapters:
  A: 12.5%
  C: 66.7%
  G: 8.3%
  T: 12.5%
  none/other: 0.0%

Overview of removed sequences
length	count	expect	max.err	error counts
3	23	670.9	0	23
47	1	0.0	2	1


=== Second read: Adapter 3 ===

Sequence: ATGCTTAAGTTCAGCGGGTA; Type: regular 5'; Length: 20; Trimmed: 41994 times

Minimum overlap: 3
No. of allowed errors:
1-9 bp: 0; 10-19 bp: 1; 20 bp: 2

Overview of removed sequences
length	count	expect	max.err	error counts
3	6	670.9	0	6
4	1	167.7	0	1
20	4	0.0	2	3 1
21	4	0.0	2	1 1 2
22	6	0.0	2	5 1
23	5	0.0	2	5
34	1	0.0	2	1
38	1	0.0	2	1
40	1	0.0	2	1
42	1	0.0	2	1
43	3	0.0	2	2 1
44	7	0.0	2	7
45	4	0.0	2	4
46	66	0.0	2	43 18 5
47	9176	0.0	2	8385 692 99
48	11145	0.0	2	10277 762 106
49	10479	0.0	2	9598 778 103
50	10839	0.0	2	10053 713 73
51	33	0.0	2	30 0 3
67	1	0.0	2	0 1
68	1	0.0	2	0 0 1
72	1	0.0	2	0 1
73	1	0.0	2	0 0 1
75	2	0.0	2	2
76	1	0.0	2	1
77	1	0.0	2	0 0 1
78	3	0.0	2	1 1 1
79	2	0.0	2	0 1 1
80	5	0.0	2	1 2 2
81	3	0.0	2	2 0 1
82	3	0.0	2	1 1 1
83	1	0.0	2	0 0 1
84	3	0.0	2	1 0 2
86	11	0.0	2	4 2 5
87	14	0.0	2	2 5 7
88	33	0.0	2	10 11 12
89	40	0.0	2	7 13 20
90	28	0.0	2	4 12 12
91	30	0.0	2	10 7 13
92	14	0.0	2	4 3 7
93	9	0.0	2	0 7 2
94	3	0.0	2	0 1 2
105	1	0.0	2	0 0 1
144	1	0.0	2	0 1


=== Second read: Adapter 4 ===

Sequence: AACAACCCTGAACCAGACGT; Type: regular 3'; Length: 20; Trimmed: 304 times

Minimum overlap: 3
No. of allowed errors:
1-9 bp: 0; 10-19 bp: 1; 20 bp: 2

Bases preceding removed adapters:
  A: 90.5%
  C: 1.6%
  G: 5.9%
  T: 2.0%
  none/other: 0.0%
WARNING:
    The adapter is preceded by 'A' extremely often.
    The provided adapter sequence could be incomplete at its 5' end.
    Ignore this warning when trimming primers.

Overview of removed sequences
length	count	expect	max.err	error counts
3	5	670.9	0	5
4	282	167.7	0	282
5	9	41.9	0	9
6	1	10.5	0	1
20	4	0.0	2	4
22	1	0.0	2	1
23	2	0.0	2	2


WARNING:
    One or more of your adapter sequences may be incomplete.
    Please see the detailed output above.
