This is cutadapt 4.0 with Python 3.9.12
Command line parameters: -g ACGTCTGGTTCAGGGTTGTT -a TACCCGCTGAACTTAAGCAT -G ATGCTTAAGTTCAGCGGGTA -A AACAACCCTGAACCAGACGT -n 2 --discard-untrimmed -o C:/Users/tsto3616/Lessons-learnt-amplicon-metabarcoding/Nemabiome_sequences/cutadapt/EF014L-10_S112_L001_R1_001.fastq.gz -p C:/Users/tsto3616/Lessons-learnt-amplicon-metabarcoding/Nemabiome_sequences/cutadapt/EF014L-10_S112_L001_R2_001.fastq.gz C:/Users/tsto3616/Lessons-learnt-amplicon-metabarcoding/Nemabiome_sequences/EF014L-10_S112_L001_R1_001.fastq.gz C:/Users/tsto3616/Lessons-learnt-amplicon-metabarcoding/Nemabiome_sequences/EF014L-10_S112_L001_R2_001.fastq.gz
Processing paired-end reads on 1 core ...
Finished in 2.65 s (80 µs/read; 0.75 M reads/minute).

=== Summary ===

Total read pairs processed:             33,136
  Read 1 with adapter:                  33,049 (99.7%)
  Read 2 with adapter:                  32,276 (97.4%)

== Read fate breakdown ==
Pairs discarded as untrimmed:              892 (2.7%)
Pairs written (passing filters):        32,244 (97.3%)

Total basepairs processed:    16,613,263 bp
  Read 1:     8,310,799 bp
  Read 2:     8,302,464 bp
Total written (filtered):     14,785,532 bp (89.0%)
  Read 1:     7,399,668 bp
  Read 2:     7,385,864 bp

=== First read: Adapter 1 ===

Sequence: ACGTCTGGTTCAGGGTTGTT; Type: regular 5'; Length: 20; Trimmed: 33049 times

Minimum overlap: 3
No. of allowed errors:
1-9 bp: 0; 10-19 bp: 1; 20 bp: 2

Overview of removed sequences
length	count	expect	max.err	error counts
3	82	517.8	0	82
15	1	0.0	1	0 1
17	8	0.0	1	6 2
18	19	0.0	1	2 2 15
19	309	0.0	1	30 253 26
20	10045	0.0	2	9271 730 44
21	7575	0.0	2	6969 578 28
22	7194	0.0	2	6576 600 18
23	7729	0.0	2	7310 405 14
24	84	0.0	2	54 29 1
25	1	0.0	2	0 1
33	1	0.0	2	1
55	1	0.0	2	1


=== First read: Adapter 2 ===

Sequence: TACCCGCTGAACTTAAGCAT; Type: regular 3'; Length: 20; Trimmed: 17 times

Minimum overlap: 3
No. of allowed errors:
1-9 bp: 0; 10-19 bp: 1; 20 bp: 2

Bases preceding removed adapters:
  A: 5.9%
  C: 29.4%
  G: 29.4%
  T: 35.3%
  none/other: 0.0%

Overview of removed sequences
length	count	expect	max.err	error counts
3	7	517.8	0	7
14	1	0.0	1	1
20	1	0.0	2	1
21	1	0.0	2	1
22	2	0.0	2	1 1
23	4	0.0	2	4
69	1	0.0	2	1


=== Second read: Adapter 3 ===

Sequence: ATGCTTAAGTTCAGCGGGTA; Type: regular 5'; Length: 20; Trimmed: 32258 times

Minimum overlap: 3
No. of allowed errors:
1-9 bp: 0; 10-19 bp: 1; 20 bp: 2

Overview of removed sequences
length	count	expect	max.err	error counts
3	4	517.8	0	4
11	2	0.0	1	2
12	1	0.0	1	1
13	2	0.0	1	1 1
16	2	0.0	1	1 1
17	4	0.0	1	4
18	21	0.0	1	3 1 17
19	324	0.0	1	19 257 48
20	10075	0.0	2	7396 2385 294
21	7592	0.0	2	6897 617 78
22	5746	0.0	2	5301 406 39
23	8192	0.0	2	7167 936 89
24	167	0.0	2	91 72 4
25	3	0.0	2	1 2
47	5	0.0	2	2 1 2
48	3	0.0	2	2 0 1
49	8	0.0	2	5 2 1
50	5	0.0	2	2 2 1
54	5	0.0	2	0 3 2
55	5	0.0	2	0 0 5
56	6	0.0	2	0 2 4
57	4	0.0	2	3 0 1
58	8	0.0	2	0 1 7
59	6	0.0	2	1 0 5
60	4	0.0	2	1 0 3
61	15	0.0	2	2 4 9
62	17	0.0	2	2 6 9
63	11	0.0	2	2 2 7
64	7	0.0	2	1 2 4
65	2	0.0	2	0 2
66	7	0.0	2	0 2 5
67	4	0.0	2	1 2 1
86	1	0.0	2	0 0 1


=== Second read: Adapter 4 ===

Sequence: AACAACCCTGAACCAGACGT; Type: regular 3'; Length: 20; Trimmed: 335 times

Minimum overlap: 3
No. of allowed errors:
1-9 bp: 0; 10-19 bp: 1; 20 bp: 2

Bases preceding removed adapters:
  A: 91.9%
  C: 2.1%
  G: 3.3%
  T: 2.7%
  none/other: 0.0%
WARNING:
    The adapter is preceded by 'A' extremely often.
    The provided adapter sequence could be incomplete at its 5' end.
    Ignore this warning when trimming primers.

Overview of removed sequences
length	count	expect	max.err	error counts
3	12	517.8	0	12
4	287	129.4	0	287
5	26	32.4	0	26
6	1	8.1	0	1
11	1	0.0	1	0 1
20	2	0.0	2	2
21	2	0.0	2	0 2
22	2	0.0	2	2
23	1	0.0	2	0 1
24	1	0.0	2	1


WARNING:
    One or more of your adapter sequences may be incomplete.
    Please see the detailed output above.
