This is cutadapt 4.0 with Python 3.9.12
Command line parameters: -g ACGTCTGGTTCAGGGTTGTT -a TACCCGCTGAACTTAAGCAT -G ATGCTTAAGTTCAGCGGGTA -A AACAACCCTGAACCAGACGT -n 2 --discard-untrimmed -o C:/Users/tsto3616/Lessons-learnt-amplicon-metabarcoding/Nemabiome_sequences/cutadapt/EF015L-3_S132_L001_R1_001.fastq.gz -p C:/Users/tsto3616/Lessons-learnt-amplicon-metabarcoding/Nemabiome_sequences/cutadapt/EF015L-3_S132_L001_R2_001.fastq.gz C:/Users/tsto3616/Lessons-learnt-amplicon-metabarcoding/Nemabiome_sequences/EF015L-3_S132_L001_R1_001.fastq.gz C:/Users/tsto3616/Lessons-learnt-amplicon-metabarcoding/Nemabiome_sequences/EF015L-3_S132_L001_R2_001.fastq.gz
Processing paired-end reads on 1 core ...
Finished in 2.67 s (61 µs/read; 0.98 M reads/minute).

=== Summary ===

Total read pairs processed:             43,505
  Read 1 with adapter:                  43,370 (99.7%)
  Read 2 with adapter:                  42,455 (97.6%)

== Read fate breakdown ==
Pairs discarded as untrimmed:            1,108 (2.5%)
Pairs written (passing filters):        42,397 (97.5%)

Total basepairs processed:    21,793,677 bp
  Read 1:    10,901,280 bp
  Read 2:    10,892,397 bp
Total written (filtered):     19,428,147 bp (89.1%)
  Read 1:     9,722,449 bp
  Read 2:     9,705,698 bp

=== First read: Adapter 1 ===

Sequence: ACGTCTGGTTCAGGGTTGTT; Type: regular 5'; Length: 20; Trimmed: 43354 times

Minimum overlap: 3
No. of allowed errors:
1-9 bp: 0; 10-19 bp: 1; 20 bp: 2

Overview of removed sequences
length	count	expect	max.err	error counts
3	74	679.8	0	74
13	1	0.0	1	1
15	1	0.0	1	0 1
16	4	0.0	1	3 1
17	1	0.0	1	0 1
18	21	0.0	1	0 9 12
19	419	0.0	1	38 345 36
20	13429	0.0	2	12467 907 55
21	10038	0.0	2	9264 736 38
22	9274	0.0	2	8531 720 23
23	9968	0.0	2	9461 496 11
24	122	0.0	2	83 38 1
25	2	0.0	2	2


=== First read: Adapter 2 ===

Sequence: TACCCGCTGAACTTAAGCAT; Type: regular 3'; Length: 20; Trimmed: 44 times

Minimum overlap: 3
No. of allowed errors:
1-9 bp: 0; 10-19 bp: 1; 20 bp: 2

Bases preceding removed adapters:
  A: 6.8%
  C: 61.4%
  G: 20.5%
  T: 11.4%
  none/other: 0.0%

Overview of removed sequences
length	count	expect	max.err	error counts
3	15	679.8	0	15
11	1	0.0	1	1
19	1	0.0	1	0 1
20	7	0.0	2	6 1
21	11	0.0	2	10 1
22	3	0.0	2	2 1
23	5	0.0	2	4 1
227	1	0.0	2	1


=== Second read: Adapter 3 ===

Sequence: ATGCTTAAGTTCAGCGGGTA; Type: regular 5'; Length: 20; Trimmed: 42431 times

Minimum overlap: 3
No. of allowed errors:
1-9 bp: 0; 10-19 bp: 1; 20 bp: 2

Overview of removed sequences
length	count	expect	max.err	error counts
3	5	679.8	0	5
4	3	169.9	0	3
9	2	0.2	0	2
13	2	0.0	1	2
14	1	0.0	1	0 1
15	1	0.0	1	1
16	5	0.0	1	2 3
17	8	0.0	1	6 2
18	33	0.0	1	0 6 27
19	400	0.0	1	23 320 57
20	12892	0.0	2	9960 2650 282
21	9963	0.0	2	9136 758 69
22	7764	0.0	2	7174 522 68
23	10943	0.0	2	9772 1102 69
24	237	0.0	2	111 120 6
25	4	0.0	2	1 3
45	2	0.0	2	1 1
47	3	0.0	2	0 3
48	4	0.0	2	1 2 1
49	8	0.0	2	3 2 3
50	8	0.0	2	2 1 5
51	6	0.0	2	0 1 5
52	1	0.0	2	1
53	3	0.0	2	0 1 2
54	1	0.0	2	0 0 1
55	4	0.0	2	0 0 4
56	7	0.0	2	0 3 4
57	8	0.0	2	1 1 6
58	7	0.0	2	2 2 3
59	14	0.0	2	2 5 7
60	13	0.0	2	2 6 5
61	17	0.0	2	1 7 9
62	11	0.0	2	1 4 6
63	12	0.0	2	1 5 6
64	8	0.0	2	1 5 2
65	7	0.0	2	1 3 3
66	8	0.0	2	1 0 7
67	14	0.0	2	2 5 7
69	1	0.0	2	0 0 1
88	1	0.0	2	0 0 1


=== Second read: Adapter 4 ===

Sequence: AACAACCCTGAACCAGACGT; Type: regular 3'; Length: 20; Trimmed: 172 times

Minimum overlap: 3
No. of allowed errors:
1-9 bp: 0; 10-19 bp: 1; 20 bp: 2

Bases preceding removed adapters:
  A: 77.3%
  C: 6.4%
  G: 8.1%
  T: 7.6%
  none/other: 0.6%

Overview of removed sequences
length	count	expect	max.err	error counts
3	25	679.8	0	25
4	101	169.9	0	101
5	23	42.5	0	23
11	1	0.0	1	0 1
12	2	0.0	1	1 1
13	1	0.0	1	0 1
20	8	0.0	2	3 1 4
21	2	0.0	2	1 0 1
22	5	0.0	2	1 1 3
23	3	0.0	2	1 2
210	1	0.0	2	0 1
