This is cutadapt 4.0 with Python 3.9.12
Command line parameters: -g ACGTCTGGTTCAGGGTTGTT -a TACCCGCTGAACTTAAGCAT -G ATGCTTAAGTTCAGCGGGTA -A AACAACCCTGAACCAGACGT -n 2 --discard-untrimmed -o C:/Users/tsto3616/Lessons-learnt-amplicon-metabarcoding/Nemabiome_sequences/cutadapt/EF015L-13_S129_L001_R1_001.fastq.gz -p C:/Users/tsto3616/Lessons-learnt-amplicon-metabarcoding/Nemabiome_sequences/cutadapt/EF015L-13_S129_L001_R2_001.fastq.gz C:/Users/tsto3616/Lessons-learnt-amplicon-metabarcoding/Nemabiome_sequences/EF015L-13_S129_L001_R1_001.fastq.gz C:/Users/tsto3616/Lessons-learnt-amplicon-metabarcoding/Nemabiome_sequences/EF015L-13_S129_L001_R2_001.fastq.gz
Processing paired-end reads on 1 core ...
Finished in 2.64 s (65 µs/read; 0.92 M reads/minute).

=== Summary ===

Total read pairs processed:             40,719
  Read 1 with adapter:                  40,608 (99.7%)
  Read 2 with adapter:                  39,770 (97.7%)

== Read fate breakdown ==
Pairs discarded as untrimmed:              973 (2.4%)
Pairs written (passing filters):        39,746 (97.6%)

Total basepairs processed:    20,274,374 bp
  Read 1:    10,136,200 bp
  Read 2:    10,138,174 bp
Total written (filtered):     17,036,158 bp (84.0%)
  Read 1:     9,057,793 bp
  Read 2:     7,978,365 bp

=== First read: Adapter 1 ===

Sequence: ACGTCTGGTTCAGGGTTGTT; Type: regular 5'; Length: 20; Trimmed: 40606 times

Minimum overlap: 3
No. of allowed errors:
1-9 bp: 0; 10-19 bp: 1; 20 bp: 2

Overview of removed sequences
length	count	expect	max.err	error counts
12	1	0.0	1	1
13	1	0.0	1	1
15	2	0.0	1	2
17	1	0.0	1	1
18	12	0.0	1	0 4 8
19	178	0.0	1	41 132 5
20	14222	0.0	2	13888 317 17
21	10445	0.0	2	10177 258 10
22	6871	0.0	2	6642 227 2
23	8847	0.0	2	8640 203 4
24	26	0.0	2	15 11


=== First read: Adapter 2 ===

Sequence: TACCCGCTGAACTTAAGCAT; Type: regular 3'; Length: 20; Trimmed: 25 times

Minimum overlap: 3
No. of allowed errors:
1-9 bp: 0; 10-19 bp: 1; 20 bp: 2

Bases preceding removed adapters:
  A: 16.0%
  C: 32.0%
  G: 4.0%
  T: 48.0%
  none/other: 0.0%

Overview of removed sequences
length	count	expect	max.err	error counts
3	13	636.2	0	13
4	1	159.1	0	1
6	1	9.9	0	1
10	2	0.0	1	2
11	1	0.0	1	1
47	3	0.0	2	3
48	2	0.0	2	2
49	1	0.0	2	1
50	1	0.0	2	1


=== Second read: Adapter 3 ===

Sequence: ATGCTTAAGTTCAGCGGGTA; Type: regular 5'; Length: 20; Trimmed: 39410 times

Minimum overlap: 3
No. of allowed errors:
1-9 bp: 0; 10-19 bp: 1; 20 bp: 2

Overview of removed sequences
length	count	expect	max.err	error counts
3	11	636.2	0	11
6	2	9.9	0	2
20	2	0.0	2	1 0 1
21	2	0.0	2	2
23	1	0.0	2	0 1
38	1	0.0	2	1
41	1	0.0	2	1
42	2	0.0	2	2
43	2	0.0	2	2
44	3	0.0	2	2 1
45	2	0.0	2	2
46	67	0.0	2	41 23 3
47	8585	0.0	2	7770 728 87
48	10456	0.0	2	9397 954 105
49	9940	0.0	2	8990 840 110
50	10225	0.0	2	9269 858 98
51	26	0.0	2	24 2
77	3	0.0	2	0 1 2
80	1	0.0	2	0 0 1
81	2	0.0	2	0 0 2
82	3	0.0	2	0 1 2
84	2	0.0	2	0 0 2
85	1	0.0	2	0 0 1
86	3	0.0	2	0 0 3
87	6	0.0	2	2 2 2
88	17	0.0	2	5 3 9
89	12	0.0	2	2 3 7
90	11	0.0	2	1 4 6
91	7	0.0	2	0 3 4
92	5	0.0	2	0 2 3
93	6	0.0	2	1 3 2
94	3	0.0	2	0 2 1


=== Second read: Adapter 4 ===

Sequence: AACAACCCTGAACCAGACGT; Type: regular 3'; Length: 20; Trimmed: 495 times

Minimum overlap: 3
No. of allowed errors:
1-9 bp: 0; 10-19 bp: 1; 20 bp: 2

Bases preceding removed adapters:
  A: 45.7%
  C: 6.9%
  G: 42.6%
  T: 4.8%
  none/other: 0.0%

Overview of removed sequences
length	count	expect	max.err	error counts
3	8	636.2	0	8
4	125	159.1	0	125
5	21	39.8	0	21
19	2	0.0	1	1 1
20	119	0.0	2	115 3 1
21	93	0.0	2	84 7 2
22	47	0.0	2	45 2
23	56	0.0	2	49 7
77	1	0.0	2	0 0 1
163	2	0.0	2	1 0 1
170	1	0.0	2	1
208	1	0.0	2	0 1
209	1	0.0	2	1
215	1	0.0	2	1
216	1	0.0	2	1
218	1	0.0	2	1
219	4	0.0	2	3 1
220	2	0.0	2	1 1
221	1	0.0	2	1
222	3	0.0	2	1 1 1
223	1	0.0	2	0 0 1
224	3	0.0	2	3
227	1	0.0	2	0 0 1
